Log file open, 06/29/17 18:59:17
LogInit:Display: Running engine for game: UE4SummerGameJam
LogPlatformFile: Not using cached read wrapper
LogInit:Display: RandInit(-1393775994) SRandInit(-1393775993).
LogTaskGraph: Started task graph with 5 named threads and 8 total threads with 1 sets of task threads.
LogStats: Stats thread started at 0.092512
LogInit: Using libcurl 7.47.1
LogInit:  - built for x86_64-pc-win32
LogInit:  - supports SSL with OpenSSL/1.0.2g
LogInit:  - supports HTTP deflate (compression) using libz 1.2.8
LogInit:  - other features:
LogInit:      CURL_VERSION_SSL
LogInit:      CURL_VERSION_LIBZ
LogInit:      CURL_VERSION_IPV6
LogInit:      CURL_VERSION_ASYNCHDNS
LogInit:      CURL_VERSION_LARGEFILE
LogInit:      CURL_VERSION_IDN
LogInit:  CurlRequestOptions (configurable via config and command line):
LogInit:  - bVerifyPeer = false  - Libcurl will NOT verify peer certificate
LogInit:  - bUseHttpProxy = false  - Libcurl will NOT use HTTP proxy
LogInit:  - bDontReuseConnections = false  - Libcurl will reuse connections
LogInit:  - CertBundlePath = nullptr  - Libcurl will use whatever was configured at build time.
LogInit: Build: ++UE4+Release-4.16-CL-3514769
LogInit: Engine Version: 4.16.2-3514769+++UE4+Release-4.16
LogInit: Compatible Engine Version: 4.16.0-3452394+++UE4+Release-4.16
LogInit: Net CL: 3452394
LogDevObjectVersion: Number of dev versions registered: 16
LogDevObjectVersion:   Dev-Blueprints (B0D832E4-1F89-4F0D-ACCF-7EB736FD4AA2): 9
LogDevObjectVersion:   Dev-Build (E1C64328-A22C-4D53-A36C-8E866417BD8C): 0
LogDevObjectVersion:   Dev-Core (375EC13C-06E4-48FB-B500-84F0262A717E): 2
LogDevObjectVersion:   Dev-Editor (E4B068ED-F494-42E9-A231-DA0B2E46BB41): 17
LogDevObjectVersion:   Dev-Framework (CFFC743F-43B0-4480-9391-14DF171D2073): 23
LogDevObjectVersion:   Dev-Mobile (B02B49B5-BB20-44E9-A304-32B752E40360): 0
LogDevObjectVersion:   Dev-Networking (A4E4105C-59A1-49B5-A7C5-40C4547EDFEE): 0
LogDevObjectVersion:   Dev-Online (39C831C9-5AE6-47DC-9A44-9C173E1C8E7C): 0
LogDevObjectVersion:   Dev-Physics (78F01B33-EBEA-4F98-B9B4-84EACCB95AA2): 0
LogDevObjectVersion:   Dev-Platform (6631380F-2D4D-43E0-8009-CF276956A95A): 0
LogDevObjectVersion:   Dev-Rendering (12F88B9F-8875-4AFC-A67C-D90C383ABD29): 15
LogDevObjectVersion:   Dev-Sequencer (7B5AE74C-D270-4C10-A958-57980B212A5A): 4
LogDevObjectVersion:   Dev-VR (D7296918-1DD6-4BDD-9DE2-64A83CC13884): 0
LogDevObjectVersion:   Dev-LoadTimes (C2A15278-BFE7-4AFE-6C17-90FF531DF755): 1
LogDevObjectVersion:   Private-Geometry (6EACA3D4-40EC-4CC1-B786-8BED09428FC5): 1
LogDevObjectVersion:   Dev-AnimPhys (29E575DD-E0A3-4627-9D10-D276232CDCEA): 3
LogInit: Compiled (64-bit): Jun 29 2017 02:03:24
LogInit: Compiled with Visual C++: 19.00.24215.01
LogInit: Build Configuration: Development
LogInit: Branch Name: ++UE4+Release-4.16
LogInit: Command line:  
LogInit: Base directory: C:/Program Files/Epic Games/UE_4.16/Engine/Binaries/Win64/
LogInit: Installed Engine Build: 1
LogInit: Presizing for max 8388607 objects, including 0 objects not considered by GC, pre-allocating 0 bytes for permanent pool.
LogInit: Object subsystem initialized
[2017.06.30-00.59.18:276][  0]LogInit: Selected Device Profile: [Windows]
[2017.06.30-00.59.18:276][  0]LogInit: Applying CVar settings loaded from the selected device profile: [Windows]
[2017.06.30-00.59.18:285][  0]LogInit: Computer: eae-d-034
[2017.06.30-00.59.18:285][  0]LogInit: User: EAEesports
[2017.06.30-00.59.18:285][  0]LogInit: CPU Page size=4096, Cores=4
[2017.06.30-00.59.18:285][  0]LogInit: High frequency timer resolution =3.513587 MHz
[2017.06.30-00.59.18:285][  0]LogMemory: Memory total: Physical=31.9GB (32GB approx)
[2017.06.30-00.59.18:286][  0]LogMemory: Platform Memory Stats for Windows
[2017.06.30-00.59.18:286][  0]LogMemory: Process Physical Memory: 273.86 MB used, 273.86 MB peak
[2017.06.30-00.59.18:286][  0]LogMemory: Process Virtual Memory: 261.20 MB used, 261.20 MB peak
[2017.06.30-00.59.18:286][  0]LogMemory: Physical Memory: 10612.52 MB used,  22032.12 MB free, 32644.64 MB total
[2017.06.30-00.59.18:286][  0]LogMemory: Virtual Memory: 638.64 MB used,  22032.12 MB free, 134217728.00 MB total
[2017.06.30-00.59.18:346][  0]LogInit: Using OS detected language (en-US).
[2017.06.30-00.59.18:346][  0]LogInit: Using OS detected locale (en-US).
[2017.06.30-00.59.18:348][  0]LogTextLocalizationManager: No specific localization for 'en-US' exists, so the 'en' localization will be used.
[2017.06.30-00.59.19:129][  0]LogD3D11RHI: D3D11 adapters:
[2017.06.30-00.59.19:159][  0]LogD3D11RHI:    0. 'NVIDIA GeForce GTX 970' (Feature Level 11_0)
[2017.06.30-00.59.19:159][  0]LogD3D11RHI:       4059/0/16322 MB DedicatedVideo/DedicatedSystem/SharedSystem, Outputs:1, VendorId:0x10de
[2017.06.30-00.59.19:164][  0]LogD3D11RHI:    1. 'Intel(R) HD Graphics 4600' (Feature Level 11_0)
[2017.06.30-00.59.19:164][  0]LogD3D11RHI:       112/0/2048 MB DedicatedVideo/DedicatedSystem/SharedSystem, Outputs:0, VendorId:0x8086
[2017.06.30-00.59.19:166][  0]LogD3D11RHI:    2. 'Microsoft Basic Render Driver' (Feature Level 11_0)
[2017.06.30-00.59.19:166][  0]LogD3D11RHI:       0/0/16322 MB DedicatedVideo/DedicatedSystem/SharedSystem, Outputs:0, VendorId:0x1414
[2017.06.30-00.59.19:166][  0]LogD3D11RHI: Chosen D3D11 Adapter: 0
[2017.06.30-00.59.19:171][  0]LogD3D11RHI: Creating new Direct3DDevice
[2017.06.30-00.59.19:171][  0]LogD3D11RHI:     GPU DeviceId: 0x13c2 (for the marketing name, search the web for "GPU Device Id")
[2017.06.30-00.59.19:171][  0]LogWindows: EnumDisplayDevices:
[2017.06.30-00.59.19:171][  0]LogWindows:    0. 'NVIDIA GeForce GTX 970' (P:1 D:1)
[2017.06.30-00.59.19:171][  0]LogWindows:    1. 'NVIDIA GeForce GTX 970' (P:0 D:0)
[2017.06.30-00.59.19:172][  0]LogWindows:    2. 'NVIDIA GeForce GTX 970' (P:0 D:0)
[2017.06.30-00.59.19:172][  0]LogWindows:    3. 'NVIDIA GeForce GTX 970' (P:0 D:0)
[2017.06.30-00.59.19:172][  0]LogWindows:    4. 'Intel(R) HD Graphics 4600' (P:0 D:0)
[2017.06.30-00.59.19:172][  0]LogWindows:    5. 'Intel(R) HD Graphics 4600' (P:0 D:0)
[2017.06.30-00.59.19:172][  0]LogWindows:    6. 'Intel(R) HD Graphics 4600' (P:0 D:0)
[2017.06.30-00.59.19:172][  0]LogWindows: DebugString: PrimaryIsNotTheChoosenAdapter PrimaryIsNotTheChoosenAdapter PrimaryIsNotTheChoosenAdapter FoundDriverCount:4 
[2017.06.30-00.59.19:172][  0]LogD3D11RHI:     Adapter Name: NVIDIA GeForce GTX 970
[2017.06.30-00.59.19:172][  0]LogD3D11RHI:   Driver Version: 378.92 (internal:21.21.13.7892, unified:378.92)
[2017.06.30-00.59.19:172][  0]LogD3D11RHI:      Driver Date: 3-16-2017
[2017.06.30-00.59.19:172][  0]LogRHI: Texture pool is 1361 MB (70% of 1945 MB)
[2017.06.30-00.59.19:185][  0]LogD3D11RHI: Async texture creation enabled
[2017.06.30-00.59.19:195][  0]LogD3D11RHI: GPU Timing Frequency: 1000.000000 (Debug: 2 1)
[2017.06.30-00.59.19:196][  0]LogD3D11RHI: HDR output is supported on display 0 (NvId: 0x80061081).
[2017.06.30-00.59.19:196][  0]LogShaderCompilers: Guid format shader working directory is -27 characters bigger than the processId version (../../../../../../Users/EAE-esports/Documents/Unreal Projects/UE4SummerGameJam/Intermediate/Shaders/WorkingDirectory/13752/).
[2017.06.30-00.59.19:196][  0]LogShaderCompilers: Cleaned the shader compiler working directory 'C:/Users/EAE-esports/AppData/Local/Temp/UnrealShaderWorkingDir/2451D99D49FAA4C5EB40D996B53F581B/'.
[2017.06.30-00.59.19:196][  0]LogShaderCompilers:Display: Using Local Shader Compiler.
[2017.06.30-00.59.20:061][  0]LogTemp:Display: Loaded TP AllDesktopTargetPlatform
[2017.06.30-00.59.20:103][  0]LogTemp:Display: Loaded TP MacClientTargetPlatform
[2017.06.30-00.59.20:144][  0]LogTemp:Display: Loaded TP MacNoEditorTargetPlatform
[2017.06.30-00.59.20:186][  0]LogTemp:Display: Loaded TP MacServerTargetPlatform
[2017.06.30-00.59.20:227][  0]LogTemp:Display: Loaded TP MacTargetPlatform
[2017.06.30-00.59.20:269][  0]LogTemp:Display: Loaded TP WindowsClientTargetPlatform
[2017.06.30-00.59.20:311][  0]LogTemp:Display: Loaded TP WindowsNoEditorTargetPlatform
[2017.06.30-00.59.20:352][  0]LogTemp:Display: Loaded TP WindowsServerTargetPlatform
[2017.06.30-00.59.20:389][  0]LogTemp:Display: Loaded TP WindowsTargetPlatform
[2017.06.30-00.59.20:430][  0]LogTemp:Display: Loaded TP AndroidTargetPlatform
[2017.06.30-00.59.20:470][  0]LogTemp:Display: Loaded TP Android_ASTCTargetPlatform
[2017.06.30-00.59.20:511][  0]LogTemp:Display: Loaded TP Android_ATCTargetPlatform
[2017.06.30-00.59.20:552][  0]LogTemp:Display: Loaded TP Android_DXTTargetPlatform
[2017.06.30-00.59.20:593][  0]LogTemp:Display: Loaded TP Android_ETC1TargetPlatform
[2017.06.30-00.59.20:633][  0]LogTemp:Display: Loaded TP Android_ETC2TargetPlatform
[2017.06.30-00.59.20:714][  0]LogTemp:Display: Loaded TP Android_MultiTargetPlatform
[2017.06.30-00.59.20:714][  0]LogTemp:Display: Loaded TP Android_PVRTCTargetPlatform
[2017.06.30-00.59.20:746][  0]LogTemp:Display: Loaded TP HTML5TargetPlatform
[2017.06.30-00.59.20:827][  0]LogTemp:Display: Loaded TP IOSTargetPlatform
[2017.06.30-00.59.20:852][  0]LogTemp:Display: Loaded TP TVOSTargetPlatform
[2017.06.30-00.59.20:893][  0]LogTemp:Display: Loaded TP LinuxClientTargetPlatform
[2017.06.30-00.59.20:933][  0]LogTemp:Display: Loaded TP LinuxNoEditorTargetPlatform
[2017.06.30-00.59.20:973][  0]LogTemp:Display: Loaded TP LinuxServerTargetPlatform
[2017.06.30-00.59.21:013][  0]LogTemp:Display: Loaded TP LinuxTargetPlatform
[2017.06.30-00.59.21:013][  0]LogTargetPlatformManager:Display: Building Assets For Windows
[2017.06.30-00.59.21:428][  0]LogDerivedDataCache:Display: Max Cache Size: 512 MB
[2017.06.30-00.59.21:512][  0]LogDerivedDataCache: Loaded boot cache 0.08s 90MB C:/Users/EAE-esports/AppData/Local/UnrealEngine/4.16/DerivedDataCache/Boot.ddc.
[2017.06.30-00.59.21:512][  0]LogDerivedDataCache:Display: Loaded Boot cache: C:/Users/EAE-esports/AppData/Local/UnrealEngine/4.16/DerivedDataCache/Boot.ddc
[2017.06.30-00.59.21:512][  0]LogDerivedDataCache: FDerivedDataBackendGraph:  Pak pak cache file ../../../../../../Users/EAE-esports/Documents/Unreal Projects/UE4SummerGameJam/DerivedDataCache/DDC.ddp not found, will not use a pak cache.
[2017.06.30-00.59.21:512][  0]LogDerivedDataCache: Unable to find inner node Pak for hierarchical cache Hierarchy.
[2017.06.30-00.59.21:512][  0]LogDerivedDataCache: FDerivedDataBackendGraph:  CompressedPak pak cache file ../../../../../../Users/EAE-esports/Documents/Unreal Projects/UE4SummerGameJam/DerivedDataCache/Compressed.ddp not found, will not use a pak cache.
[2017.06.30-00.59.21:512][  0]LogDerivedDataCache: Unable to find inner node CompressedPak for hierarchical cache Hierarchy.
[2017.06.30-00.59.21:527][  0]LogDerivedDataCache:Display: Pak cache opened for reading ../../../Engine/DerivedDataCache/Compressed.ddp.
[2017.06.30-00.59.21:539][  0]LogDerivedDataCache: Using Local data cache path C:/Users/EAE-esports/AppData/Local/UnrealEngine/Common/DerivedDataCache: Writable
[2017.06.30-00.59.21:548][  0]LogMaterial: Verifying Global Shaders for PCD3D_SM5
[2017.06.30-00.59.21:548][  0]LogSlate: Using Freetype 2.6.0
[2017.06.30-00.59.21:548][  0]LogSlate: SlateFontCache - WITH_FREETYPE: 1, WITH_HARFBUZZ: 1
[2017.06.30-00.59.21:548][  0]LogSlate: SlateFontCache - WITH_FREETYPE: 1, WITH_HARFBUZZ: 1
[2017.06.30-00.59.21:816][  0]LogInit: Selected Device Profile: [Windows]
[2017.06.30-00.59.21:881][  0]LogContentStreaming: Texture pool size is 0.00 MB
[2017.06.30-00.59.22:016][  0]LogMeshUtilities: Using QuadricMeshReduction for automatic static mesh reduction
[2017.06.30-00.59.22:051][  0]LogSimplygon: Simplygon DLL not present - disabling.
[2017.06.30-00.59.22:090][  0]LogMeshUtilities: Using SimplygonSwarm for distributed automatic mesh merging
[2017.06.30-00.59.22:090][  0]LogMeshUtilities: No automatic skeletal mesh reduction module available
[2017.06.30-00.59.22:090][  0]LogMeshUtilities: No automatic mesh merging module available
[2017.06.30-00.59.22:550][  0]LogNetVersion: UE4SummerGameJam , NetCL: 3452394, EngineNetVer: 2, GameNetVer: 0 (Checksum: 4194117113)
[2017.06.30-00.59.22:606][  0]LogAssetRegistry: FAssetRegistry took 0.0251 seconds to start up
[2017.06.30-00.59.22:660][  0]LogPackageLocalizationCache: Processed 4 localized package path(s) for 2 prioritized culture(s) in 0.031744 seconds
[2017.06.30-00.59.22:665][  0]LogUObjectArray: 34194 objects as part of root set at end of initial load.
[2017.06.30-00.59.22:665][  0]LogUObjectAllocator: 7260424 out of 0 bytes used by permanent object pool.
[2017.06.30-00.59.22:665][  0]LogUObjectArray: CloseDisregardForGC: 0/0 objects in disregard for GC pool
[2017.06.30-00.59.22:722][  0]LogInit: WinSock: version 1.1 (2.2), MaxSocks=32767, MaxUdp=65467
[2017.06.30-00.59.24:694][  0]LogTcpMessaging: Initializing TcpMessaging bridge
[2017.06.30-00.59.24:730][  0]LogUdpMessaging: Initializing bridge on interface 0.0.0.0:0 to multicast group 230.0.0.1:6666.
[2017.06.30-00.59.25:180][  0]LogMaterial: Uniform references updated for custom material expression Custom.
[2017.06.30-00.59.25:510][  0]SourceControl: Info Source control is disabled
[2017.06.30-00.59.25:540][  0]SourceControl: Info Source control is disabled
[2017.06.30-00.59.25:581][  0]SourceControl: Info Source control is disabled
[2017.06.30-00.59.25:620][  0]SourceControl: Info Source control is disabled
[2017.06.30-00.59.26:189][  0]LogAndroidPermission: UAndroidPermissionCallbackProxy::GetInstance
[2017.06.30-00.59.26:692][  0]LogEngine: Initializing Engine...
[2017.06.30-00.59.26:692][  0]LogHMD: Failed to initialize OpenVR with code 110
[2017.06.30-00.59.26:862][  0]LogStats: UGameplayTagsManager::ConstructGameplayTagTree: Construct from data asset -  0.000 s
[2017.06.30-00.59.26:862][  0]LogStats: UGameplayTagsManager::ConstructGameplayTagTree: GameplayTagTreeChangedEvent.Broadcast -  0.000 s
[2017.06.30-00.59.26:969][  0]LogAIModule: Creating AISystem for world Untitled
[2017.06.30-00.59.26:979][  0]LogInit: XAudio2 using 'Speakers (3- High Definition Audio Device)' : 2 channels at 44.1 kHz using 16 bits per sample (channel mask 0x3)
[2017.06.30-00.59.26:996][  0]LogInit: FAudioDevice initialized.
[2017.06.30-00.59.27:035][  0]LogDerivedDataCache: Saved boot cache 0.04s 90MB C:/Users/EAE-esports/AppData/Local/UnrealEngine/4.16/DerivedDataCache/Boot.ddc.
[2017.06.30-00.59.27:043][  0]LogInit: Texture streaming: Enabled
[2017.06.30-00.59.27:126][  0]LogEngineSessionManager: EngineSessionManager initialized
[2017.06.30-00.59.27:308][  0]LogInit: Transaction tracking system initialized
[2017.06.30-00.59.27:567][  0]BlueprintLog: New page: Editor Load
[2017.06.30-00.59.28:359][  0]LocalizationService: Info Localization service is disabled
[2017.06.30-00.59.28:930][  0]LogConsoleResponse:Display: 
[2017.06.30-00.59.29:047][  0]LogCook:Display: Max memory allowance for cook 16384mb min free memory 0mb
[2017.06.30-00.59.29:047][  0]LogCook:Display: Mobile HDR setting 1
[2017.06.30-00.59.29:874][  0]LogFileCache: Scanning file cache for directory 'C:/Users/EAE-esports/Documents/Unreal Projects/UE4SummerGameJam/Content/' took 0.01s
[2017.06.30-00.59.29:914][  0]SourceControl: Info Source control is disabled
[2017.06.30-00.59.29:914][  0]Cmd: MAP LOAD FILE="../../../../../../Users/EAE-esports/Documents/Unreal Projects/UE4SummerGameJam/Content/StarterContent/Maps/Minimal_Default.umap" TEMPLATE=0 SHOWPROGRESS=1 FEATURELEVEL=3
[2017.06.30-00.59.29:915][  0]LightingResults: New page: Lighting Build
[2017.06.30-00.59.29:950][  0]MapCheck: New page: Map Check
[2017.06.30-00.59.29:950][  0]LightingResults: New page: Lighting Build
[2017.06.30-00.59.30:141][  0]LogAIModule: Creating AISystem for world Minimal_Default
[2017.06.30-00.59.30:144][  0]LogEditorServer: Finished looking for orphan Actors (0.000 secs)
[2017.06.30-00.59.30:164][  0]Cmd: MAP CHECKDEP NOCLEARLOG
[2017.06.30-00.59.30:202][  0]MapCheck: Info Map check complete: 0 Error(s), 0 Warning(s), took 38.796ms to complete.
[2017.06.30-00.59.30:202][  0]LogFileHelpers: Loading map 'Minimal_Default' took 0.288
[2017.06.30-00.59.30:265][  0]LogWindowsTextInputMethodSystem:Display: IME system now deactivated.
[2017.06.30-00.59.30:331][  0]LogCollectionManager: Loaded 0 collections in 0.001699 seconds
[2017.06.30-00.59.30:403][  0]LogFileCache: Scanning file cache for directory 'C:/Users/EAE-esports/Documents/Unreal Projects/UE4SummerGameJam/Saved/Collections/' took 0.01s
[2017.06.30-00.59.30:404][  0]LogFileCache: Scanning file cache for directory 'C:/Users/EAE-esports/Documents/Unreal Projects/UE4SummerGameJam/Content/Developers/EAEesports/Collections/' took 0.01s
[2017.06.30-00.59.30:404][  0]LogFileCache: Scanning file cache for directory 'C:/Users/EAE-esports/Documents/Unreal Projects/UE4SummerGameJam/Content/Collections/' took 0.01s
[2017.06.30-00.59.30:404][  0]LogCollectionManager: Rebuilt the GUID cache for 0 collections in 0.000001 seconds
[2017.06.30-00.59.30:412][  0]LogContentBrowser: Native class hierarchy populated in 0.0081 seconds. Added 2329 classes and 491 folders.
[2017.06.30-00.59.30:469][  0]LogContentBrowser: Native class hierarchy updated for 'WidgetCarousel' in 0.0005 seconds. Added 0 classes and 0 folders.
[2017.06.30-00.59.30:502][  0]LogContentBrowser: Native class hierarchy updated for 'AddContentDialog' in 0.0005 seconds. Added 0 classes and 0 folders.
[2017.06.30-00.59.30:541][  0]LogContentBrowser: Native class hierarchy updated for 'SceneOutliner' in 0.0005 seconds. Added 1 classes and 2 folders.
[2017.06.30-00.59.30:578][  0]LogCrashTracker: Crashtracker disabled due to settings.
[2017.06.30-00.59.30:582][  0]LogSlate: Took 0.000173 seconds to synchronously load lazily loaded font '../../../Engine/Content/Slate/Fonts/Roboto-Regular.ttf' (155K)
[2017.06.30-00.59.30:584][  0]LogSlate: Took 0.000184 seconds to synchronously load lazily loaded font '../../../Engine/Content/Slate/Fonts/Roboto-Bold.ttf' (160K)
[2017.06.30-00.59.30:588][  0]LogSlate: Took 0.000165 seconds to synchronously load lazily loaded font '../../../Engine/Content/Editor/Slate/Fonts/FontAwesome.ttf' (139K)
[2017.06.30-00.59.30:669][  0]LogRenderer: Reallocating scene render targets to support 1208x576 NumSamples 1 (Frame:1).
[2017.06.30-00.59.30:798][  0]LogUObjectGlobals:Warning: Failed to find object 'Class None.'
[2017.06.30-00.59.30:859][  0]LogContentBrowser: Native class hierarchy updated for 'HierarchicalLODOutliner' in 0.0005 seconds. Added 1 classes and 2 folders.
[2017.06.30-00.59.30:859][  0]LogLoad: (Engine Initialization) Total time: 14.00 seconds
[2017.06.30-00.59.30:859][  0]LogLoad: (Engine Initialization) Total Blueprint compile time: 0.08 seconds
[2017.06.30-00.59.30:859][  0]LogExternalProfiler: Found external profiler: VSPerf
[2017.06.30-00.59.30:859][  0]LogExternalProfiler: Using external profiler: VSPerf
[2017.06.30-00.59.30:868][  0]LogOcInput: OculusInput pre-init called
[2017.06.30-00.59.30:868][  0]LogHMD: Starting GearVRController plugin
[2017.06.30-00.59.30:883][  0]LogAssetRegistry: Asset discovery search completed in 8.2983 seconds
[2017.06.30-00.59.30:884][  0]LogCollectionManager: Rebuilt the object cache for 0 collections in 0.000001 seconds (found 0 objects)
[2017.06.30-00.59.30:884][  0]LogCollectionManager: Fixed up redirectors for 0 collections in 0.000023 seconds (updated 0 objects)
[2017.06.30-00.59.30:887][  0]LogContentStreaming: Texture pool size now 1000 MB
[2017.06.30-00.59.30:926][  0]LogSlate: Took 0.000124 seconds to synchronously load lazily loaded font '../../../Engine/Content/Slate/Fonts/Roboto-Light.ttf' (159K)
[2017.06.30-00.59.31:885][102]LogSlate: Took 0.000200 seconds to synchronously load lazily loaded font '../../../Engine/Content/Slate/Fonts/Roboto-Light.ttf' (159K)
[2017.06.30-00.59.34:552][421]LogTemp: Repeting last play command: Selected Viewport
[2017.06.30-00.59.34:582][421]LogBlueprintUserMessages: Early PlayInEditor Detection: Level '/Game/StarterContent/Maps/Minimal_Default.Minimal_Default:PersistentLevel' has LevelScriptBlueprint '/Game/StarterContent/Maps/Minimal_Default.Minimal_Default:PersistentLevel.Minimal_Default' with GeneratedClass '/Game/StarterContent/Maps/Minimal_Default.Minimal_Default_C' with ClassGeneratedBy '/Game/StarterContent/Maps/Minimal_Default.Minimal_Default:PersistentLevel.Minimal_Default'
[2017.06.30-00.59.34:582][421]LogPlayLevel: PlayLevel: No blueprints needed recompiling
[2017.06.30-00.59.34:582][421]PIE: New page: PIE session: Minimal_Default (Jun 29, 2017, 12:59:34 PM)
[2017.06.30-00.59.34:583][421]LogPlayLevel: Creating play world package: /Game/StarterContent/Maps/UEDPIE_0_Minimal_Default
[2017.06.30-00.59.34:589][421]LogPlayLevel: PIE: StaticDuplicateObject took: (0.006457s)
[2017.06.30-00.59.34:590][421]LogAIModule: Creating AISystem for world Minimal_Default
[2017.06.30-00.59.34:590][421]LogPlayLevel: PIE: World Init took: (0.000810s)
[2017.06.30-00.59.34:590][421]LogPlayLevel: PIE: Created PIE world by copying editor world from /Game/StarterContent/Maps/Minimal_Default.Minimal_Default to /Game/StarterContent/Maps/UEDPIE_0_Minimal_Default.Minimal_Default (0.007510s)
[2017.06.30-00.59.34:605][421]LogInit: XAudio2 using 'Speakers (3- High Definition Audio Device)' : 2 channels at 44.1 kHz using 16 bits per sample (channel mask 0x3)
[2017.06.30-00.59.34:611][421]LogInit: FAudioDevice initialized.
[2017.06.30-00.59.34:654][421]LogLoad: Game class is 'GameModeBase'
[2017.06.30-00.59.34:657][421]LogWorld: Bringing World /Game/StarterContent/Maps/UEDPIE_0_Minimal_Default.Minimal_Default up for play (max tick rate 0) at 2017.06.29-18.59.34
[2017.06.30-00.59.34:657][421]LogWorld: Bringing up level for play took: 0.000961
[2017.06.30-00.59.34:693][421]LogContentBrowser: Native class hierarchy updated for 'MovieSceneCapture' in 0.0005 seconds. Added 11 classes and 0 folders.
[2017.06.30-00.59.34:695][421]PIE: Info Play in editor start time for /Game/StarterContent/Maps/UEDPIE_0_Minimal_Default 0.196
[2017.06.30-00.59.34:695][421]LogBlueprintUserMessages: Late PlayInEditor Detection: Level '/Game/StarterContent/Maps/Minimal_Default.Minimal_Default:PersistentLevel' has LevelScriptBlueprint '/Game/StarterContent/Maps/Minimal_Default.Minimal_Default:PersistentLevel.Minimal_Default' with GeneratedClass '/Game/StarterContent/Maps/Minimal_Default.Minimal_Default_C' with ClassGeneratedBy '/Game/StarterContent/Maps/Minimal_Default.Minimal_Default:PersistentLevel.Minimal_Default'
[2017.06.30-00.59.35:933][558]LogPackageName: SearchForPackageOnDisk took   0.067s, but failed to resolve None.umap.
[2017.06.30-00.59.36:000][558]LogPackageName: SearchForPackageOnDisk took   0.066s, but failed to resolve None.umap.
[2017.06.30-00.59.36:000][558]LogNet: Browse: /Game/StarterContent/Maps/Minimal_Default
[2017.06.30-00.59.36:000][558]LogNet:Warning: Travel Failure: [InvalidURL]: Invalid URL: /Game/StarterContent/Maps/Minimal_Default
[2017.06.30-00.59.36:000][558]LogNet:Warning: TravelFailure: InvalidURL, Reason for Failure: 'Invalid URL: /Game/StarterContent/Maps/Minimal_Default'. Shutting down PIE.
[2017.06.30-00.59.36:001][558]PIE:Warning: Warning TravelFailure: InvalidURL, Reason for Failure: 'Invalid URL: /Game/StarterContent/Maps/Minimal_Default'. Shutting down PIE.
[2017.06.30-00.59.36:001][558]LogNet:Warning: Travel Failure: [ClientTravelFailure]: Invalid URL: /Game/StarterContent/Maps/Minimal_Default
[2017.06.30-00.59.36:001][558]LogNet:Warning: TravelFailure: ClientTravelFailure, Reason for Failure: 'Invalid URL: /Game/StarterContent/Maps/Minimal_Default'. Shutting down PIE.
[2017.06.30-00.59.36:001][558]PIE:Warning: Warning TravelFailure: ClientTravelFailure, Reason for Failure: 'Invalid URL: /Game/StarterContent/Maps/Minimal_Default'. Shutting down PIE.
[2017.06.30-00.59.36:001][558]LogBlueprintUserMessages: Early EndPlayMap Detection: Level '/Game/StarterContent/Maps/Minimal_Default.Minimal_Default:PersistentLevel' has LevelScriptBlueprint '/Game/StarterContent/Maps/Minimal_Default.Minimal_Default:PersistentLevel.Minimal_Default' with GeneratedClass '/Game/StarterContent/Maps/Minimal_Default.Minimal_Default_C' with ClassGeneratedBy '/Game/StarterContent/Maps/Minimal_Default.Minimal_Default:PersistentLevel.Minimal_Default'
[2017.06.30-00.59.36:031][558]LogBlueprintUserMessages: Late EndPlayMap Detection: Level '/Game/StarterContent/Maps/Minimal_Default.Minimal_Default:PersistentLevel' has LevelScriptBlueprint '/Game/StarterContent/Maps/Minimal_Default.Minimal_Default:PersistentLevel.Minimal_Default' with GeneratedClass '/Game/StarterContent/Maps/Minimal_Default.Minimal_Default_C' with ClassGeneratedBy '/Game/StarterContent/Maps/Minimal_Default.Minimal_Default:PersistentLevel.Minimal_Default'
[2017.06.30-00.59.52:183][491]LogSlate: Took 0.000125 seconds to synchronously load lazily loaded font '../../../Engine/Content/Slate/Fonts/Roboto-Light.ttf' (159K)
[2017.06.30-00.59.52:284][491]LogSavePackage: Save=82.48ms
[2017.06.30-00.59.52:284][491]LogSavePackage: Moving '../../../../../../Users/EAE-esports/Documents/Unreal Projects/UE4SummerGameJam/Saved/Minimal_DefaultA0EF2D43416994905674089FFFAD55DE.tmp' to '../../../../../../Users/EAE-esports/Documents/Unreal Projects/UE4SummerGameJam/Content/StarterContent/Maps/Minimal_Default.umap'
[2017.06.30-00.59.52:286][491]LogSavePackage:Display: Finished SavePackage ../../../../../../Users/EAE-esports/Documents/Unreal Projects/UE4SummerGameJam/Content/StarterContent/Maps/Minimal_Default.umap
[2017.06.30-00.59.52:361][491]LogSavePackage: Save=38.37ms
[2017.06.30-00.59.52:361][491]LogSavePackage: Moving '../../../../../../Users/EAE-esports/Documents/Unreal Projects/UE4SummerGameJam/Saved/Minimal_Default_BuiltDataD3E7ED5E47E3BB961698EEB004C9D917.tmp' to '../../../../../../Users/EAE-esports/Documents/Unreal Projects/UE4SummerGameJam/Content/StarterContent/Maps/Minimal_Default_BuiltData.uasset'
[2017.06.30-00.59.52:362][491]LogSavePackage:Display: Finished SavePackage ../../../../../../Users/EAE-esports/Documents/Unreal Projects/UE4SummerGameJam/Content/StarterContent/Maps/Minimal_Default_BuiltData.uasset
[2017.06.30-01.01.07:685][438]LogContentBrowser: Native class hierarchy updated for 'BlueprintGraph' in 0.0009 seconds. Added 112 classes and 0 folders.
[2017.06.30-01.01.08:212][438]LogSlate: Took 0.000213 seconds to synchronously load lazily loaded font '../../../Engine/Content/Editor/Slate/Fonts/Roboto-BoldCondensed.ttf' (158K)
[2017.06.30-01.01.10:647][618]LogSlate: Took 0.000146 seconds to synchronously load lazily loaded font '../../../Engine/Content/Editor/Slate/Fonts/Roboto-Italic.ttf' (157K)
[2017.06.30-01.02.46:981][163]BlueprintLog: New page: Compile MainMenu
[2017.06.30-01.02.47:071][163]BlueprintEditorCompileResults: Info Fast Template Successfully Created.
[2017.06.30-01.02.47:648][229]Cmd: OBJ SAVEPACKAGE PACKAGE="/Game/Game/Blueprints/MainMenu" FILE="../../../../../../Users/EAE-esports/Documents/Unreal Projects/UE4SummerGameJam/Content/Game/Blueprints/MainMenu.uasset" SILENT=true
[2017.06.30-01.02.47:682][229]LogSavePackage: Save=26.07ms
[2017.06.30-01.02.47:682][229]LogSavePackage: Moving '../../../../../../Users/EAE-esports/Documents/Unreal Projects/UE4SummerGameJam/Saved/MainMenuF09CAB3A4542B3758F53D6ADC2F76CEF.tmp' to '../../../../../../Users/EAE-esports/Documents/Unreal Projects/UE4SummerGameJam/Content/Game/Blueprints/MainMenu.uasset'
[2017.06.30-01.02.47:684][229]LogSavePackage:Display: Finished SavePackage ../../../../../../Users/EAE-esports/Documents/Unreal Projects/UE4SummerGameJam/Content/Game/Blueprints/MainMenu.uasset
[2017.06.30-01.02.50:486][560]LogTemp: Repeting last play command: Selected Viewport
[2017.06.30-01.02.50:509][560]LogBlueprintUserMessages: Early PlayInEditor Detection: Level '/Game/StarterContent/Maps/Minimal_Default.Minimal_Default:PersistentLevel' has LevelScriptBlueprint '/Game/StarterContent/Maps/Minimal_Default.Minimal_Default:PersistentLevel.Minimal_Default' with GeneratedClass '/Game/StarterContent/Maps/Minimal_Default.Minimal_Default_C' with ClassGeneratedBy '/Game/StarterContent/Maps/Minimal_Default.Minimal_Default:PersistentLevel.Minimal_Default'
[2017.06.30-01.02.50:509][560]LogPlayLevel: PlayLevel: No blueprints needed recompiling
[2017.06.30-01.02.50:509][560]PIE: New page: PIE session: Minimal_Default (Jun 29, 2017, 1:02:50 PM)
[2017.06.30-01.02.50:509][560]LogPlayLevel: Creating play world package: /Game/StarterContent/Maps/UEDPIE_0_Minimal_Default
[2017.06.30-01.02.50:516][560]LogPlayLevel: PIE: StaticDuplicateObject took: (0.006695s)
[2017.06.30-01.02.50:517][560]LogAIModule: Creating AISystem for world Minimal_Default
[2017.06.30-01.02.50:517][560]LogPlayLevel: PIE: World Init took: (0.000724s)
[2017.06.30-01.02.50:517][560]LogPlayLevel: PIE: Created PIE world by copying editor world from /Game/StarterContent/Maps/Minimal_Default.Minimal_Default to /Game/StarterContent/Maps/UEDPIE_0_Minimal_Default.Minimal_Default (0.007613s)
[2017.06.30-01.02.50:539][560]LogInit: XAudio2 using 'Speakers (3- High Definition Audio Device)' : 2 channels at 44.1 kHz using 16 bits per sample (channel mask 0x3)
[2017.06.30-01.02.50:545][560]LogInit: FAudioDevice initialized.
[2017.06.30-01.02.50:572][560]LogLoad: Game class is 'GameModeBase'
[2017.06.30-01.02.50:574][560]LogWorld: Bringing World /Game/StarterContent/Maps/UEDPIE_0_Minimal_Default.Minimal_Default up for play (max tick rate 0) at 2017.06.29-19.02.50
[2017.06.30-01.02.50:574][560]LogWorld: Bringing up level for play took: 0.000821
[2017.06.30-01.02.50:575][560]PIE: Info Play in editor start time for /Game/StarterContent/Maps/UEDPIE_0_Minimal_Default 0.079
[2017.06.30-01.02.50:575][560]LogBlueprintUserMessages: Late PlayInEditor Detection: Level '/Game/StarterContent/Maps/Minimal_Default.Minimal_Default:PersistentLevel' has LevelScriptBlueprint '/Game/StarterContent/Maps/Minimal_Default.Minimal_Default:PersistentLevel.Minimal_Default' with GeneratedClass '/Game/StarterContent/Maps/Minimal_Default.Minimal_Default_C' with ClassGeneratedBy '/Game/StarterContent/Maps/Minimal_Default.Minimal_Default:PersistentLevel.Minimal_Default'
[2017.06.30-01.02.53:637][924]LogBlueprintUserMessages: Early EndPlayMap Detection: Level '/Game/StarterContent/Maps/Minimal_Default.Minimal_Default:PersistentLevel' has LevelScriptBlueprint '/Game/StarterContent/Maps/Minimal_Default.Minimal_Default:PersistentLevel.Minimal_Default' with GeneratedClass '/Game/StarterContent/Maps/Minimal_Default.Minimal_Default_C' with ClassGeneratedBy '/Game/StarterContent/Maps/Minimal_Default.Minimal_Default:PersistentLevel.Minimal_Default'
[2017.06.30-01.02.53:670][924]LogBlueprintUserMessages: Late EndPlayMap Detection: Level '/Game/StarterContent/Maps/Minimal_Default.Minimal_Default:PersistentLevel' has LevelScriptBlueprint '/Game/StarterContent/Maps/Minimal_Default.Minimal_Default:PersistentLevel.Minimal_Default' with GeneratedClass '/Game/StarterContent/Maps/Minimal_Default.Minimal_Default_C' with ClassGeneratedBy '/Game/StarterContent/Maps/Minimal_Default.Minimal_Default:PersistentLevel.Minimal_Default'
[2017.06.30-01.02.54:897][ 69]LogTemp: Repeting last play command: Selected Viewport
[2017.06.30-01.02.54:912][ 69]LogBlueprintUserMessages: Early PlayInEditor Detection: Level '/Game/StarterContent/Maps/Minimal_Default.Minimal_Default:PersistentLevel' has LevelScriptBlueprint '/Game/StarterContent/Maps/Minimal_Default.Minimal_Default:PersistentLevel.Minimal_Default' with GeneratedClass '/Game/StarterContent/Maps/Minimal_Default.Minimal_Default_C' with ClassGeneratedBy '/Game/StarterContent/Maps/Minimal_Default.Minimal_Default:PersistentLevel.Minimal_Default'
[2017.06.30-01.02.54:912][ 69]LogPlayLevel: PlayLevel: No blueprints needed recompiling
[2017.06.30-01.02.54:912][ 69]PIE: New page: PIE session: Minimal_Default (Jun 29, 2017, 1:02:54 PM)
[2017.06.30-01.02.54:912][ 69]LogPlayLevel: Creating play world package: /Game/StarterContent/Maps/UEDPIE_0_Minimal_Default
[2017.06.30-01.02.54:919][ 69]LogPlayLevel: PIE: StaticDuplicateObject took: (0.006918s)
[2017.06.30-01.02.54:920][ 69]LogAIModule: Creating AISystem for world Minimal_Default
[2017.06.30-01.02.54:920][ 69]LogPlayLevel: PIE: World Init took: (0.000740s)
[2017.06.30-01.02.54:920][ 69]LogPlayLevel: PIE: Created PIE world by copying editor world from /Game/StarterContent/Maps/Minimal_Default.Minimal_Default to /Game/StarterContent/Maps/UEDPIE_0_Minimal_Default.Minimal_Default (0.007889s)
[2017.06.30-01.02.54:941][ 69]LogInit: XAudio2 using 'Speakers (3- High Definition Audio Device)' : 2 channels at 44.1 kHz using 16 bits per sample (channel mask 0x3)
[2017.06.30-01.02.54:946][ 69]LogInit: FAudioDevice initialized.
[2017.06.30-01.02.54:976][ 69]LogLoad: Game class is 'GameModeBase'
[2017.06.30-01.02.54:978][ 69]LogWorld: Bringing World /Game/StarterContent/Maps/UEDPIE_0_Minimal_Default.Minimal_Default up for play (max tick rate 0) at 2017.06.29-19.02.54
[2017.06.30-01.02.54:978][ 69]LogWorld: Bringing up level for play took: 0.000772
[2017.06.30-01.02.54:979][ 69]PIE: Info Play in editor start time for /Game/StarterContent/Maps/UEDPIE_0_Minimal_Default 0.484
[2017.06.30-01.02.54:980][ 69]LogBlueprintUserMessages: Late PlayInEditor Detection: Level '/Game/StarterContent/Maps/Minimal_Default.Minimal_Default:PersistentLevel' has LevelScriptBlueprint '/Game/StarterContent/Maps/Minimal_Default.Minimal_Default:PersistentLevel.Minimal_Default' with GeneratedClass '/Game/StarterContent/Maps/Minimal_Default.Minimal_Default_C' with ClassGeneratedBy '/Game/StarterContent/Maps/Minimal_Default.Minimal_Default:PersistentLevel.Minimal_Default'
[2017.06.30-01.02.58:925][539]LogBlueprintUserMessages: Early EndPlayMap Detection: Level '/Game/StarterContent/Maps/Minimal_Default.Minimal_Default:PersistentLevel' has LevelScriptBlueprint '/Game/StarterContent/Maps/Minimal_Default.Minimal_Default:PersistentLevel.Minimal_Default' with GeneratedClass '/Game/StarterContent/Maps/Minimal_Default.Minimal_Default_C' with ClassGeneratedBy '/Game/StarterContent/Maps/Minimal_Default.Minimal_Default:PersistentLevel.Minimal_Default'
[2017.06.30-01.02.58:955][539]LogBlueprintUserMessages: Late EndPlayMap Detection: Level '/Game/StarterContent/Maps/Minimal_Default.Minimal_Default:PersistentLevel' has LevelScriptBlueprint '/Game/StarterContent/Maps/Minimal_Default.Minimal_Default:PersistentLevel.Minimal_Default' with GeneratedClass '/Game/StarterContent/Maps/Minimal_Default.Minimal_Default_C' with ClassGeneratedBy '/Game/StarterContent/Maps/Minimal_Default.Minimal_Default:PersistentLevel.Minimal_Default'
[2017.06.30-01.03.17:544][766]LogAIModule: Creating AISystem for world Credits
[2017.06.30-01.06.08:126][ 85]LogLinker: Can't find file '/Game/Game/Blueprints/Credits'
[2017.06.30-01.06.08:127][ 85]LogLinker: Can't find file '/Game/Game/Blueprints/Credits'
[2017.06.30-01.06.15:474][620]LogSlate:Warning: Prevented a slow task dialog from being summoned while a context menu was open
[2017.06.30-01.06.26:235][406]BlueprintLog: New page: Compile MainMenu
[2017.06.30-01.06.26:329][406]BlueprintEditorCompileResults: Info Fast Template Successfully Created.
[2017.06.30-01.06.26:867][463]Cmd: OBJ SAVEPACKAGE PACKAGE="/Game/Game/Blueprints/MainMenu" FILE="../../../../../../Users/EAE-esports/Documents/Unreal Projects/UE4SummerGameJam/Content/Game/Blueprints/MainMenu.uasset" SILENT=true
[2017.06.30-01.06.26:897][463]LogSavePackage: Save=28.58ms
[2017.06.30-01.06.26:897][463]LogSavePackage: Moving '../../../../../../Users/EAE-esports/Documents/Unreal Projects/UE4SummerGameJam/Saved/MainMenuFB27B1FB43B1BF24C952E9A190B3E310.tmp' to '../../../../../../Users/EAE-esports/Documents/Unreal Projects/UE4SummerGameJam/Content/Game/Blueprints/MainMenu.uasset'
[2017.06.30-01.06.26:900][463]LogSavePackage:Display: Finished SavePackage ../../../../../../Users/EAE-esports/Documents/Unreal Projects/UE4SummerGameJam/Content/Game/Blueprints/MainMenu.uasset
[2017.06.30-01.10.01:928][996]BlueprintLog: New page: Compile Credits
[2017.06.30-01.10.02:054][996]BlueprintEditorCompileResults: Info Fast Template Successfully Created.
[2017.06.30-01.10.02:627][ 33]Cmd: OBJ SAVEPACKAGE PACKAGE="/Game/Game/Blueprints/Credits" FILE="../../../../../../Users/EAE-esports/Documents/Unreal Projects/UE4SummerGameJam/Content/Game/Blueprints/Credits.uasset" SILENT=true
[2017.06.30-01.10.02:644][ 33]LogSavePackage: Save=15.15ms
[2017.06.30-01.10.02:644][ 33]LogSavePackage: Moving '../../../../../../Users/EAE-esports/Documents/Unreal Projects/UE4SummerGameJam/Saved/Credits7C0D234C4819FEB492FAA9BECAF24188.tmp' to '../../../../../../Users/EAE-esports/Documents/Unreal Projects/UE4SummerGameJam/Content/Game/Blueprints/Credits.uasset'
[2017.06.30-01.10.02:646][ 33]LogSavePackage:Display: Finished SavePackage ../../../../../../Users/EAE-esports/Documents/Unreal Projects/UE4SummerGameJam/Content/Game/Blueprints/Credits.uasset
[2017.06.30-01.10.05:930][262]Cmd: OBJ SAVEPACKAGE PACKAGE="/Game/Game/Blueprints/Credits" FILE="../../../../../../Users/EAE-esports/Documents/Unreal Projects/UE4SummerGameJam/Content/Game/Blueprints/Credits.uasset" SILENT=true
[2017.06.30-01.10.05:950][262]LogSavePackage: Save=13.91ms
[2017.06.30-01.10.05:950][262]LogSavePackage: Moving '../../../../../../Users/EAE-esports/Documents/Unreal Projects/UE4SummerGameJam/Saved/Credits4E0D3F7A47005162D79DEDB846F1820A.tmp' to '../../../../../../Users/EAE-esports/Documents/Unreal Projects/UE4SummerGameJam/Content/Game/Blueprints/Credits.uasset'
[2017.06.30-01.10.05:951][262]LogSavePackage:Display: Finished SavePackage ../../../../../../Users/EAE-esports/Documents/Unreal Projects/UE4SummerGameJam/Content/Game/Blueprints/Credits.uasset
[2017.06.30-01.10.15:859][144]LogTemp: Repeting last play command: Selected Viewport
[2017.06.30-01.10.15:881][144]LogBlueprintUserMessages: Early PlayInEditor Detection: Level '/Game/StarterContent/Maps/Minimal_Default.Minimal_Default:PersistentLevel' has LevelScriptBlueprint '/Game/StarterContent/Maps/Minimal_Default.Minimal_Default:PersistentLevel.Minimal_Default' with GeneratedClass '/Game/StarterContent/Maps/Minimal_Default.Minimal_Default_C' with ClassGeneratedBy '/Game/StarterContent/Maps/Minimal_Default.Minimal_Default:PersistentLevel.Minimal_Default'
[2017.06.30-01.10.15:881][144]LogPlayLevel: PlayLevel: No blueprints needed recompiling
[2017.06.30-01.10.15:881][144]PIE: New page: PIE session: Minimal_Default (Jun 29, 2017, 1:10:15 PM)
[2017.06.30-01.10.15:882][144]LogPlayLevel: Creating play world package: /Game/StarterContent/Maps/UEDPIE_0_Minimal_Default
[2017.06.30-01.10.15:888][144]LogPlayLevel: PIE: StaticDuplicateObject took: (0.006559s)
[2017.06.30-01.10.15:889][144]LogAIModule: Creating AISystem for world Minimal_Default
[2017.06.30-01.10.15:889][144]LogPlayLevel: PIE: World Init took: (0.000763s)
[2017.06.30-01.10.15:889][144]LogPlayLevel: PIE: Created PIE world by copying editor world from /Game/StarterContent/Maps/Minimal_Default.Minimal_Default to /Game/StarterContent/Maps/UEDPIE_0_Minimal_Default.Minimal_Default (0.007558s)
[2017.06.30-01.10.15:909][144]LogInit: XAudio2 using 'Speakers (3- High Definition Audio Device)' : 2 channels at 44.1 kHz using 16 bits per sample (channel mask 0x3)
[2017.06.30-01.10.15:916][144]LogInit: FAudioDevice initialized.
[2017.06.30-01.10.15:945][144]LogLoad: Game class is 'GameModeBase'
[2017.06.30-01.10.15:947][144]LogWorld: Bringing World /Game/StarterContent/Maps/UEDPIE_0_Minimal_Default.Minimal_Default up for play (max tick rate 0) at 2017.06.29-19.10.15
[2017.06.30-01.10.15:947][144]LogWorld: Bringing up level for play took: 0.000889
[2017.06.30-01.10.15:948][144]PIE: Info Play in editor start time for /Game/StarterContent/Maps/UEDPIE_0_Minimal_Default -0.539
[2017.06.30-01.10.15:948][144]LogBlueprintUserMessages: Late PlayInEditor Detection: Level '/Game/StarterContent/Maps/Minimal_Default.Minimal_Default:PersistentLevel' has LevelScriptBlueprint '/Game/StarterContent/Maps/Minimal_Default.Minimal_Default:PersistentLevel.Minimal_Default' with GeneratedClass '/Game/StarterContent/Maps/Minimal_Default.Minimal_Default_C' with ClassGeneratedBy '/Game/StarterContent/Maps/Minimal_Default.Minimal_Default:PersistentLevel.Minimal_Default'
[2017.06.30-01.10.21:942][860]LogBlueprintUserMessages: Early EndPlayMap Detection: Level '/Game/StarterContent/Maps/Minimal_Default.Minimal_Default:PersistentLevel' has LevelScriptBlueprint '/Game/StarterContent/Maps/Minimal_Default.Minimal_Default:PersistentLevel.Minimal_Default' with GeneratedClass '/Game/StarterContent/Maps/Minimal_Default.Minimal_Default_C' with ClassGeneratedBy '/Game/StarterContent/Maps/Minimal_Default.Minimal_Default:PersistentLevel.Minimal_Default'
[2017.06.30-01.10.21:975][860]LogBlueprintUserMessages: Late EndPlayMap Detection: Level '/Game/StarterContent/Maps/Minimal_Default.Minimal_Default:PersistentLevel' has LevelScriptBlueprint '/Game/StarterContent/Maps/Minimal_Default.Minimal_Default:PersistentLevel.Minimal_Default' with GeneratedClass '/Game/StarterContent/Maps/Minimal_Default.Minimal_Default_C' with ClassGeneratedBy '/Game/StarterContent/Maps/Minimal_Default.Minimal_Default:PersistentLevel.Minimal_Default'
[2017.06.30-01.10.59:110][455]BlueprintLog: New page: Compile Credits
[2017.06.30-01.10.59:200][455]BlueprintEditorCompileResults: Info Fast Template Successfully Created.
[2017.06.30-01.11.41:791][ 42]BlueprintLog: New page: Compile MainMenu
[2017.06.30-01.11.41:884][ 42]BlueprintEditorCompileResults: Info Fast Template Successfully Created.
[2017.06.30-01.11.42:400][ 96]Cmd: OBJ SAVEPACKAGE PACKAGE="/Game/Game/Blueprints/MainMenu" FILE="../../../../../../Users/EAE-esports/Documents/Unreal Projects/UE4SummerGameJam/Content/Game/Blueprints/MainMenu.uasset" SILENT=true
[2017.06.30-01.11.42:436][ 96]LogSavePackage: Save=28.55ms
[2017.06.30-01.11.42:436][ 96]LogSavePackage: Moving '../../../../../../Users/EAE-esports/Documents/Unreal Projects/UE4SummerGameJam/Saved/MainMenu93574D134DC5667E50CF9696BE65D359.tmp' to '../../../../../../Users/EAE-esports/Documents/Unreal Projects/UE4SummerGameJam/Content/Game/Blueprints/MainMenu.uasset'
[2017.06.30-01.11.42:438][ 96]LogSavePackage:Display: Finished SavePackage ../../../../../../Users/EAE-esports/Documents/Unreal Projects/UE4SummerGameJam/Content/Game/Blueprints/MainMenu.uasset
[2017.06.30-01.11.44:334][302]Cmd: OBJ SAVEPACKAGE PACKAGE="/Game/Game/Blueprints/Credits" FILE="../../../../../../Users/EAE-esports/Documents/Unreal Projects/UE4SummerGameJam/Content/Game/Blueprints/Credits.uasset" SILENT=true
[2017.06.30-01.11.44:350][302]LogSavePackage: Save=14.44ms
[2017.06.30-01.11.44:350][302]LogSavePackage: Moving '../../../../../../Users/EAE-esports/Documents/Unreal Projects/UE4SummerGameJam/Saved/Credits363BEEB847D860B2A71D24A71054B956.tmp' to '../../../../../../Users/EAE-esports/Documents/Unreal Projects/UE4SummerGameJam/Content/Game/Blueprints/Credits.uasset'
[2017.06.30-01.11.44:353][302]LogSavePackage:Display: Finished SavePackage ../../../../../../Users/EAE-esports/Documents/Unreal Projects/UE4SummerGameJam/Content/Game/Blueprints/Credits.uasset
[2017.06.30-01.11.46:585][515]LogSavePackage: Save=110.55ms
[2017.06.30-01.11.46:585][515]LogSavePackage: Moving '../../../../../../Users/EAE-esports/Documents/Unreal Projects/UE4SummerGameJam/Saved/Minimal_Default8325633A4A52E176CAF4F3B94212B4C0.tmp' to '../../../../../../Users/EAE-esports/Documents/Unreal Projects/UE4SummerGameJam/Content/StarterContent/Maps/Minimal_Default.umap'
[2017.06.30-01.11.46:587][515]LogSavePackage:Display: Finished SavePackage ../../../../../../Users/EAE-esports/Documents/Unreal Projects/UE4SummerGameJam/Content/StarterContent/Maps/Minimal_Default.umap
[2017.06.30-01.11.46:605][515]LogFileHelpers: Saving map 'Minimal_Default' took 0.198
[2017.06.30-01.11.49:282][811]LogTemp: Repeting last play command: Selected Viewport
[2017.06.30-01.11.49:298][811]LogBlueprintUserMessages: Early PlayInEditor Detection: Level '/Game/StarterContent/Maps/Minimal_Default.Minimal_Default:PersistentLevel' has LevelScriptBlueprint '/Game/StarterContent/Maps/Minimal_Default.Minimal_Default:PersistentLevel.Minimal_Default' with GeneratedClass '/Game/StarterContent/Maps/Minimal_Default.Minimal_Default_C' with ClassGeneratedBy '/Game/StarterContent/Maps/Minimal_Default.Minimal_Default:PersistentLevel.Minimal_Default'
[2017.06.30-01.11.49:299][811]LogPlayLevel: PlayLevel: No blueprints needed recompiling
[2017.06.30-01.11.49:299][811]PIE: New page: PIE session: Minimal_Default (Jun 29, 2017, 1:11:49 PM)
[2017.06.30-01.11.49:299][811]LogPlayLevel: Creating play world package: /Game/StarterContent/Maps/UEDPIE_0_Minimal_Default
[2017.06.30-01.11.49:305][811]LogPlayLevel: PIE: StaticDuplicateObject took: (0.006052s)
[2017.06.30-01.11.49:305][811]LogAIModule: Creating AISystem for world Minimal_Default
[2017.06.30-01.11.49:305][811]LogPlayLevel: PIE: World Init took: (0.000669s)
[2017.06.30-01.11.49:306][811]LogPlayLevel: PIE: Created PIE world by copying editor world from /Game/StarterContent/Maps/Minimal_Default.Minimal_Default to /Game/StarterContent/Maps/UEDPIE_0_Minimal_Default.Minimal_Default (0.006960s)
[2017.06.30-01.11.49:329][811]LogInit: XAudio2 using 'Speakers (3- High Definition Audio Device)' : 2 channels at 44.1 kHz using 16 bits per sample (channel mask 0x3)
[2017.06.30-01.11.49:335][811]LogInit: FAudioDevice initialized.
[2017.06.30-01.11.49:367][811]LogLoad: Game class is 'GameModeBase'
[2017.06.30-01.11.49:369][811]LogWorld: Bringing World /Game/StarterContent/Maps/UEDPIE_0_Minimal_Default.Minimal_Default up for play (max tick rate 0) at 2017.06.29-19.11.49
[2017.06.30-01.11.49:369][811]LogWorld: Bringing up level for play took: 0.000742
[2017.06.30-01.11.49:371][811]PIE: Info Play in editor start time for /Game/StarterContent/Maps/UEDPIE_0_Minimal_Default 0.885
[2017.06.30-01.11.49:371][811]LogBlueprintUserMessages: Late PlayInEditor Detection: Level '/Game/StarterContent/Maps/Minimal_Default.Minimal_Default:PersistentLevel' has LevelScriptBlueprint '/Game/StarterContent/Maps/Minimal_Default.Minimal_Default:PersistentLevel.Minimal_Default' with GeneratedClass '/Game/StarterContent/Maps/Minimal_Default.Minimal_Default_C' with ClassGeneratedBy '/Game/StarterContent/Maps/Minimal_Default.Minimal_Default:PersistentLevel.Minimal_Default'
[2017.06.30-01.11.53:993][362]LogBlueprintUserMessages: Early EndPlayMap Detection: Level '/Game/StarterContent/Maps/Minimal_Default.Minimal_Default:PersistentLevel' has LevelScriptBlueprint '/Game/StarterContent/Maps/Minimal_Default.Minimal_Default:PersistentLevel.Minimal_Default' with GeneratedClass '/Game/StarterContent/Maps/Minimal_Default.Minimal_Default_C' with ClassGeneratedBy '/Game/StarterContent/Maps/Minimal_Default.Minimal_Default:PersistentLevel.Minimal_Default'
[2017.06.30-01.11.54:028][362]LogBlueprintUserMessages: Late EndPlayMap Detection: Level '/Game/StarterContent/Maps/Minimal_Default.Minimal_Default:PersistentLevel' has LevelScriptBlueprint '/Game/StarterContent/Maps/Minimal_Default.Minimal_Default:PersistentLevel.Minimal_Default' with GeneratedClass '/Game/StarterContent/Maps/Minimal_Default.Minimal_Default_C' with ClassGeneratedBy '/Game/StarterContent/Maps/Minimal_Default.Minimal_Default:PersistentLevel.Minimal_Default'
[2017.06.30-01.13.26:358][ 16]BlueprintLog: New page: Compile Credits
[2017.06.30-01.13.26:470][ 16]BlueprintEditorCompileResults: Info Fast Template Successfully Created.
[2017.06.30-01.13.27:222][ 66]Cmd: OBJ SAVEPACKAGE PACKAGE="/Game/Game/Blueprints/Credits" FILE="../../../../../../Users/EAE-esports/Documents/Unreal Projects/UE4SummerGameJam/Content/Game/Blueprints/Credits.uasset" SILENT=true
[2017.06.30-01.13.27:239][ 66]LogSavePackage: Save=14.75ms
[2017.06.30-01.13.27:239][ 66]LogSavePackage: Moving '../../../../../../Users/EAE-esports/Documents/Unreal Projects/UE4SummerGameJam/Saved/Credits7829B4804BE91131F2B91FB61940AAB0.tmp' to '../../../../../../Users/EAE-esports/Documents/Unreal Projects/UE4SummerGameJam/Content/Game/Blueprints/Credits.uasset'
[2017.06.30-01.13.27:242][ 66]LogSavePackage:Display: Finished SavePackage ../../../../../../Users/EAE-esports/Documents/Unreal Projects/UE4SummerGameJam/Content/Game/Blueprints/Credits.uasset
[2017.06.30-01.13.29:745][291]LogTemp: Repeting last play command: Selected Viewport
[2017.06.30-01.13.29:769][291]LogBlueprintUserMessages: Early PlayInEditor Detection: Level '/Game/StarterContent/Maps/Minimal_Default.Minimal_Default:PersistentLevel' has LevelScriptBlueprint '/Game/StarterContent/Maps/Minimal_Default.Minimal_Default:PersistentLevel.Minimal_Default' with GeneratedClass '/Game/StarterContent/Maps/Minimal_Default.Minimal_Default_C' with ClassGeneratedBy '/Game/StarterContent/Maps/Minimal_Default.Minimal_Default:PersistentLevel.Minimal_Default'
[2017.06.30-01.13.29:769][291]LogPlayLevel: PlayLevel: No blueprints needed recompiling
[2017.06.30-01.13.29:769][291]PIE: New page: PIE session: Minimal_Default (Jun 29, 2017, 1:13:29 PM)
[2017.06.30-01.13.29:769][291]LogPlayLevel: Creating play world package: /Game/StarterContent/Maps/UEDPIE_0_Minimal_Default
[2017.06.30-01.13.29:775][291]LogPlayLevel: PIE: StaticDuplicateObject took: (0.005846s)
[2017.06.30-01.13.29:776][291]LogAIModule: Creating AISystem for world Minimal_Default
[2017.06.30-01.13.29:776][291]LogPlayLevel: PIE: World Init took: (0.000586s)
[2017.06.30-01.13.29:776][291]LogPlayLevel: PIE: Created PIE world by copying editor world from /Game/StarterContent/Maps/Minimal_Default.Minimal_Default to /Game/StarterContent/Maps/UEDPIE_0_Minimal_Default.Minimal_Default (0.006608s)
[2017.06.30-01.13.29:798][291]LogInit: XAudio2 using 'Speakers (3- High Definition Audio Device)' : 2 channels at 44.1 kHz using 16 bits per sample (channel mask 0x3)
[2017.06.30-01.13.29:804][291]LogInit: FAudioDevice initialized.
[2017.06.30-01.13.29:831][291]LogLoad: Game class is 'GameModeBase'
[2017.06.30-01.13.29:833][291]LogWorld: Bringing World /Game/StarterContent/Maps/UEDPIE_0_Minimal_Default.Minimal_Default up for play (max tick rate 0) at 2017.06.29-19.13.29
[2017.06.30-01.13.29:833][291]LogWorld: Bringing up level for play took: 0.000897
[2017.06.30-01.13.29:835][291]PIE: Info Play in editor start time for /Game/StarterContent/Maps/UEDPIE_0_Minimal_Default -0.649
[2017.06.30-01.13.29:835][291]LogBlueprintUserMessages: Late PlayInEditor Detection: Level '/Game/StarterContent/Maps/Minimal_Default.Minimal_Default:PersistentLevel' has LevelScriptBlueprint '/Game/StarterContent/Maps/Minimal_Default.Minimal_Default:PersistentLevel.Minimal_Default' with GeneratedClass '/Game/StarterContent/Maps/Minimal_Default.Minimal_Default_C' with ClassGeneratedBy '/Game/StarterContent/Maps/Minimal_Default.Minimal_Default:PersistentLevel.Minimal_Default'
[2017.06.30-01.13.33:791][762]LogBlueprintUserMessages: Early EndPlayMap Detection: Level '/Game/StarterContent/Maps/Minimal_Default.Minimal_Default:PersistentLevel' has LevelScriptBlueprint '/Game/StarterContent/Maps/Minimal_Default.Minimal_Default:PersistentLevel.Minimal_Default' with GeneratedClass '/Game/StarterContent/Maps/Minimal_Default.Minimal_Default_C' with ClassGeneratedBy '/Game/StarterContent/Maps/Minimal_Default.Minimal_Default:PersistentLevel.Minimal_Default'
[2017.06.30-01.13.33:823][762]LogBlueprintUserMessages: Late EndPlayMap Detection: Level '/Game/StarterContent/Maps/Minimal_Default.Minimal_Default:PersistentLevel' has LevelScriptBlueprint '/Game/StarterContent/Maps/Minimal_Default.Minimal_Default:PersistentLevel.Minimal_Default' with GeneratedClass '/Game/StarterContent/Maps/Minimal_Default.Minimal_Default_C' with ClassGeneratedBy '/Game/StarterContent/Maps/Minimal_Default.Minimal_Default:PersistentLevel.Minimal_Default'
[2017.06.30-01.13.53:804][976]BlueprintLog: New page: Compile Credits
[2017.06.30-01.13.53:909][976]BlueprintEditorCompileResults: Info Fast Template Successfully Created.
[2017.06.30-01.13.54:346][  4]Cmd: OBJ SAVEPACKAGE PACKAGE="/Game/Game/Blueprints/Credits" FILE="../../../../../../Users/EAE-esports/Documents/Unreal Projects/UE4SummerGameJam/Content/Game/Blueprints/Credits.uasset" SILENT=true
[2017.06.30-01.13.54:363][  4]LogSavePackage: Save=15.11ms
[2017.06.30-01.13.54:363][  4]LogSavePackage: Moving '../../../../../../Users/EAE-esports/Documents/Unreal Projects/UE4SummerGameJam/Saved/Credits9E3C9442436C639502264985E0D3A817.tmp' to '../../../../../../Users/EAE-esports/Documents/Unreal Projects/UE4SummerGameJam/Content/Game/Blueprints/Credits.uasset'
[2017.06.30-01.13.54:366][  4]LogSavePackage:Display: Finished SavePackage ../../../../../../Users/EAE-esports/Documents/Unreal Projects/UE4SummerGameJam/Content/Game/Blueprints/Credits.uasset
[2017.06.30-01.13.56:978][256]LogTemp: Repeting last play command: Selected Viewport
[2017.06.30-01.13.56:994][256]LogBlueprintUserMessages: Early PlayInEditor Detection: Level '/Game/StarterContent/Maps/Minimal_Default.Minimal_Default:PersistentLevel' has LevelScriptBlueprint '/Game/StarterContent/Maps/Minimal_Default.Minimal_Default:PersistentLevel.Minimal_Default' with GeneratedClass '/Game/StarterContent/Maps/Minimal_Default.Minimal_Default_C' with ClassGeneratedBy '/Game/StarterContent/Maps/Minimal_Default.Minimal_Default:PersistentLevel.Minimal_Default'
[2017.06.30-01.13.56:994][256]LogPlayLevel: PlayLevel: No blueprints needed recompiling
[2017.06.30-01.13.56:994][256]PIE: New page: PIE session: Minimal_Default (Jun 29, 2017, 1:13:56 PM)
[2017.06.30-01.13.56:995][256]LogPlayLevel: Creating play world package: /Game/StarterContent/Maps/UEDPIE_0_Minimal_Default
[2017.06.30-01.13.57:000][256]LogPlayLevel: PIE: StaticDuplicateObject took: (0.005818s)
[2017.06.30-01.13.57:001][256]LogAIModule: Creating AISystem for world Minimal_Default
[2017.06.30-01.13.57:001][256]LogPlayLevel: PIE: World Init took: (0.000698s)
[2017.06.30-01.13.57:001][256]LogPlayLevel: PIE: Created PIE world by copying editor world from /Game/StarterContent/Maps/Minimal_Default.Minimal_Default to /Game/StarterContent/Maps/UEDPIE_0_Minimal_Default.Minimal_Default (0.006740s)
[2017.06.30-01.13.57:025][256]LogInit: XAudio2 using 'Speakers (3- High Definition Audio Device)' : 2 channels at 44.1 kHz using 16 bits per sample (channel mask 0x3)
[2017.06.30-01.13.57:030][256]LogInit: FAudioDevice initialized.
[2017.06.30-01.13.57:059][256]LogLoad: Game class is 'GameModeBase'
[2017.06.30-01.13.57:060][256]LogWorld: Bringing World /Game/StarterContent/Maps/UEDPIE_0_Minimal_Default.Minimal_Default up for play (max tick rate 0) at 2017.06.29-19.13.57
[2017.06.30-01.13.57:061][256]LogWorld: Bringing up level for play took: 0.000826
[2017.06.30-01.13.57:062][256]PIE: Info Play in editor start time for /Game/StarterContent/Maps/UEDPIE_0_Minimal_Default 0.579
[2017.06.30-01.13.57:062][256]LogBlueprintUserMessages: Late PlayInEditor Detection: Level '/Game/StarterContent/Maps/Minimal_Default.Minimal_Default:PersistentLevel' has LevelScriptBlueprint '/Game/StarterContent/Maps/Minimal_Default.Minimal_Default:PersistentLevel.Minimal_Default' with GeneratedClass '/Game/StarterContent/Maps/Minimal_Default.Minimal_Default_C' with ClassGeneratedBy '/Game/StarterContent/Maps/Minimal_Default.Minimal_Default:PersistentLevel.Minimal_Default'
[2017.06.30-01.14.01:118][739]LogBlueprintUserMessages: Early EndPlayMap Detection: Level '/Game/StarterContent/Maps/Minimal_Default.Minimal_Default:PersistentLevel' has LevelScriptBlueprint '/Game/StarterContent/Maps/Minimal_Default.Minimal_Default:PersistentLevel.Minimal_Default' with GeneratedClass '/Game/StarterContent/Maps/Minimal_Default.Minimal_Default_C' with ClassGeneratedBy '/Game/StarterContent/Maps/Minimal_Default.Minimal_Default:PersistentLevel.Minimal_Default'
[2017.06.30-01.14.01:148][739]LogBlueprintUserMessages: Late EndPlayMap Detection: Level '/Game/StarterContent/Maps/Minimal_Default.Minimal_Default:PersistentLevel' has LevelScriptBlueprint '/Game/StarterContent/Maps/Minimal_Default.Minimal_Default:PersistentLevel.Minimal_Default' with GeneratedClass '/Game/StarterContent/Maps/Minimal_Default.Minimal_Default_C' with ClassGeneratedBy '/Game/StarterContent/Maps/Minimal_Default.Minimal_Default:PersistentLevel.Minimal_Default'
[2017.06.30-01.17.54:358][347]LogWindowsTextInputMethodSystem:Display: IME system now deactivated.
[2017.06.30-01.17.54:526][348]Cmd: QUIT_EDITOR
[2017.06.30-01.17.55:547][348]LogExit: Preparing to exit.
[2017.06.30-01.17.56:130][348]LogDirectoryWatcher: A directory notification for 'C:/Users/EAE-esports/Documents/Unreal Projects/UE4SummerGameJam/Content/' was aborted.
[2017.06.30-01.17.56:160][348]LogExit: Editor shut down
[2017.06.30-01.17.56:163][348]LogExit: Transaction tracking system shut down
[2017.06.30-01.17.56:248][348]LogObj: Freed 0b from 0 cluster array pools.
[2017.06.30-01.17.56:248][348]LogExit: Object subsystem successfully closed.
[2017.06.30-01.17.56:267][348]LogD3D11RHI: Shutdown
[2017.06.30-01.17.56:267][348]LogD3D11RHI: CleanupD3DDevice
[2017.06.30-01.17.56:358][348]LogD3D11RHI: ~FD3D11DynamicRHI
[2017.06.30-01.17.56:371][348]LogModuleManager: Shutting down and abandoning module SequencerWidgets (532)
[2017.06.30-01.17.56:371][348]LogModuleManager: Shutting down and abandoning module BlueprintGraph (530)
[2017.06.30-01.17.56:371][348]LogModuleManager: Shutting down and abandoning module BlueprintProfiler (528)
[2017.06.30-01.17.56:371][348]LogModuleManager: Shutting down and abandoning module MovieSceneCapture (526)
[2017.06.30-01.17.56:371][348]LogModuleManager: Shutting down and abandoning module HierarchicalLODOutliner (524)
[2017.06.30-01.17.56:371][348]LogModuleManager: Shutting down and abandoning module CrashTracker (522)
[2017.06.30-01.17.56:371][348]LogModuleManager: Shutting down and abandoning module SceneOutliner (520)
[2017.06.30-01.17.56:371][348]LogModuleManager: Shutting down and abandoning module AddContentDialog (518)
[2017.06.30-01.17.56:371][348]LogDirectoryWatcher: A directory notification for 'C:/Program Files/Epic Games/UE_4.16/FeaturePacks/' was aborted.
[2017.06.30-01.17.56:371][348]LogModuleManager: Shutting down and abandoning module WidgetCarousel (517)
[2017.06.30-01.17.56:371][348]LogModuleManager: Shutting down and abandoning module EditorWidgets (514)
[2017.06.30-01.17.56:372][348]LogModuleManager: Shutting down and abandoning module CollectionManager (512)
[2017.06.30-01.17.56:372][348]LogDirectoryWatcher: A directory notification for 'C:/Users/EAE-esports/Documents/Unreal Projects/UE4SummerGameJam/Content/Collections/' was aborted.
[2017.06.30-01.17.56:372][348]LogDirectoryWatcher: A directory notification for 'C:/Users/EAE-esports/Documents/Unreal Projects/UE4SummerGameJam/Content/Developers/EAEesports/Collections/' was aborted.
[2017.06.30-01.17.56:372][348]LogDirectoryWatcher: A directory notification for 'C:/Users/EAE-esports/Documents/Unreal Projects/UE4SummerGameJam/Saved/Collections/' was aborted.
[2017.06.30-01.17.56:372][348]LogModuleManager: Shutting down and abandoning module StatsViewer (510)
[2017.06.30-01.17.56:372][348]LogModuleManager: Shutting down and abandoning module FoliageEdit (508)
[2017.06.30-01.17.56:372][348]LogModuleManager: Shutting down and abandoning module LandscapeEditor (506)
[2017.06.30-01.17.56:372][348]LogModuleManager: Shutting down and abandoning module MeshPaintMode (504)
[2017.06.30-01.17.56:372][348]LogModuleManager: Shutting down and abandoning module SceneDepthPickerMode (502)
[2017.06.30-01.17.56:372][348]LogModuleManager: Shutting down and abandoning module ActorPickerMode (500)
[2017.06.30-01.17.56:372][348]LogModuleManager: Shutting down and abandoning module GeometryMode (498)
[2017.06.30-01.17.56:372][348]LogModuleManager: Shutting down and abandoning module TextureAlignMode (496)
[2017.06.30-01.17.56:372][348]LogModuleManager: Shutting down and abandoning module BspMode (494)
[2017.06.30-01.17.56:372][348]LogModuleManager: Shutting down and abandoning module HardwareSurvey (492)
[2017.06.30-01.17.56:372][348]LogModuleManager: Shutting down and abandoning module SequenceRecorderSections (490)
[2017.06.30-01.17.56:372][348]LogModuleManager: Shutting down and abandoning module AutomationWorker (488)
[2017.06.30-01.17.56:372][348]LogModuleManager: Shutting down and abandoning module MatineeToLevelSequence (486)
[2017.06.30-01.17.56:372][348]LogModuleManager: Shutting down and abandoning module LevelSequenceEditor (484)
[2017.06.30-01.17.56:372][348]LogModuleManager: Shutting down and abandoning module PlacementMode (483)
[2017.06.30-01.17.56:372][348]LogModuleManager: Shutting down and abandoning module WmfMediaFactory (480)
[2017.06.30-01.17.56:372][348]LogModuleManager: Shutting down and abandoning module WmfMediaEditor (478)
[2017.06.30-01.17.56:372][348]LogModuleManager: Shutting down and abandoning module AvfMediaFactory (476)
[2017.06.30-01.17.56:372][348]LogModuleManager: Shutting down and abandoning module AvfMediaEditor (474)
[2017.06.30-01.17.56:372][348]LogModuleManager: Shutting down and abandoning module AndroidMediaFactory (472)
[2017.06.30-01.17.56:372][348]LogModuleManager: Shutting down and abandoning module Media (471)
[2017.06.30-01.17.56:372][348]LogModuleManager: Shutting down and abandoning module AndroidMediaEditor (468)
[2017.06.30-01.17.56:372][348]LogModuleManager: Shutting down and abandoning module CharacterAI (466)
[2017.06.30-01.17.56:372][348]LogModuleManager: Shutting down and abandoning module AudioCapture (464)
[2017.06.30-01.17.56:372][348]LogModuleManager: Shutting down and abandoning module SequenceRecorder (463)
[2017.06.30-01.17.56:372][348]LogModuleManager: Shutting down and abandoning module SmartSnapping (460)
[2017.06.30-01.17.56:372][348]LogModuleManager: Shutting down and abandoning module SessionServices (458)
[2017.06.30-01.17.56:372][348]LogModuleManager: Shutting down and abandoning module ViewportSnapping (456)
[2017.06.30-01.17.56:372][348]LogModuleManager: Shutting down and abandoning module ViewportInteraction (454)
[2017.06.30-01.17.56:372][348]LogModuleManager: Shutting down and abandoning module ClothPainter (452)
[2017.06.30-01.17.56:372][348]LogModuleManager: Shutting down and abandoning module LogVisualizer (450)
[2017.06.30-01.17.56:372][348]LogModuleManager: Shutting down and abandoning module IntroTutorials (448)
[2017.06.30-01.17.56:372][348]LogModuleManager: Shutting down and abandoning module GameProjectGeneration (447)
[2017.06.30-01.17.56:372][348]LogModuleManager: Shutting down and abandoning module EditorLiveStreaming (444)
[2017.06.30-01.17.56:372][348]LogModuleManager: Shutting down and abandoning module IOSPlatformEditor (442)
[2017.06.30-01.17.56:372][348]LogModuleManager: Shutting down and abandoning module HTML5PlatformEditor (440)
[2017.06.30-01.17.56:372][348]LogModuleManager: Shutting down and abandoning module AndroidPlatformEditor (438)
[2017.06.30-01.17.56:372][348]LogModuleManager: Shutting down and abandoning module AndroidDeviceDetection (437)
[2017.06.30-01.17.56:949][348]LogModuleManager: Shutting down and abandoning module IOSRuntimeSettings (434)
[2017.06.30-01.17.56:949][348]LogModuleManager: Shutting down and abandoning module AndroidRuntimeSettings (432)
[2017.06.30-01.17.56:949][348]LogModuleManager: Shutting down and abandoning module InputBindingEditor (430)
[2017.06.30-01.17.56:949][348]LogModuleManager: Shutting down and abandoning module MergeActors (428)
[2017.06.30-01.17.56:949][348]LogModuleManager: Shutting down and abandoning module SizeMap (426)
[2017.06.30-01.17.56:949][348]LogModuleManager: Shutting down and abandoning module TreeMap (424)
[2017.06.30-01.17.56:949][348]LogModuleManager: Shutting down and abandoning module ReferenceViewer (422)
[2017.06.30-01.17.56:949][348]LogModuleManager: Shutting down and abandoning module LocalizationDashboard (420)
[2017.06.30-01.17.56:949][348]LogModuleManager: Shutting down and abandoning module LocalizationService (419)
[2017.06.30-01.17.56:949][348]LogModuleManager: Shutting down and abandoning module HardwareTargeting (416)
[2017.06.30-01.17.56:949][348]LogModuleManager: Shutting down and abandoning module DeviceProfileEditor (414)
[2017.06.30-01.17.56:949][348]LogModuleManager: Shutting down and abandoning module UndoHistory (412)
[2017.06.30-01.17.56:949][348]LogModuleManager: Shutting down and abandoning module UserFeedback (410)
[2017.06.30-01.17.56:949][348]LogModuleManager: Shutting down and abandoning module XmlParser (408)
[2017.06.30-01.17.56:949][348]LogModuleManager: Shutting down and abandoning module Blutility (406)
[2017.06.30-01.17.56:949][348]LogModuleManager: Shutting down and abandoning module ProjectSettingsViewer (404)
[2017.06.30-01.17.56:949][348]LogModuleManager: Shutting down and abandoning module ProjectTargetPlatformEditor (403)
[2017.06.30-01.17.56:949][348]LogModuleManager: Shutting down and abandoning module EditorSettingsViewer (400)
[2017.06.30-01.17.56:950][348]LogModuleManager: Shutting down and abandoning module SettingsEditor (398)
[2017.06.30-01.17.56:950][348]LogModuleManager: Shutting down and abandoning module ProjectLauncher (396)
[2017.06.30-01.17.56:950][348]LogModuleManager: Shutting down and abandoning module SessionFrontend (394)
[2017.06.30-01.17.56:950][348]LogModuleManager: Shutting down and abandoning module ProfilerClient (392)
[2017.06.30-01.17.56:950][348]LogModuleManager: Shutting down and abandoning module DeviceManager (390)
[2017.06.30-01.17.56:950][348]LogModuleManager: Shutting down and abandoning module TargetDeviceServices (389)
[2017.06.30-01.17.57:016][348]LogModuleManager: Shutting down and abandoning module AutomationController (386)
[2017.06.30-01.17.57:016][348]LogModuleManager: Shutting down and abandoning module AutomationWindow (384)
[2017.06.30-01.17.57:016][348]LogModuleManager: Shutting down and abandoning module Layers (382)
[2017.06.30-01.17.57:016][348]LogModuleManager: Shutting down and abandoning module ComponentVisualizers (380)
[2017.06.30-01.17.57:016][348]LogModuleManager: Shutting down and abandoning module DetailCustomizations (378)
[2017.06.30-01.17.57:016][348]LogModuleManager: Shutting down and abandoning module PackagesDialog (376)
[2017.06.30-01.17.57:016][348]LogModuleManager: Shutting down and abandoning module Persona (374)
[2017.06.30-01.17.57:016][348]LogModuleManager: Shutting down and abandoning module AdvancedPreviewScene (373)
[2017.06.30-01.17.57:016][348]LogModuleManager: Shutting down and abandoning module AnimGraph (371)
[2017.06.30-01.17.57:016][348]LogModuleManager: Shutting down and abandoning module Kismet (368)
[2017.06.30-01.17.57:022][348]LogModuleManager: Shutting down and abandoning module ClassViewer (366)
[2017.06.30-01.17.57:023][348]LogModuleManager: Shutting down and abandoning module Toolbox (364)
[2017.06.30-01.17.57:023][348]LogModuleManager: Shutting down and abandoning module ModuleUI (362)
[2017.06.30-01.17.57:023][348]LogModuleManager: Shutting down and abandoning module MovieSceneTools (360)
[2017.06.30-01.17.57:023][348]LogModuleManager: Shutting down and abandoning module OutputLog (358)
[2017.06.30-01.17.57:023][348]LogModuleManager: Shutting down and abandoning module GammaUI (356)
[2017.06.30-01.17.57:023][348]LogModuleManager: Shutting down and abandoning module Documentation (354)
[2017.06.30-01.17.57:023][348]LogModuleManager: Shutting down and abandoning module MovieSceneTracks (352)
[2017.06.30-01.17.57:023][348]LogModuleManager: Shutting down and abandoning module MovieScene (350)
[2017.06.30-01.17.57:023][348]LogModuleManager: Shutting down and abandoning module Niagara (348)
[2017.06.30-01.17.57:023][348]LogModuleManager: Shutting down and abandoning module NiagaraEditor (347)
[2017.06.30-01.17.57:023][348]LogModuleManager: Shutting down and abandoning module StreamingPauseRendering (344)
[2017.06.30-01.17.57:023][348]LogModuleManager: Shutting down and abandoning module AnalyticsET (342)
[2017.06.30-01.17.57:023][348]LogModuleManager: Shutting down and abandoning module PortalServices (340)
[2017.06.30-01.17.57:023][348]LogModuleManager: Shutting down and abandoning module PortalRpc (338)
[2017.06.30-01.17.57:023][348]LogModuleManager: Shutting down and abandoning module MessagingRpc (336)
[2017.06.30-01.17.57:023][348]LogModuleManager: Shutting down and abandoning module AIModule (334)
[2017.06.30-01.17.57:024][348]LogModuleManager: Shutting down and abandoning module GameplayDebugger (333)
[2017.06.30-01.17.57:024][348]LogModuleManager: Shutting down and abandoning module AITestSuite (331)
[2017.06.30-01.17.57:024][348]LogModuleManager: Shutting down and abandoning module ProfilerService (328)
[2017.06.30-01.17.57:114][348]LogModuleManager: Shutting down and abandoning module TaskGraph (326)
[2017.06.30-01.17.57:114][348]LogModuleManager: Shutting down and abandoning module SteamVRController (324)
[2017.06.30-01.17.57:114][348]LogModuleManager: Shutting down and abandoning module SteamVR (322)
[2017.06.30-01.17.57:114][348]LogModuleManager: Shutting down and abandoning module ProceduralMeshComponentEditor (320)
[2017.06.30-01.17.57:114][348]LogModuleManager: Shutting down and abandoning module ProceduralMeshComponent (318)
[2017.06.30-01.17.57:114][348]LogModuleManager: Shutting down and abandoning module OculusLibrary (316)
[2017.06.30-01.17.57:114][348]LogModuleManager: Shutting down and abandoning module OculusInput (314)
[2017.06.30-01.17.57:114][348]LogModuleManager: Shutting down and abandoning module MobilePatchingUtils (312)
[2017.06.30-01.17.57:114][348]LogModuleManager: Shutting down and abandoning module CustomMeshComponent (310)
[2017.06.30-01.17.57:114][348]LogModuleManager: Shutting down and abandoning module CableComponent (308)
[2017.06.30-01.17.57:114][348]LogModuleManager: Shutting down and abandoning module ArchVisCharacter (306)
[2017.06.30-01.17.57:114][348]LogModuleManager: Shutting down and abandoning module AndroidPermission (304)
[2017.06.30-01.17.57:114][348]LogModuleManager: Shutting down and abandoning module MediaPlayerEditor (300)
[2017.06.30-01.17.57:114][348]LogModuleManager: Shutting down and abandoning module HTML5Networking (298)
[2017.06.30-01.17.57:114][348]LogModuleManager: Shutting down and abandoning module AlembicImporter (296)
[2017.06.30-01.17.57:114][348]LogModuleManager: Shutting down and abandoning module AlembicLibrary (295)
[2017.06.30-01.17.57:114][348]LogModuleManager: Shutting down and abandoning module GeometryCache (294)
[2017.06.30-01.17.57:114][348]LogModuleManager: Shutting down and abandoning module GeometryCacheEd (293)
[2017.06.30-01.17.57:114][348]LogModuleManager: Shutting down and abandoning module SuperSearchEditor (288)
[2017.06.30-01.17.57:114][348]LogModuleManager: Shutting down and abandoning module SuperSearch (287)
[2017.06.30-01.17.57:114][348]LogModuleManager: Shutting down and abandoning module SpeedTreeImporter (284)
[2017.06.30-01.17.57:114][348]LogModuleManager: Shutting down and abandoning module PluginBrowser (282)
[2017.06.30-01.17.57:114][348]LogModuleManager: Shutting down and abandoning module MobileLauncherProfileWizard (280)
[2017.06.30-01.17.57:114][348]LogModuleManager: Shutting down and abandoning module VisualStudioSourceCodeAccess (278)
[2017.06.30-01.17.57:114][348]LogModuleManager: Shutting down and abandoning module DesktopPlatform (277)
[2017.06.30-01.17.57:114][348]LogModuleManager: Shutting down and abandoning module UObjectPlugin (274)
[2017.06.30-01.17.57:114][348]LogModuleManager: Shutting down and abandoning module SubversionSourceControl (272)
[2017.06.30-01.17.57:114][348]LogModuleManager: Shutting down and abandoning module PerforceSourceControl (270)
[2017.06.30-01.17.57:114][348]LogModuleManager: Shutting down and abandoning module GitSourceControl (268)
[2017.06.30-01.17.57:114][348]LogModuleManager: Shutting down and abandoning module SourceControl (267)
[2017.06.30-01.17.57:114][348]LogModuleManager: Shutting down and abandoning module LightPropagationVolumeEditor (264)
[2017.06.30-01.17.57:114][348]LogModuleManager: Shutting down and abandoning module PaperTiledImporter (262)
[2017.06.30-01.17.57:115][348]LogModuleManager: Shutting down and abandoning module PaperSpriteSheetImporter (260)
[2017.06.30-01.17.57:115][348]LogModuleManager: Shutting down and abandoning module Paper2DEditor (258)
[2017.06.30-01.17.57:115][348]LogModuleManager: Shutting down and abandoning module MeshPaint (257)
[2017.06.30-01.17.57:115][348]LogModuleManager: Shutting down and abandoning module LevelEditor (255)
[2017.06.30-01.17.57:115][348]LogModuleManager: Shutting down and abandoning module PixelInspectorModule (254)
[2017.06.30-01.17.57:115][348]LogModuleManager: Shutting down and abandoning module MainFrame (252)
[2017.06.30-01.17.57:115][348]LogModuleManager: Shutting down and abandoning module HotReload (251)
[2017.06.30-01.17.57:116][348]LogModuleManager: Shutting down and abandoning module PhysXVehiclesEditor (246)
[2017.06.30-01.17.57:116][348]LogModuleManager: Shutting down and abandoning module PhysXVehicles (244)
[2017.06.30-01.17.57:116][348]LogModuleManager: Shutting down and abandoning module LocationServicesBPLibrary (242)
[2017.06.30-01.17.57:116][348]LogModuleManager: Shutting down and abandoning module ImmediatePhysicsEditor (240)
[2017.06.30-01.17.57:116][348]LogModuleManager: Shutting down and abandoning module ImmediatePhysics (238)
[2017.06.30-01.17.57:116][348]LogModuleManager: Shutting down and abandoning module UdpMessaging (236)
[2017.06.30-01.17.57:216][348]LogModuleManager: Shutting down and abandoning module TcpMessaging (234)
[2017.06.30-01.17.57:317][348]LogModuleManager: Shutting down and abandoning module GameplayTagsEditor (232)
[2017.06.30-01.17.57:317][348]LogModuleManager: Shutting down and abandoning module FacialAnimationEditor (230)
[2017.06.30-01.17.57:317][348]LogModuleManager: Shutting down and abandoning module FacialAnimation (228)
[2017.06.30-01.17.57:317][348]LogModuleManager: Shutting down and abandoning module AssetManagerEditor (226)
[2017.06.30-01.17.57:317][348]LogModuleManager: Shutting down and abandoning module GraphEditor (225)
[2017.06.30-01.17.57:317][348]LogModuleManager: Shutting down and abandoning module ContentBrowser (223)
[2017.06.30-01.17.57:318][348]LogModuleManager: Shutting down and abandoning module LightPropagationVolumeRuntime (220)
[2017.06.30-01.17.57:318][348]LogModuleManager: Shutting down and abandoning module Paper2D (218)
[2017.06.30-01.17.57:318][348]LogModuleManager: Shutting down and abandoning module WindowsMoviePlayer (216)
[2017.06.30-01.17.57:318][348]LogModuleManager: Shutting down and abandoning module WmfMedia (214)
[2017.06.30-01.17.57:318][348]LogModuleManager: Shutting down and abandoning module ClothingSystemEditor (212)
[2017.06.30-01.17.57:318][348]LogModuleManager: Shutting down and abandoning module ClothingSystemRuntime (210)
[2017.06.30-01.17.57:318][348]LogModuleManager: Shutting down and abandoning module MediaAssets (208)
[2017.06.30-01.17.57:318][348]LogModuleManager: Shutting down and abandoning module GameLiveStreaming (206)
[2017.06.30-01.17.57:318][348]LogModuleManager: Shutting down and abandoning module VREditor (204)
[2017.06.30-01.17.57:318][348]LogModuleManager: Shutting down and abandoning module StringTableEditor (202)
[2017.06.30-01.17.57:318][348]LogModuleManager: Shutting down and abandoning module GameplayTasksEditor (200)
[2017.06.30-01.17.57:318][348]LogModuleManager: Shutting down and abandoning module BehaviorTreeEditor (198)
[2017.06.30-01.17.57:318][348]LogModuleManager: Shutting down and abandoning module FunctionalTesting (196)
[2017.06.30-01.17.57:318][348]LogModuleManager: Shutting down and abandoning module CollisionAnalyzer (194)
[2017.06.30-01.17.57:318][348]LogModuleManager: Shutting down and abandoning module UMG (192)
[2017.06.30-01.17.57:318][348]LogModuleManager: Shutting down and abandoning module UMGEditor (191)
[2017.06.30-01.17.57:318][348]LogModuleManager: Shutting down and abandoning module Sequencer (190)
[2017.06.30-01.17.57:318][348]LogModuleManager: Shutting down and abandoning module AssetTools (188)
[2017.06.30-01.17.57:318][348]LogModuleManager: Shutting down and abandoning module MessageLog (187)
[2017.06.30-01.17.57:318][348]LogModuleManager: Shutting down and abandoning module WorkspaceMenuStructure (186)
[2017.06.30-01.17.57:318][348]LogModuleManager: Shutting down and abandoning module SlateReflector (180)
[2017.06.30-01.17.57:318][348]LogModuleManager: Shutting down and abandoning module Slate (178)
[2017.06.30-01.17.57:318][348]LogModuleManager: Shutting down and abandoning module EditorStyle (176)
[2017.06.30-01.17.57:320][348]LogModuleManager: Shutting down and abandoning module SourceCodeAccess (174)
[2017.06.30-01.17.57:320][348]LogModuleManager: Shutting down and abandoning module HeadMountedDisplay (172)
[2017.06.30-01.17.57:320][348]LogModuleManager: Shutting down and abandoning module XAudio2 (170)
[2017.06.30-01.17.57:320][348]LogModuleManager: Shutting down and abandoning module Networking (168)
[2017.06.30-01.17.57:320][348]LogModuleManager: Shutting down and abandoning module Core (164)
[2017.06.30-01.17.57:320][348]LogModuleManager: Shutting down and abandoning module AssetRegistry (162)
[2017.06.30-01.17.57:386][348]LogDirectoryWatcher: A directory notification for '../../../Engine/Content/' was aborted.
[2017.06.30-01.17.57:386][348]LogDirectoryWatcher: A directory notification for '../../../../../../Users/EAE-esports/Documents/Unreal Projects/UE4SummerGameJam/Content/' was aborted.
[2017.06.30-01.17.57:386][348]LogDirectoryWatcher: A directory notification for '../../../Engine/Plugins/2D/Paper2D/Content/' was aborted.
[2017.06.30-01.17.57:386][348]LogDirectoryWatcher: A directory notification for '../../../Engine/Plugins/Runtime/GearVR/Content/' was aborted.
[2017.06.30-01.17.57:388][348]LogModuleManager: Shutting down and abandoning module DirectoryWatcher (161)
[2017.06.30-01.17.57:389][348]LogModuleManager: Shutting down and abandoning module KismetCompiler (158)
[2017.06.30-01.17.57:389][348]LogModuleManager: Shutting down and abandoning module LevelSequence (156)
[2017.06.30-01.17.57:389][348]LogModuleManager: Shutting down and abandoning module PhysXFormats (154)
[2017.06.30-01.17.57:389][348]LogModuleManager: Shutting down and abandoning module MeshUtilities (152)
[2017.06.30-01.17.57:389][348]LogModuleManager: Shutting down and abandoning module SimplygonSwarm (151)
[2017.06.30-01.17.57:389][348]LogModuleManager: Shutting down and abandoning module SimplygonMeshReduction (149)
[2017.06.30-01.17.57:389][348]LogModuleManager: Shutting down and abandoning module QuadricMeshReduction (147)
[2017.06.30-01.17.57:389][348]LogModuleManager: Shutting down and abandoning module DerivedDataCache (144)
[2017.06.30-01.17.57:403][348]LogDerivedDataCache: Shutdown
[2017.06.30-01.17.57:403][348]LogModuleManager: Shutting down and abandoning module TargetPlatform (142)
[2017.06.30-01.17.57:403][348]LogModuleManager: Shutting down and abandoning module VulkanShaderFormat (141)
[2017.06.30-01.17.57:403][348]LogModuleManager: Shutting down and abandoning module ShaderFormatVectorVM (139)
[2017.06.30-01.17.57:403][348]LogModuleManager: Shutting down and abandoning module ShaderFormatOpenGL (137)
[2017.06.30-01.17.57:403][348]LogModuleManager: Shutting down and abandoning module ShaderFormatD3D (135)
[2017.06.30-01.17.57:403][348]LogModuleManager: Shutting down and abandoning module MetalShaderFormat (133)
[2017.06.30-01.17.57:403][348]LogModuleManager: Shutting down and abandoning module TextureFormatUncompressed (131)
[2017.06.30-01.17.57:403][348]LogModuleManager: Shutting down and abandoning module TextureFormatPVR (129)
[2017.06.30-01.17.57:403][348]LogModuleManager: Shutting down and abandoning module TextureFormatDXT (127)
[2017.06.30-01.17.57:403][348]LogModuleManager: Shutting down and abandoning module TextureFormatIntelISPCTexComp (125)
[2017.06.30-01.17.57:403][348]LogModuleManager: Shutting down and abandoning module TextureFormatASTC (123)
[2017.06.30-01.17.57:403][348]LogModuleManager: Shutting down and abandoning module ImageWrapper (122)
[2017.06.30-01.17.57:403][348]LogModuleManager: Shutting down and abandoning module TextureFormatAndroid (119)
[2017.06.30-01.17.57:403][348]LogModuleManager: Shutting down and abandoning module AudioFormatOpus (117)
[2017.06.30-01.17.57:403][348]LogModuleManager: Shutting down and abandoning module AudioFormatOgg (115)
[2017.06.30-01.17.57:403][348]LogModuleManager: Shutting down and abandoning module AudioFormatADPCM (113)
[2017.06.30-01.17.57:403][348]LogModuleManager: Shutting down and abandoning module LinuxTargetPlatform (111)
[2017.06.30-01.17.57:403][348]LogModuleManager: Shutting down and abandoning module LinuxServerTargetPlatform (109)
[2017.06.30-01.17.57:403][348]LogModuleManager: Shutting down and abandoning module LinuxNoEditorTargetPlatform (107)
[2017.06.30-01.17.57:403][348]LogModuleManager: Shutting down and abandoning module LinuxClientTargetPlatform (105)
[2017.06.30-01.17.57:403][348]LogModuleManager: Shutting down and abandoning module TVOSTargetPlatform (103)
[2017.06.30-01.17.57:403][348]LogModuleManager: Shutting down and abandoning module Messaging (101)
[2017.06.30-01.17.57:403][348]LogModuleManager: Shutting down and abandoning module IOSTargetPlatform (99)
[2017.06.30-01.17.57:403][348]LogModuleManager: Shutting down and abandoning module HTML5TargetPlatform (97)
[2017.06.30-01.17.57:403][348]LogModuleManager: Shutting down and abandoning module Android_PVRTCTargetPlatform (95)
[2017.06.30-01.17.57:403][348]LogModuleManager: Shutting down and abandoning module Android_MultiTargetPlatform (93)
[2017.06.30-01.17.57:403][348]LogModuleManager: Shutting down and abandoning module Android_ETC2TargetPlatform (91)
[2017.06.30-01.17.57:403][348]LogModuleManager: Shutting down and abandoning module Android_ETC1TargetPlatform (89)
[2017.06.30-01.17.57:403][348]LogModuleManager: Shutting down and abandoning module Android_DXTTargetPlatform (87)
[2017.06.30-01.17.57:403][348]LogModuleManager: Shutting down and abandoning module Android_ATCTargetPlatform (85)
[2017.06.30-01.17.57:403][348]LogModuleManager: Shutting down and abandoning module Android_ASTCTargetPlatform (83)
[2017.06.30-01.17.57:403][348]LogModuleManager: Shutting down and abandoning module AndroidTargetPlatform (81)
[2017.06.30-01.17.57:403][348]LogModuleManager: Shutting down and abandoning module WindowsTargetPlatform (79)
[2017.06.30-01.17.57:403][348]LogModuleManager: Shutting down and abandoning module WindowsServerTargetPlatform (77)
[2017.06.30-01.17.57:403][348]LogModuleManager: Shutting down and abandoning module WindowsNoEditorTargetPlatform (75)
[2017.06.30-01.17.57:403][348]LogModuleManager: Shutting down and abandoning module WindowsClientTargetPlatform (73)
[2017.06.30-01.17.57:404][348]LogModuleManager: Shutting down and abandoning module MacTargetPlatform (71)
[2017.06.30-01.17.57:404][348]LogModuleManager: Shutting down and abandoning module MacServerTargetPlatform (69)
[2017.06.30-01.17.57:404][348]LogModuleManager: Shutting down and abandoning module MacNoEditorTargetPlatform (67)
[2017.06.30-01.17.57:404][348]LogModuleManager: Shutting down and abandoning module MacClientTargetPlatform (65)
[2017.06.30-01.17.57:404][348]LogModuleManager: Shutting down and abandoning module AllDesktopTargetPlatform (63)
[2017.06.30-01.17.57:404][348]LogModuleManager: Shutting down and abandoning module InputCore (60)
[2017.06.30-01.17.57:404][348]LogModuleManager: Shutting down and abandoning module Settings (58)
[2017.06.30-01.17.57:404][348]LogModuleManager: Shutting down and abandoning module OculusRift (56)
[2017.06.30-01.17.57:404][348]LogModuleManager: Shutting down and abandoning module GearVRController (54)
[2017.06.30-01.17.57:404][348]LogModuleManager: Shutting down and abandoning module GearVR (52)
[2017.06.30-01.17.57:404][348]LogModuleManager: Shutting down and abandoning module ExampleDeviceProfileSelector (50)
[2017.06.30-01.17.57:404][348]LogModuleManager: Shutting down and abandoning module OnlineBlueprintSupport (48)
[2017.06.30-01.17.57:404][348]LogModuleManager: Shutting down and abandoning module OnlineSubsystem (44)
[2017.06.30-01.17.57:404][348]LogOnline:Display: Unloading online subsystem: NULL
[2017.06.30-01.17.57:404][348]LogModuleManager: Shutting down and abandoning module XMPP (43)
[2017.06.30-01.17.57:404][348]LogModuleManager: Shutting down and abandoning module HTTP (41)
[2017.06.30-01.17.57:404][348]LogHttp:Display: Http module shutting down, but needs to wait on 1 outstanding Http requests:
[2017.06.30-01.17.57:404][348]LogHttp:Display: 	verb=[POST] url=[https://datarouter.ol.epicgames.com/datarouter/api/v1/public/data?SessionID=%7B613E8484-4AF2-5334-7D3D-6EAC59CA93F8%7D&AppID=UEEditor.Rocket.Release&AppVersion=4.16.2-3514769%2B%2B%2BUE4%2BRelease-4.16&UserID=47435c114ceef13c1f7db3b34ef40321%7C74932eff969240d1ba4147fbc72e9777%7Ccacb3eb9-9498-414b-a7bd-2044d5071582&AppEnvironment=datacollector-binary&UploadType=eteventstream] status=Processing
[2017.06.30-01.17.57:433][348]LogModuleManager: Shutting down and abandoning module SSL (40)
[2017.06.30-01.17.57:434][348]LogModuleManager: Shutting down and abandoning module HTTPChunkInstaller (36)
[2017.06.30-01.17.57:434][348]LogModuleManager: Shutting down and abandoning module AnimationModifiers (34)
[2017.06.30-01.17.57:434][348]LogModuleManager: Shutting down and abandoning module PropertyEditor (33)
[2017.06.30-01.17.57:434][348]LogModuleManager: Shutting down and abandoning module AudioEditor (30)
[2017.06.30-01.17.57:434][348]LogModuleManager: Shutting down and abandoning module TextureCompressor (28)
[2017.06.30-01.17.57:434][348]LogModuleManager: Shutting down and abandoning module ShaderCore (26)
[2017.06.30-01.17.57:434][348]LogModuleManager: Shutting down and abandoning module Landscape (24)
[2017.06.30-01.17.57:434][348]LogModuleManager: Shutting down and abandoning module SlateRHIRenderer (22)
[2017.06.30-01.17.57:435][348]LogModuleManager: Shutting down and abandoning module OpenGLDrv (20)
[2017.06.30-01.17.57:435][348]LogModuleManager: Shutting down and abandoning module D3D11RHI (18)
[2017.06.30-01.17.57:435][348]LogModuleManager: Shutting down and abandoning module AnimGraphRuntime (16)
[2017.06.30-01.17.57:435][348]LogModuleManager: Shutting down and abandoning module Renderer (14)
[2017.06.30-01.17.57:435][348]LogModuleManager: Shutting down and abandoning module Engine (12)
[2017.06.30-01.17.57:435][348]LogModuleManager: Shutting down and abandoning module CoreUObject (10)
[2017.06.30-01.17.57:435][348]LogModuleManager: Shutting down and abandoning module NetworkFile (8)
[2017.06.30-01.17.57:435][348]LogModuleManager: Shutting down and abandoning module StreamingFile (6)
[2017.06.30-01.17.57:435][348]LogModuleManager: Shutting down and abandoning module SandboxFile (4)
[2017.06.30-01.17.57:435][348]LogModuleManager: Shutting down and abandoning module PakFile (2)
[2017.06.30-01.17.57:436][348]LogExit: Exiting.
[2017.06.30-01.17.57:447][348]Log file closed, 06/29/17 19:17:57
