Log file open, 06/29/17 23:01:32
LogInit:Display: Running engine for game: UE4SummerGameJam
LogPlatformFile: Not using cached read wrapper
LogInit:Display: RandInit(471875251) SRandInit(471875251).
LogTaskGraph: Started task graph with 5 named threads and 8 total threads with 1 sets of task threads.
LogStats: Stats thread started at 0.089282
LogInit: Using libcurl 7.47.1
LogInit:  - built for x86_64-pc-win32
LogInit:  - supports SSL with OpenSSL/1.0.2g
LogInit:  - supports HTTP deflate (compression) using libz 1.2.8
LogInit:  - other features:
LogInit:      CURL_VERSION_SSL
LogInit:      CURL_VERSION_LIBZ
LogInit:      CURL_VERSION_IPV6
LogInit:      CURL_VERSION_ASYNCHDNS
LogInit:      CURL_VERSION_LARGEFILE
LogInit:      CURL_VERSION_IDN
LogInit:  CurlRequestOptions (configurable via config and command line):
LogInit:  - bVerifyPeer = false  - Libcurl will NOT verify peer certificate
LogInit:  - bUseHttpProxy = false  - Libcurl will NOT use HTTP proxy
LogInit:  - bDontReuseConnections = false  - Libcurl will reuse connections
LogInit:  - CertBundlePath = nullptr  - Libcurl will use whatever was configured at build time.
LogInit: Build: ++UE4+Release-4.16-CL-3514769
LogInit: Engine Version: 4.16.2-3514769+++UE4+Release-4.16
LogInit: Compatible Engine Version: 4.16.0-3452394+++UE4+Release-4.16
LogInit: Net CL: 3452394
LogDevObjectVersion: Number of dev versions registered: 16
LogDevObjectVersion:   Dev-Blueprints (B0D832E4-1F89-4F0D-ACCF-7EB736FD4AA2): 9
LogDevObjectVersion:   Dev-Build (E1C64328-A22C-4D53-A36C-8E866417BD8C): 0
LogDevObjectVersion:   Dev-Core (375EC13C-06E4-48FB-B500-84F0262A717E): 2
LogDevObjectVersion:   Dev-Editor (E4B068ED-F494-42E9-A231-DA0B2E46BB41): 17
LogDevObjectVersion:   Dev-Framework (CFFC743F-43B0-4480-9391-14DF171D2073): 23
LogDevObjectVersion:   Dev-Mobile (B02B49B5-BB20-44E9-A304-32B752E40360): 0
LogDevObjectVersion:   Dev-Networking (A4E4105C-59A1-49B5-A7C5-40C4547EDFEE): 0
LogDevObjectVersion:   Dev-Online (39C831C9-5AE6-47DC-9A44-9C173E1C8E7C): 0
LogDevObjectVersion:   Dev-Physics (78F01B33-EBEA-4F98-B9B4-84EACCB95AA2): 0
LogDevObjectVersion:   Dev-Platform (6631380F-2D4D-43E0-8009-CF276956A95A): 0
LogDevObjectVersion:   Dev-Rendering (12F88B9F-8875-4AFC-A67C-D90C383ABD29): 15
LogDevObjectVersion:   Dev-Sequencer (7B5AE74C-D270-4C10-A958-57980B212A5A): 4
LogDevObjectVersion:   Dev-VR (D7296918-1DD6-4BDD-9DE2-64A83CC13884): 0
LogDevObjectVersion:   Dev-LoadTimes (C2A15278-BFE7-4AFE-6C17-90FF531DF755): 1
LogDevObjectVersion:   Private-Geometry (6EACA3D4-40EC-4CC1-B786-8BED09428FC5): 1
LogDevObjectVersion:   Dev-AnimPhys (29E575DD-E0A3-4627-9D10-D276232CDCEA): 3
LogInit: Compiled (64-bit): Jun 29 2017 02:03:24
LogInit: Compiled with Visual C++: 19.00.24215.01
LogInit: Build Configuration: Development
LogInit: Branch Name: ++UE4+Release-4.16
LogInit: Command line: -EpicPortal 
LogInit: Base directory: C:/Program Files/Epic Games/UE_4.16/Engine/Binaries/Win64/
LogInit: Installed Engine Build: 1
LogInit: Presizing for max 8388607 objects, including 0 objects not considered by GC, pre-allocating 0 bytes for permanent pool.
LogInit: Object subsystem initialized
[2017.06.30-05.01.33:358][  0]LogInit: Selected Device Profile: [Windows]
[2017.06.30-05.01.33:358][  0]LogInit: Applying CVar settings loaded from the selected device profile: [Windows]
[2017.06.30-05.01.33:371][  0]LogInit: Computer: eae-d-016
[2017.06.30-05.01.33:371][  0]LogInit: User: u0845368
[2017.06.30-05.01.33:371][  0]LogInit: CPU Page size=4096, Cores=4
[2017.06.30-05.01.33:371][  0]LogInit: High frequency timer resolution =3.513592 MHz
[2017.06.30-05.01.33:371][  0]LogMemory: Memory total: Physical=31.9GB (32GB approx)
[2017.06.30-05.01.33:371][  0]LogMemory: Platform Memory Stats for Windows
[2017.06.30-05.01.33:371][  0]LogMemory: Process Physical Memory: 273.62 MB used, 273.62 MB peak
[2017.06.30-05.01.33:371][  0]LogMemory: Process Virtual Memory: 261.20 MB used, 261.20 MB peak
[2017.06.30-05.01.33:371][  0]LogMemory: Physical Memory: 4724.79 MB used,  27919.85 MB free, 32644.64 MB total
[2017.06.30-05.01.33:371][  0]LogMemory: Virtual Memory: 638.62 MB used,  27919.85 MB free, 134217728.00 MB total
[2017.06.30-05.01.33:428][  0]LogInit: Using OS detected language (en-US).
[2017.06.30-05.01.33:428][  0]LogInit: Using OS detected locale (en-US).
[2017.06.30-05.01.33:430][  0]LogTextLocalizationManager: No specific localization for 'en-US' exists, so the 'en' localization will be used.
[2017.06.30-05.01.34:207][  0]LogD3D11RHI: D3D11 adapters:
[2017.06.30-05.01.34:235][  0]LogD3D11RHI:    0. 'NVIDIA GeForce GTX 1070' (Feature Level 11_0)
[2017.06.30-05.01.34:235][  0]LogD3D11RHI:       8119/0/16322 MB DedicatedVideo/DedicatedSystem/SharedSystem, Outputs:1, VendorId:0x10de
[2017.06.30-05.01.34:240][  0]LogD3D11RHI:    1. 'Intel(R) HD Graphics 4600' (Feature Level 11_0)
[2017.06.30-05.01.34:240][  0]LogD3D11RHI:       112/0/2048 MB DedicatedVideo/DedicatedSystem/SharedSystem, Outputs:0, VendorId:0x8086
[2017.06.30-05.01.34:241][  0]LogD3D11RHI:    2. 'Microsoft Basic Render Driver' (Feature Level 11_0)
[2017.06.30-05.01.34:241][  0]LogD3D11RHI:       0/0/16322 MB DedicatedVideo/DedicatedSystem/SharedSystem, Outputs:0, VendorId:0x1414
[2017.06.30-05.01.34:241][  0]LogD3D11RHI: Chosen D3D11 Adapter: 0
[2017.06.30-05.01.34:245][  0]LogD3D11RHI: Creating new Direct3DDevice
[2017.06.30-05.01.34:245][  0]LogD3D11RHI:     GPU DeviceId: 0x1b81 (for the marketing name, search the web for "GPU Device Id")
[2017.06.30-05.01.34:245][  0]LogWindows: EnumDisplayDevices:
[2017.06.30-05.01.34:245][  0]LogWindows:    0. 'NVIDIA GeForce GTX 1070' (P:1 D:1)
[2017.06.30-05.01.34:245][  0]LogWindows:    1. 'NVIDIA GeForce GTX 1070' (P:0 D:0)
[2017.06.30-05.01.34:245][  0]LogWindows:    2. 'NVIDIA GeForce GTX 1070' (P:0 D:0)
[2017.06.30-05.01.34:245][  0]LogWindows:    3. 'NVIDIA GeForce GTX 1070' (P:0 D:0)
[2017.06.30-05.01.34:245][  0]LogWindows:    4. 'Intel(R) HD Graphics 4600' (P:0 D:0)
[2017.06.30-05.01.34:245][  0]LogWindows:    5. 'Intel(R) HD Graphics 4600' (P:0 D:0)
[2017.06.30-05.01.34:245][  0]LogWindows:    6. 'Intel(R) HD Graphics 4600' (P:0 D:0)
[2017.06.30-05.01.34:246][  0]LogWindows: DebugString: PrimaryIsNotTheChoosenAdapter PrimaryIsNotTheChoosenAdapter PrimaryIsNotTheChoosenAdapter FoundDriverCount:4 
[2017.06.30-05.01.34:246][  0]LogD3D11RHI:     Adapter Name: NVIDIA GeForce GTX 1070
[2017.06.30-05.01.34:246][  0]LogD3D11RHI:   Driver Version: 378.92 (internal:21.21.13.7892, unified:378.92)
[2017.06.30-05.01.34:246][  0]LogD3D11RHI:      Driver Date: 3-16-2017
[2017.06.30-05.01.34:246][  0]LogRHI: Texture pool is 1361 MB (70% of 1945 MB)
[2017.06.30-05.01.34:257][  0]LogD3D11RHI: Async texture creation enabled
[2017.06.30-05.01.34:267][  0]LogD3D11RHI: GPU Timing Frequency: 1000.000000 (Debug: 2 1)
[2017.06.30-05.01.34:315][  0]LogShaderCompilers: Guid format shader working directory is -28 characters bigger than the processId version (../../../../../../Users/u0845368/Documents/GitHub/UE4GameJam/UE4SummerGameJam/Intermediate/Shaders/WorkingDirectory/3520/).
[2017.06.30-05.01.34:315][  0]LogShaderCompilers: Cleaned the shader compiler working directory 'C:/Users/u0845368/AppData/Local/Temp/UnrealShaderWorkingDir/666B24D4437D3D0F16AB02A0C055EAE0/'.
[2017.06.30-05.01.34:315][  0]LogShaderCompilers:Display: Using Local Shader Compiler.
[2017.06.30-05.01.35:224][  0]LogTemp:Display: Loaded TP AllDesktopTargetPlatform
[2017.06.30-05.01.35:265][  0]LogTemp:Display: Loaded TP MacClientTargetPlatform
[2017.06.30-05.01.35:305][  0]LogTemp:Display: Loaded TP MacNoEditorTargetPlatform
[2017.06.30-05.01.35:346][  0]LogTemp:Display: Loaded TP MacServerTargetPlatform
[2017.06.30-05.01.35:387][  0]LogTemp:Display: Loaded TP MacTargetPlatform
[2017.06.30-05.01.35:428][  0]LogTemp:Display: Loaded TP WindowsClientTargetPlatform
[2017.06.30-05.01.35:469][  0]LogTemp:Display: Loaded TP WindowsNoEditorTargetPlatform
[2017.06.30-05.01.35:510][  0]LogTemp:Display: Loaded TP WindowsServerTargetPlatform
[2017.06.30-05.01.35:547][  0]LogTemp:Display: Loaded TP WindowsTargetPlatform
[2017.06.30-05.01.35:587][  0]LogTemp:Display: Loaded TP AndroidTargetPlatform
[2017.06.30-05.01.35:627][  0]LogTemp:Display: Loaded TP Android_ASTCTargetPlatform
[2017.06.30-05.01.35:667][  0]LogTemp:Display: Loaded TP Android_ATCTargetPlatform
[2017.06.30-05.01.35:707][  0]LogTemp:Display: Loaded TP Android_DXTTargetPlatform
[2017.06.30-05.01.35:747][  0]LogTemp:Display: Loaded TP Android_ETC1TargetPlatform
[2017.06.30-05.01.35:787][  0]LogTemp:Display: Loaded TP Android_ETC2TargetPlatform
[2017.06.30-05.01.35:866][  0]LogTemp:Display: Loaded TP Android_MultiTargetPlatform
[2017.06.30-05.01.35:866][  0]LogTemp:Display: Loaded TP Android_PVRTCTargetPlatform
[2017.06.30-05.01.35:897][  0]LogTemp:Display: Loaded TP HTML5TargetPlatform
[2017.06.30-05.01.35:976][  0]LogTemp:Display: Loaded TP IOSTargetPlatform
[2017.06.30-05.01.36:000][  0]LogTemp:Display: Loaded TP TVOSTargetPlatform
[2017.06.30-05.01.36:040][  0]LogTemp:Display: Loaded TP LinuxClientTargetPlatform
[2017.06.30-05.01.36:079][  0]LogTemp:Display: Loaded TP LinuxNoEditorTargetPlatform
[2017.06.30-05.01.36:119][  0]LogTemp:Display: Loaded TP LinuxServerTargetPlatform
[2017.06.30-05.01.36:159][  0]LogTemp:Display: Loaded TP LinuxTargetPlatform
[2017.06.30-05.01.36:159][  0]LogTargetPlatformManager:Display: Building Assets For Windows
[2017.06.30-05.01.36:559][  0]LogDerivedDataCache:Display: Max Cache Size: 512 MB
[2017.06.30-05.01.36:639][  0]LogDerivedDataCache: Loaded boot cache 0.08s 90MB C:/Users/u0845368/AppData/Local/UnrealEngine/4.16/DerivedDataCache/Boot.ddc.
[2017.06.30-05.01.36:640][  0]LogDerivedDataCache:Display: Loaded Boot cache: C:/Users/u0845368/AppData/Local/UnrealEngine/4.16/DerivedDataCache/Boot.ddc
[2017.06.30-05.01.36:640][  0]LogDerivedDataCache: FDerivedDataBackendGraph:  Pak pak cache file ../../../../../../Users/u0845368/Documents/GitHub/UE4GameJam/UE4SummerGameJam/DerivedDataCache/DDC.ddp not found, will not use a pak cache.
[2017.06.30-05.01.36:640][  0]LogDerivedDataCache: Unable to find inner node Pak for hierarchical cache Hierarchy.
[2017.06.30-05.01.36:640][  0]LogDerivedDataCache: FDerivedDataBackendGraph:  CompressedPak pak cache file ../../../../../../Users/u0845368/Documents/GitHub/UE4GameJam/UE4SummerGameJam/DerivedDataCache/Compressed.ddp not found, will not use a pak cache.
[2017.06.30-05.01.36:640][  0]LogDerivedDataCache: Unable to find inner node CompressedPak for hierarchical cache Hierarchy.
[2017.06.30-05.01.36:656][  0]LogDerivedDataCache:Display: Pak cache opened for reading ../../../Engine/DerivedDataCache/Compressed.ddp.
[2017.06.30-05.01.36:668][  0]LogDerivedDataCache: Using Local data cache path C:/Users/u0845368/AppData/Local/UnrealEngine/Common/DerivedDataCache: Writable
[2017.06.30-05.01.36:676][  0]LogMaterial: Verifying Global Shaders for PCD3D_SM5
[2017.06.30-05.01.36:677][  0]LogSlate: Using Freetype 2.6.0
[2017.06.30-05.01.36:677][  0]LogSlate: SlateFontCache - WITH_FREETYPE: 1, WITH_HARFBUZZ: 1
[2017.06.30-05.01.36:677][  0]LogSlate: SlateFontCache - WITH_FREETYPE: 1, WITH_HARFBUZZ: 1
[2017.06.30-05.01.36:941][  0]LogInit: Selected Device Profile: [Windows]
[2017.06.30-05.01.37:008][  0]LogContentStreaming: Texture pool size is 0.00 MB
[2017.06.30-05.01.37:142][  0]LogMeshUtilities: Using QuadricMeshReduction for automatic static mesh reduction
[2017.06.30-05.01.37:177][  0]LogSimplygon: Simplygon DLL not present - disabling.
[2017.06.30-05.01.37:217][  0]LogMeshUtilities: Using SimplygonSwarm for distributed automatic mesh merging
[2017.06.30-05.01.37:217][  0]LogMeshUtilities: No automatic skeletal mesh reduction module available
[2017.06.30-05.01.37:217][  0]LogMeshUtilities: No automatic mesh merging module available
[2017.06.30-05.01.37:672][  0]LogNetVersion: UE4SummerGameJam , NetCL: 3452394, EngineNetVer: 2, GameNetVer: 0 (Checksum: 4194117113)
[2017.06.30-05.01.37:727][  0]LogAssetRegistry: FAssetRegistry took 0.0247 seconds to start up
[2017.06.30-05.01.37:788][  0]LogPackageLocalizationCache: Processed 4 localized package path(s) for 2 prioritized culture(s) in 0.039845 seconds
[2017.06.30-05.01.37:793][  0]LogUObjectArray: 34194 objects as part of root set at end of initial load.
[2017.06.30-05.01.37:793][  0]LogUObjectAllocator: 7260416 out of 0 bytes used by permanent object pool.
[2017.06.30-05.01.37:793][  0]LogUObjectArray: CloseDisregardForGC: 0/0 objects in disregard for GC pool
[2017.06.30-05.01.37:848][  0]LogInit: WinSock: version 1.1 (2.2), MaxSocks=32767, MaxUdp=65467
[2017.06.30-05.01.39:908][  0]LogTcpMessaging: Initializing TcpMessaging bridge
[2017.06.30-05.01.39:944][  0]LogUdpMessaging: Initializing bridge on interface 0.0.0.0:0 to multicast group 230.0.0.1:6666.
[2017.06.30-05.01.40:393][  0]LogMaterial: Uniform references updated for custom material expression Custom.
[2017.06.30-05.01.40:731][  0]SourceControl: Info Source control is disabled
[2017.06.30-05.01.40:762][  0]SourceControl: Info Source control is disabled
[2017.06.30-05.01.40:806][  0]SourceControl: Info Source control is disabled
[2017.06.30-05.01.40:846][  0]SourceControl: Info Source control is disabled
[2017.06.30-05.01.41:431][  0]LogAndroidPermission: UAndroidPermissionCallbackProxy::GetInstance
[2017.06.30-05.01.41:942][  0]LogEngine: Initializing Engine...
[2017.06.30-05.01.41:942][  0]LogHMD: Failed to initialize OpenVR with code 110
[2017.06.30-05.01.42:133][  0]LogStats: UGameplayTagsManager::ConstructGameplayTagTree: Construct from data asset -  0.000 s
[2017.06.30-05.01.42:133][  0]LogStats: UGameplayTagsManager::ConstructGameplayTagTree: GameplayTagTreeChangedEvent.Broadcast -  0.000 s
[2017.06.30-05.01.42:250][  0]LogAIModule: Creating AISystem for world Untitled
[2017.06.30-05.01.42:264][  0]LogInit: XAudio2 using 'DELL UZ2315H-4 (NVIDIA High Definition Audio)' : 2 channels at 48 kHz using 16 bits per sample (channel mask 0x3)
[2017.06.30-05.01.42:282][  0]LogInit: FAudioDevice initialized.
[2017.06.30-05.01.42:333][  0]LogDerivedDataCache: Saved boot cache 0.05s 90MB C:/Users/u0845368/AppData/Local/UnrealEngine/4.16/DerivedDataCache/Boot.ddc.
[2017.06.30-05.01.42:343][  0]LogInit: Texture streaming: Enabled
[2017.06.30-05.01.42:433][  0]LogEngineSessionManager: EngineSessionManager initialized
[2017.06.30-05.01.42:619][  0]LogInit: Transaction tracking system initialized
[2017.06.30-05.01.42:885][  0]BlueprintLog: New page: Editor Load
[2017.06.30-05.01.43:680][  0]LocalizationService: Info Localization service is disabled
[2017.06.30-05.01.44:242][  0]LogConsoleResponse:Display: 
[2017.06.30-05.01.44:367][  0]LogCook:Display: Max memory allowance for cook 16384mb min free memory 0mb
[2017.06.30-05.01.44:367][  0]LogCook:Display: Mobile HDR setting 1
[2017.06.30-05.01.45:172][  0]LogFileCache: Scanning file cache for directory 'C:/Users/u0845368/Documents/GitHub/UE4GameJam/UE4SummerGameJam/Content/' took 0.02s
[2017.06.30-05.01.45:211][  0]SourceControl: Info Source control is disabled
[2017.06.30-05.01.45:211][  0]Cmd: MAP LOAD FILE="../../../../../../Users/u0845368/Documents/GitHub/UE4GameJam/UE4SummerGameJam/Content/StarterContent/Maps/Minimal_Default.umap" TEMPLATE=0 SHOWPROGRESS=1 FEATURELEVEL=3
[2017.06.30-05.01.45:211][  0]LightingResults: New page: Lighting Build
[2017.06.30-05.01.45:246][  0]MapCheck: New page: Map Check
[2017.06.30-05.01.45:246][  0]LightingResults: New page: Lighting Build
[2017.06.30-05.01.45:452][  0]LogAIModule: Creating AISystem for world Minimal_Default
[2017.06.30-05.01.45:461][  0]LogEditorServer: Finished looking for orphan Actors (0.000 secs)
[2017.06.30-05.01.45:480][  0]Cmd: MAP CHECKDEP NOCLEARLOG
[2017.06.30-05.01.45:519][  0]MapCheck: Info Map check complete: 0 Error(s), 0 Warning(s), took 38.485ms to complete.
[2017.06.30-05.01.45:519][  0]LogFileHelpers: Loading map 'Minimal_Default' took 0.308
[2017.06.30-05.01.45:564][  0]LogWindowsTextInputMethodSystem:Display: IME system now deactivated.
[2017.06.30-05.01.45:565][  0]LogWindowsTextInputMethodSystem:Display: IME system now deactivated.
[2017.06.30-05.01.45:646][  0]LogCollectionManager: Loaded 0 collections in 0.001325 seconds
[2017.06.30-05.01.45:717][  0]LogFileCache: Scanning file cache for directory 'C:/Users/u0845368/Documents/GitHub/UE4GameJam/UE4SummerGameJam/Saved/Collections/' took 0.01s
[2017.06.30-05.01.45:717][  0]LogFileCache: Scanning file cache for directory 'C:/Users/u0845368/Documents/GitHub/UE4GameJam/UE4SummerGameJam/Content/Developers/u0845368/Collections/' took 0.01s
[2017.06.30-05.01.45:717][  0]LogFileCache: Scanning file cache for directory 'C:/Users/u0845368/Documents/GitHub/UE4GameJam/UE4SummerGameJam/Content/Collections/' took 0.01s
[2017.06.30-05.01.45:717][  0]LogCollectionManager: Rebuilt the GUID cache for 0 collections in 0.000001 seconds
[2017.06.30-05.01.45:725][  0]LogContentBrowser: Native class hierarchy populated in 0.0080 seconds. Added 2329 classes and 491 folders.
[2017.06.30-05.01.45:779][  0]LogContentBrowser: Native class hierarchy updated for 'WidgetCarousel' in 0.0005 seconds. Added 0 classes and 0 folders.
[2017.06.30-05.01.46:075][  0]LogContentBrowser: Native class hierarchy updated for 'AddContentDialog' in 0.0005 seconds. Added 0 classes and 0 folders.
[2017.06.30-05.01.46:112][  0]LogContentBrowser: Native class hierarchy updated for 'SceneOutliner' in 0.0005 seconds. Added 1 classes and 2 folders.
[2017.06.30-05.01.46:149][  0]LogCrashTracker: Crashtracker disabled due to settings.
[2017.06.30-05.01.46:155][  0]LogSlate: Took 0.000175 seconds to synchronously load lazily loaded font '../../../Engine/Content/Slate/Fonts/Roboto-Regular.ttf' (155K)
[2017.06.30-05.01.46:156][  0]LogSlate: Took 0.000122 seconds to synchronously load lazily loaded font '../../../Engine/Content/Slate/Fonts/Roboto-Bold.ttf' (160K)
[2017.06.30-05.01.46:165][  0]LogSlate: Took 0.004569 seconds to synchronously load lazily loaded font '../../../Engine/Content/Editor/Slate/Fonts/FontAwesome.ttf' (139K)
[2017.06.30-05.01.46:271][  0]LogRenderer: Reallocating scene render targets to support 1208x576 NumSamples 1 (Frame:1).
[2017.06.30-05.01.46:465][  0]LogContentBrowser: Native class hierarchy updated for 'HierarchicalLODOutliner' in 0.0005 seconds. Added 1 classes and 2 folders.
[2017.06.30-05.01.46:465][  0]LogLoad: (Engine Initialization) Total time: 14.63 seconds
[2017.06.30-05.01.46:465][  0]LogLoad: (Engine Initialization) Total Blueprint compile time: 0.08 seconds
[2017.06.30-05.01.46:465][  0]LogExternalProfiler: Found external profiler: VSPerf
[2017.06.30-05.01.46:465][  0]LogExternalProfiler: Using external profiler: VSPerf
[2017.06.30-05.01.46:476][  0]LogOcInput: OculusInput pre-init called
[2017.06.30-05.01.46:476][  0]LogHMD: Starting GearVRController plugin
[2017.06.30-05.01.46:490][  0]LogAssetRegistry: Asset discovery search completed in 8.7840 seconds
[2017.06.30-05.01.46:491][  0]LogCollectionManager: Rebuilt the object cache for 0 collections in 0.000001 seconds (found 0 objects)
[2017.06.30-05.01.46:491][  0]LogCollectionManager: Fixed up redirectors for 0 collections in 0.000018 seconds (updated 0 objects)
[2017.06.30-05.01.46:494][  0]LogContentStreaming: Texture pool size now 1000 MB
[2017.06.30-05.01.46:538][  0]LogSlate: Took 0.004787 seconds to synchronously load lazily loaded font '../../../Engine/Content/Slate/Fonts/Roboto-Light.ttf' (159K)
[2017.06.30-05.01.47:497][102]LogSlate: Took 0.000187 seconds to synchronously load lazily loaded font '../../../Engine/Content/Slate/Fonts/Roboto-Light.ttf' (159K)
[2017.06.30-05.04.36:015][ 46]LogSlate: Took 0.000121 seconds to synchronously load lazily loaded font '../../../Engine/Content/Slate/Fonts/Roboto-Light.ttf' (159K)
[2017.06.30-05.04.36:023][ 46]LogFactory: FactoryCreateFile: StaticMesh with FbxFactory (0 0 F:/2017 Unreal Summer Game Jam/scenes/Exports/Table/Final/Table.fbx)
[2017.06.30-05.04.36:032][ 46]LogFbx: ItemName: GlobalSettings, ItemCount : 1
[2017.06.30-05.04.36:032][ 46]LogFbx: ItemName: AnimationStack, ItemCount : 1
[2017.06.30-05.04.36:032][ 46]LogFbx: ItemName: AnimationLayer, ItemCount : 1
[2017.06.30-05.04.36:032][ 46]LogFbx: ItemName: NodeAttribute, ItemCount : 6
[2017.06.30-05.04.36:032][ 46]LogFbx: ItemName: Model, ItemCount : 7
[2017.06.30-05.04.36:032][ 46]LogFbx: ItemName: Geometry, ItemCount : 1
[2017.06.30-05.04.36:032][ 46]LogFbx: ItemName: Material, ItemCount : 1
[2017.06.30-05.04.36:032][ 46]LogFbx: ItemName: Texture, ItemCount : 1
[2017.06.30-05.04.36:032][ 46]LogFbx: ItemName: Video, ItemCount : 1
[2017.06.30-05.04.36:036][ 46]LogFbx: Loading FBX Scene from F:/2017 Unreal Summer Game Jam/scenes/Exports/Table/Final/Table.fbx
[2017.06.30-05.04.36:042][ 46]LogFbx: FBX Scene Loaded Succesfully
[2017.06.30-05.04.39:128][ 46]LogFbx: Loading FBX Scene from F:/2017 Unreal Summer Game Jam/scenes/Exports/Table/Final/Table.fbx
[2017.06.30-05.04.39:134][ 46]LogFbx: FBX Scene Loaded Succesfully
[2017.06.30-05.04.39:136][ 46]LogLinker: Can't find file '/Game/Game/Models/lambert2'
[2017.06.30-05.04.39:136][ 46]LogLinker: Can't find file '/Game/Game/Models/lambert2'
[2017.06.30-05.04.39:140][ 46]LogLinker: Can't find file '/Game/Game/Models/wood'
[2017.06.30-05.04.39:140][ 46]LogLinker: Can't find file '/Game/Game/Models/wood'
[2017.06.30-05.04.39:140][ 46]LogFbxMaterialImport:Warning: Unable to find Texture file C:/Users/u0845368/Documents/maya/projects/2017 Unreal Summer Game Jam/sourceimages/wood.tga
[2017.06.30-05.04.39:142][ 46]LogMaterial: Missing cached shader map for material lambert2, compiling. 
[2017.06.30-05.04.39:166][ 46]LogFbx:Warning: Triangulating static mesh pCube4
[2017.06.30-05.04.39:171][ 46]LogStaticMesh: Building static mesh Table...
[2017.06.30-05.04.39:176][ 46]LogStaticMesh: Built static mesh [0.01s] /Game/Game/Models/Table.Table
[2017.06.30-05.04.39:185][ 46]FBXImport:Warning: Warning No smoothing group information was found in this FBX scene.  Please make sure to enable the 'Export Smoothing Groups' option in the FBX Exporter plug-in before exporting the file.  Even for tools that don't support smoothing groups, the FBX Exporter will generate appropriate smoothing data at export-time so that correct vertex normals can be inferred while importing. 
[2017.06.30-05.04.39:288][ 46]LogFactory: FactoryCreateFile: Texture with ReimportTextureFactory (0 0 F:/2017 Unreal Summer Game Jam/scenes/Exports/Table/Final/wood.tga)
[2017.06.30-05.04.39:394][ 46]LogTexture:Display: Building textures: wood (AutoDXT, 2048X2048)
[2017.06.30-05.04.48:687][ 15]LogMaterial: Missing cached shader map for material lambert2, compiling. 
[2017.06.30-05.04.48:748][ 15]LogMaterial: Missing cached shader map for material lambert2, compiling. 
[2017.06.30-05.04.48:783][ 15]LogMaterial: Missing cached shader map for material FMatExpressionPreview MaterialExpressionVectorParameter_0, compiling. 
[2017.06.30-05.04.48:799][ 15]LogSlate: Took 0.005518 seconds to synchronously load lazily loaded font '../../../Engine/Content/Editor/Slate/Fonts/Roboto-BoldCondensed.ttf' (158K)
[2017.06.30-05.04.48:941][ 16]LogSlate: Took 0.003933 seconds to synchronously load lazily loaded font '../../../Engine/Content/Editor/Slate/Fonts/Roboto-Italic.ttf' (157K)
[2017.06.30-05.04.49:610][ 61]MaterialEditorStats: Info Base pass shader: 80 instructions
[2017.06.30-05.04.49:610][ 61]MaterialEditorStats: Info Vertex shader: 29 instructions
[2017.06.30-05.04.49:610][ 61]MaterialEditorStats: Info Texture samplers: 1/16
[2017.06.30-05.04.59:066][ 84]LogMaterial: Missing cached shader map for material lambert2, compiling. 
[2017.06.30-05.04.59:795][135]MaterialEditorStats: Info Base pass shader: 78 instructions
[2017.06.30-05.04.59:795][135]MaterialEditorStats: Info Vertex shader: 29 instructions
[2017.06.30-05.04.59:795][135]MaterialEditorStats: Info Texture samplers: 1/16
[2017.06.30-05.05.04:529][581]LogMaterial: Missing cached shader map for material lambert2, compiling. 
[2017.06.30-05.05.04:539][581]LogMaterial: Missing cached shader map for material FMatExpressionPreview MaterialExpressionTextureSample_0, compiling. 
[2017.06.30-05.05.04:568][581]LogMaterial: Missing cached shader map for material FMatExpressionPreview MaterialExpressionTextureSample_0, compiling. 
[2017.06.30-05.05.05:275][624]MaterialEditorStats: Info Base pass shader: 78 instructions
[2017.06.30-05.05.05:275][624]MaterialEditorStats: Info Vertex shader: 29 instructions
[2017.06.30-05.05.05:275][624]MaterialEditorStats: Info Texture samplers: 1/16
[2017.06.30-05.05.07:433][858]LogMaterial: Missing cached shader map for material lambert2, compiling. 
[2017.06.30-05.05.07:446][858]LogMaterial: Missing cached shader map for material FMatExpressionPreview MaterialExpressionTextureSample_0, compiling. 
[2017.06.30-05.05.08:214][905]MaterialEditorStats: Info Base pass shader: 81 instructions
[2017.06.30-05.05.08:214][905]MaterialEditorStats: Info Vertex shader: 31 instructions
[2017.06.30-05.05.08:214][905]MaterialEditorStats: Info Texture samplers: 2/16
[2017.06.30-05.05.08:214][905]MaterialEditorStats: Info User interpolators: 2/4 Scalars (1/4 Vectors) (TexCoords: 2, Custom: 0)
[2017.06.30-05.05.13:647][457]LogMaterialEditor: Saving and Compiling material lambert2
[2017.06.30-05.05.14:187][457]LogMaterial: Missing cached shader map for material lambert2, compiling. 
[2017.06.30-05.05.14:220][457]LogMaterial: Missing cached shader map for material lambert2, compiling. 
[2017.06.30-05.05.14:242][457]LogMaterial: Missing cached shader map for material lambert2, compiling. 
[2017.06.30-05.05.14:278][457]LogMaterial: Missing cached shader map for material FDebugViewModeMaterialProxy lambert2, compiling. 
[2017.06.30-05.05.14:873][457]TextureStreamingBuild:Display: Compiling optional shaders took 0.601 seconds.
[2017.06.30-05.05.16:090][457]LogSlate: Took 0.000122 seconds to synchronously load lazily loaded font '../../../Engine/Content/Slate/Fonts/Roboto-Regular.ttf' (155K)
[2017.06.30-05.05.16:106][457]Cmd: OBJ SAVEPACKAGE PACKAGE="/Game/Game/Models/lambert2" FILE="../../../../../../Users/u0845368/Documents/GitHub/UE4GameJam/UE4SummerGameJam/Content/Game/Models/lambert2.uasset" SILENT=true
[2017.06.30-05.05.16:121][457]LogSavePackage: Save=13.86ms
[2017.06.30-05.05.16:122][457]LogSavePackage: Moving '../../../../../../Users/u0845368/Documents/GitHub/UE4GameJam/UE4SummerGameJam/Saved/lambert2DE58AB804832EBE868DA6A88C5F1DC75.tmp' to '../../../../../../Users/u0845368/Documents/GitHub/UE4GameJam/UE4SummerGameJam/Content/Game/Models/lambert2.uasset'
[2017.06.30-05.05.16:125][457]LogSavePackage:Display: Finished SavePackage ../../../../../../Users/u0845368/Documents/GitHub/UE4GameJam/UE4SummerGameJam/Content/Game/Models/lambert2.uasset
[2017.06.30-05.05.16:130][457]MaterialEditorStats: Info Base pass shader: 81 instructions
[2017.06.30-05.05.16:130][457]MaterialEditorStats: Info Vertex shader: 31 instructions
[2017.06.30-05.05.16:130][457]MaterialEditorStats: Info Texture samplers: 3/16
[2017.06.30-05.05.16:130][457]MaterialEditorStats: Info User interpolators: 2/4 Scalars (1/4 Vectors) (TexCoords: 2, Custom: 0)
[2017.06.30-05.05.19:890][854]LogActorFactory: Actor Factory created Table
[2017.06.30-05.05.25:839][566]LogMaterial: Missing cached shader map for material PreviewMaterial_0, compiling. 
[2017.06.30-05.05.25:904][566]LogMaterial: Missing cached shader map for material PreviewMaterial_0, compiling. 
[2017.06.30-05.05.25:916][566]LogMaterial: Missing cached shader map for material PreviewMaterial_0, compiling. 
[2017.06.30-05.05.25:953][566]LogMaterial: Missing cached shader map for material FMatExpressionPreview MaterialExpressionTextureSample_0, compiling. 
[2017.06.30-05.05.26:700][606]MaterialEditorStats: Info Base pass shader: 81 instructions
[2017.06.30-05.05.26:700][606]MaterialEditorStats: Info Vertex shader: 31 instructions
[2017.06.30-05.05.26:700][606]MaterialEditorStats: Info Texture samplers: 2/16
[2017.06.30-05.05.26:700][606]MaterialEditorStats: Info User interpolators: 2/4 Scalars (1/4 Vectors) (TexCoords: 2, Custom: 0)
[2017.06.30-05.05.45:004][228]LogMaterial: Missing cached shader map for material PreviewMaterial_0, compiling. 
[2017.06.30-05.05.45:033][228]LogMaterial: Missing cached shader map for material lambert2, compiling. 
[2017.06.30-05.05.45:053][228]LogMaterial: Missing cached shader map for material lambert2, compiling. 
[2017.06.30-05.05.45:086][228]LogMaterial: Missing cached shader map for material FDebugViewModeMaterialProxy lambert2, compiling. 
[2017.06.30-05.05.45:689][228]TextureStreamingBuild:Display: Compiling optional shaders took 0.610 seconds.
[2017.06.30-05.06.09:174][816]LogMaterial: Missing cached shader map for material PreviewMaterial_1, compiling. 
[2017.06.30-05.06.09:235][816]LogMaterial: Missing cached shader map for material PreviewMaterial_1, compiling. 
[2017.06.30-05.06.09:246][816]LogMaterial: Missing cached shader map for material PreviewMaterial_1, compiling. 
[2017.06.30-05.06.09:286][816]LogMaterial: Missing cached shader map for material FMatExpressionPreview MaterialExpressionTextureSample_0, compiling. 
[2017.06.30-05.06.10:502][886]MaterialEditorStats: Info Base pass shader: 81 instructions
[2017.06.30-05.06.10:502][886]MaterialEditorStats: Info Vertex shader: 31 instructions
[2017.06.30-05.06.10:502][886]MaterialEditorStats: Info Texture samplers: 2/16
[2017.06.30-05.06.10:502][886]MaterialEditorStats: Info User interpolators: 2/4 Scalars (1/4 Vectors) (TexCoords: 2, Custom: 0)
[2017.06.30-05.07.56:249][ 51]LogSavePackage: Save=87.87ms
[2017.06.30-05.07.56:249][ 51]LogSavePackage: Moving '../../../../../../Users/u0845368/Documents/GitHub/UE4GameJam/UE4SummerGameJam/Saved/Minimal_Default7F1762E2416266731D7A79B31DF06E5D.tmp' to '../../../../../../Users/u0845368/Documents/GitHub/UE4GameJam/UE4SummerGameJam/Content/StarterContent/Maps/Minimal_Default.umap'
[2017.06.30-05.07.56:251][ 51]LogSavePackage:Display: Finished SavePackage ../../../../../../Users/u0845368/Documents/GitHub/UE4GameJam/UE4SummerGameJam/Content/StarterContent/Maps/Minimal_Default.umap
[2017.06.30-05.07.56:318][ 51]LogSavePackage: Save=37.74ms
[2017.06.30-05.07.56:318][ 51]LogSavePackage: Moving '../../../../../../Users/u0845368/Documents/GitHub/UE4GameJam/UE4SummerGameJam/Saved/Minimal_Default_BuiltData13B2C568467E512AC93268AE6ECE9A4E.tmp' to '../../../../../../Users/u0845368/Documents/GitHub/UE4GameJam/UE4SummerGameJam/Content/StarterContent/Maps/Minimal_Default_BuiltData.uasset'
[2017.06.30-05.07.56:320][ 51]LogSavePackage:Display: Finished SavePackage ../../../../../../Users/u0845368/Documents/GitHub/UE4GameJam/UE4SummerGameJam/Content/StarterContent/Maps/Minimal_Default_BuiltData.uasset
[2017.06.30-05.08.11:911][738]AssetReimport: New page: Outstanding source content changes 5:08:11 PM
[2017.06.30-05.08.11:941][738]LogFactory: FactoryCreateFile: Texture with ReimportTextureFactory (0 0 C:/Users/u0845368/Documents/GitHub/UE4GameJam/UE4SummerGameJam/Content/Game/Models/wood.tga)
[2017.06.30-05.08.15:288][739]Cmd: OBJ SAVEPACKAGE PACKAGE="/Game/Game/Models/wood" FILE="../../../../../../Users/u0845368/Documents/GitHub/UE4GameJam/UE4SummerGameJam/Content/Game/Models/wood.uasset" SILENT=true
[2017.06.30-05.08.15:721][739]LogSavePackage: Save=431.65ms
[2017.06.30-05.08.15:721][739]LogSavePackage: Moving '../../../../../../Users/u0845368/Documents/GitHub/UE4GameJam/UE4SummerGameJam/Saved/wood20AB14E34DB1F5051F595F94300AE1C3.tmp' to '../../../../../../Users/u0845368/Documents/GitHub/UE4GameJam/UE4SummerGameJam/Content/Game/Models/wood.uasset'
[2017.06.30-05.08.15:723][739]LogSavePackage:Display: Finished SavePackage ../../../../../../Users/u0845368/Documents/GitHub/UE4GameJam/UE4SummerGameJam/Content/Game/Models/wood.uasset
[2017.06.30-05.08.18:732][ 95]AssetReimport: Info Importing new asset /Game/Game/Models/wood.
[2017.06.30-05.11.05:348][337]AssetReimport: New page: Outstanding source content changes 5:11:05 PM
[2017.06.30-05.11.05:349][337]LogEditorFactories: Performing atomic reimport of [C:/Users/u0845368/Documents/GitHub/UE4GameJam/UE4SummerGameJam/Content/Game/Models/wood.tga]
[2017.06.30-05.11.05:378][337]LogFactory: FactoryCreateFile: Texture2D with ReimportTextureFactory (0 0 C:/Users/u0845368/Documents/GitHub/UE4GameJam/UE4SummerGameJam/Content/Game/Models/wood.tga)
[2017.06.30-05.11.06:359][337]LogEditorFactories: -- imported successfully
[2017.06.30-05.11.06:427][338]Cmd: OBJ SAVEPACKAGE PACKAGE="/Game/Game/Models/wood" FILE="../../../../../../Users/u0845368/Documents/GitHub/UE4GameJam/UE4SummerGameJam/Content/Game/Models/wood.uasset" SILENT=true
[2017.06.30-05.11.06:917][338]LogSavePackage: Save=478.06ms
[2017.06.30-05.11.06:918][338]LogSavePackage: Moving '../../../../../../Users/u0845368/Documents/GitHub/UE4GameJam/UE4SummerGameJam/Saved/wood47191ADF4D7452C7D64E7D878A34B64E.tmp' to '../../../../../../Users/u0845368/Documents/GitHub/UE4GameJam/UE4SummerGameJam/Content/Game/Models/wood.uasset'
[2017.06.30-05.11.06:920][338]LogSavePackage:Display: Finished SavePackage ../../../../../../Users/u0845368/Documents/GitHub/UE4GameJam/UE4SummerGameJam/Content/Game/Models/wood.uasset
[2017.06.30-05.11.09:927][668]AssetReimport: Info Reimported asset wood from C:/Users/u0845368/Documents/GitHub/UE4GameJam/UE4SummerGameJam/Content/Game/Models/wood.tga.
[2017.06.30-05.18.00:514][507]LogFileHelpers: Editor autosave (incl. sublevels) for '/Game/StarterContent/Maps/Minimal_Default' took 0.011
[2017.06.30-05.18.00:516][507]OBJ SavePackage: Generating thumbnails for [1] asset(s) in package [/Game/Game/Models/Table] ([1] browsable assets)...
[2017.06.30-05.18.00:528][507]OBJ SavePackage:     Rendered thumbnail for [StaticMesh /Game/Game/Models/Table.Table]
[2017.06.30-05.18.00:528][507]OBJ SavePackage: Finished generating thumbnails for package [/Game/Game/Models/Table]
[2017.06.30-05.18.00:542][507]LogSavePackage: Save=12.23ms
[2017.06.30-05.18.00:542][507]LogSavePackage: Moving '../../../../../../Users/u0845368/Documents/GitHub/UE4GameJam/UE4SummerGameJam/Saved/Table_Auto13A22FF124D3FB84D6A691990F0729633.tmp' to '../../../../../../Users/u0845368/Documents/GitHub/UE4GameJam/UE4SummerGameJam/Saved/Autosaves/Game/Game/Models/Table_Auto1.uasset'
[2017.06.30-05.18.00:543][507]LogSavePackage:Display: Finished SavePackage ../../../../../../Users/u0845368/Documents/GitHub/UE4GameJam/UE4SummerGameJam/Saved/Autosaves/Game/Game/Models/Table_Auto1.uasset
[2017.06.30-05.18.00:543][507]OBJ SavePackage: Generating thumbnails for [1] asset(s) in package [/Game/Game/Models/lambert2] ([1] browsable assets)...
[2017.06.30-05.18.00:554][507]OBJ SavePackage:     Rendered thumbnail for [Material /Game/Game/Models/lambert2.lambert2]
[2017.06.30-05.18.00:554][507]OBJ SavePackage: Finished generating thumbnails for package [/Game/Game/Models/lambert2]
[2017.06.30-05.18.00:574][507]LogSavePackage: Save=13.69ms
[2017.06.30-05.18.00:574][507]LogSavePackage: Moving '../../../../../../Users/u0845368/Documents/GitHub/UE4GameJam/UE4SummerGameJam/Saved/lambert2_Auto1B567EBE0448CB948F2C2A3B556668BDE.tmp' to '../../../../../../Users/u0845368/Documents/GitHub/UE4GameJam/UE4SummerGameJam/Saved/Autosaves/Game/Game/Models/lambert2_Auto1.uasset'
[2017.06.30-05.18.00:575][507]LogSavePackage:Display: Finished SavePackage ../../../../../../Users/u0845368/Documents/GitHub/UE4GameJam/UE4SummerGameJam/Saved/Autosaves/Game/Game/Models/lambert2_Auto1.uasset
[2017.06.30-05.18.00:575][507]LogFileHelpers: Auto-saving content packages took 0.060
[2017.06.30-05.18.12:819][898]Cmd: OBJ SAVEPACKAGE PACKAGE="/Game/Game/Models/Table" FILE="../../../../../../Users/u0845368/Documents/GitHub/UE4GameJam/UE4SummerGameJam/Content/Game/Models/Table.uasset" SILENT=true
[2017.06.30-05.18.12:833][898]LogSavePackage: Save=11.93ms
[2017.06.30-05.18.12:833][898]LogSavePackage: Moving '../../../../../../Users/u0845368/Documents/GitHub/UE4GameJam/UE4SummerGameJam/Saved/TableEB9085DE4001E1C178798B83E748C0B6.tmp' to '../../../../../../Users/u0845368/Documents/GitHub/UE4GameJam/UE4SummerGameJam/Content/Game/Models/Table.uasset'
[2017.06.30-05.18.12:837][898]LogSavePackage:Display: Finished SavePackage ../../../../../../Users/u0845368/Documents/GitHub/UE4GameJam/UE4SummerGameJam/Content/Game/Models/Table.uasset
[2017.06.30-05.18.30:216][382]LogMaterial: Missing cached shader map for material lambert2, compiling. 
[2017.06.30-05.18.30:284][382]LogMaterial: Missing cached shader map for material lambert2, compiling. 
[2017.06.30-05.18.30:295][382]LogMaterial: Missing cached shader map for material lambert2, compiling. 
[2017.06.30-05.18.30:328][382]LogMaterial: Missing cached shader map for material FMatExpressionPreview MaterialExpressionTextureSample_0, compiling. 
[2017.06.30-05.18.31:363][443]MaterialEditorStats: Info Base pass shader: 81 instructions
[2017.06.30-05.18.31:363][443]MaterialEditorStats: Info Vertex shader: 31 instructions
[2017.06.30-05.18.31:363][443]MaterialEditorStats: Info Texture samplers: 2/16
[2017.06.30-05.18.31:363][443]MaterialEditorStats: Info User interpolators: 2/4 Scalars (1/4 Vectors) (TexCoords: 2, Custom: 0)
[2017.06.30-05.18.34:014][705]LogMaterialEditor: Applying material lambert2
[2017.06.30-05.18.34:558][705]LogMaterial: Missing cached shader map for material lambert2, compiling. 
[2017.06.30-05.18.34:588][705]LogMaterial: Missing cached shader map for material lambert2, compiling. 
[2017.06.30-05.18.34:608][705]LogMaterial: Missing cached shader map for material lambert2, compiling. 
[2017.06.30-05.18.34:641][705]LogMaterial: Missing cached shader map for material FDebugViewModeMaterialProxy lambert2, compiling. 
[2017.06.30-05.18.35:247][705]TextureStreamingBuild:Display: Compiling optional shaders took 0.614 seconds.
[2017.06.30-05.18.35:891][753]LogMaterialEditor: Saving and Compiling material lambert2
[2017.06.30-05.18.36:499][753]Cmd: OBJ SAVEPACKAGE PACKAGE="/Game/Game/Models/lambert2" FILE="../../../../../../Users/u0845368/Documents/GitHub/UE4GameJam/UE4SummerGameJam/Content/Game/Models/lambert2.uasset" SILENT=true
[2017.06.30-05.18.36:515][753]LogSavePackage: Save=13.49ms
[2017.06.30-05.18.36:515][753]LogSavePackage: Moving '../../../../../../Users/u0845368/Documents/GitHub/UE4GameJam/UE4SummerGameJam/Saved/lambert2DD477D8A429CDAA2CB20B9AFF188C46C.tmp' to '../../../../../../Users/u0845368/Documents/GitHub/UE4GameJam/UE4SummerGameJam/Content/Game/Models/lambert2.uasset'
[2017.06.30-05.18.36:517][753]LogSavePackage:Display: Finished SavePackage ../../../../../../Users/u0845368/Documents/GitHub/UE4GameJam/UE4SummerGameJam/Content/Game/Models/lambert2.uasset
[2017.06.30-05.18.36:524][753]MaterialEditorStats: Info Base pass shader: 81 instructions
[2017.06.30-05.18.36:524][753]MaterialEditorStats: Info Vertex shader: 31 instructions
[2017.06.30-05.18.36:524][753]MaterialEditorStats: Info Texture samplers: 3/16
[2017.06.30-05.18.36:524][753]MaterialEditorStats: Info User interpolators: 2/4 Scalars (1/4 Vectors) (TexCoords: 2, Custom: 0)
[2017.06.30-05.19.14:006][756]Cmd: OBJ SAVEPACKAGE PACKAGE="/Game/Game/Models/Table" FILE="../../../../../../Users/u0845368/Documents/GitHub/UE4GameJam/UE4SummerGameJam/Content/Game/Models/Table.uasset" SILENT=true
[2017.06.30-05.19.14:018][756]LogSavePackage: Save=5.67ms
[2017.06.30-05.19.14:018][756]LogSavePackage: Moving '../../../../../../Users/u0845368/Documents/GitHub/UE4GameJam/UE4SummerGameJam/Saved/Table275393614E9082C943510F94C30F8979.tmp' to '../../../../../../Users/u0845368/Documents/GitHub/UE4GameJam/UE4SummerGameJam/Content/Game/Models/Table.uasset'
[2017.06.30-05.19.14:019][756]LogSavePackage:Display: Finished SavePackage ../../../../../../Users/u0845368/Documents/GitHub/UE4GameJam/UE4SummerGameJam/Content/Game/Models/Table.uasset
[2017.06.30-05.19.19:191][310]LogWindowsTextInputMethodSystem:Display: IME system now deactivated.
[2017.06.30-05.19.19:192][310]LogWindowsTextInputMethodSystem:Display: IME system now deactivated.
[2017.06.30-05.19.19:345][311]Cmd: QUIT_EDITOR
[2017.06.30-05.19.19:373][311]LogExit: Preparing to exit.
[2017.06.30-05.19.20:305][311]LogDirectoryWatcher: A directory notification for 'C:/Users/u0845368/Documents/GitHub/UE4GameJam/UE4SummerGameJam/Content/' was aborted.
[2017.06.30-05.19.20:318][311]LogExit: Editor shut down
[2017.06.30-05.19.20:321][311]LogExit: Transaction tracking system shut down
[2017.06.30-05.19.20:381][311]LogObj: Freed 0b from 0 cluster array pools.
[2017.06.30-05.19.20:381][311]LogExit: Object subsystem successfully closed.
[2017.06.30-05.19.20:397][311]LogD3D11RHI: Shutdown
[2017.06.30-05.19.20:397][311]LogD3D11RHI: CleanupD3DDevice
[2017.06.30-05.19.20:476][311]LogD3D11RHI: ~FD3D11DynamicRHI
[2017.06.30-05.19.20:492][311]LogModuleManager: Shutting down and abandoning module StaticMeshEditor (528)
[2017.06.30-05.19.20:492][311]LogModuleManager: Shutting down and abandoning module MaterialEditor (526)
[2017.06.30-05.19.20:492][311]LogModuleManager: Shutting down and abandoning module HierarchicalLODOutliner (524)
[2017.06.30-05.19.20:492][311]LogModuleManager: Shutting down and abandoning module CrashTracker (522)
[2017.06.30-05.19.20:492][311]LogModuleManager: Shutting down and abandoning module SceneOutliner (520)
[2017.06.30-05.19.20:492][311]LogModuleManager: Shutting down and abandoning module AddContentDialog (518)
[2017.06.30-05.19.20:492][311]LogDirectoryWatcher: A directory notification for 'C:/Program Files/Epic Games/UE_4.16/FeaturePacks/' was aborted.
[2017.06.30-05.19.20:493][311]LogModuleManager: Shutting down and abandoning module WidgetCarousel (517)
[2017.06.30-05.19.20:493][311]LogModuleManager: Shutting down and abandoning module EditorWidgets (514)
[2017.06.30-05.19.20:493][311]LogModuleManager: Shutting down and abandoning module CollectionManager (512)
[2017.06.30-05.19.20:493][311]LogDirectoryWatcher: A directory notification for 'C:/Users/u0845368/Documents/GitHub/UE4GameJam/UE4SummerGameJam/Content/Collections/' was aborted.
[2017.06.30-05.19.20:493][311]LogDirectoryWatcher: A directory notification for 'C:/Users/u0845368/Documents/GitHub/UE4GameJam/UE4SummerGameJam/Content/Developers/u0845368/Collections/' was aborted.
[2017.06.30-05.19.20:493][311]LogDirectoryWatcher: A directory notification for 'C:/Users/u0845368/Documents/GitHub/UE4GameJam/UE4SummerGameJam/Saved/Collections/' was aborted.
[2017.06.30-05.19.20:493][311]LogModuleManager: Shutting down and abandoning module StatsViewer (510)
[2017.06.30-05.19.20:493][311]LogModuleManager: Shutting down and abandoning module FoliageEdit (508)
[2017.06.30-05.19.20:493][311]LogModuleManager: Shutting down and abandoning module LandscapeEditor (506)
[2017.06.30-05.19.20:493][311]LogModuleManager: Shutting down and abandoning module MeshPaintMode (504)
[2017.06.30-05.19.20:493][311]LogModuleManager: Shutting down and abandoning module SceneDepthPickerMode (502)
[2017.06.30-05.19.20:493][311]LogModuleManager: Shutting down and abandoning module ActorPickerMode (500)
[2017.06.30-05.19.20:493][311]LogModuleManager: Shutting down and abandoning module GeometryMode (498)
[2017.06.30-05.19.20:493][311]LogModuleManager: Shutting down and abandoning module TextureAlignMode (496)
[2017.06.30-05.19.20:493][311]LogModuleManager: Shutting down and abandoning module BspMode (494)
[2017.06.30-05.19.20:493][311]LogModuleManager: Shutting down and abandoning module HardwareSurvey (492)
[2017.06.30-05.19.20:493][311]LogModuleManager: Shutting down and abandoning module SequenceRecorderSections (490)
[2017.06.30-05.19.20:493][311]LogModuleManager: Shutting down and abandoning module AutomationWorker (488)
[2017.06.30-05.19.20:493][311]LogModuleManager: Shutting down and abandoning module MatineeToLevelSequence (486)
[2017.06.30-05.19.20:493][311]LogModuleManager: Shutting down and abandoning module LevelSequenceEditor (484)
[2017.06.30-05.19.20:493][311]LogModuleManager: Shutting down and abandoning module PlacementMode (483)
[2017.06.30-05.19.20:493][311]LogModuleManager: Shutting down and abandoning module WmfMediaFactory (480)
[2017.06.30-05.19.20:493][311]LogModuleManager: Shutting down and abandoning module WmfMediaEditor (478)
[2017.06.30-05.19.20:493][311]LogModuleManager: Shutting down and abandoning module AvfMediaFactory (476)
[2017.06.30-05.19.20:493][311]LogModuleManager: Shutting down and abandoning module AvfMediaEditor (474)
[2017.06.30-05.19.20:493][311]LogModuleManager: Shutting down and abandoning module AndroidMediaFactory (472)
[2017.06.30-05.19.20:493][311]LogModuleManager: Shutting down and abandoning module Media (471)
[2017.06.30-05.19.20:493][311]LogModuleManager: Shutting down and abandoning module AndroidMediaEditor (468)
[2017.06.30-05.19.20:493][311]LogModuleManager: Shutting down and abandoning module CharacterAI (466)
[2017.06.30-05.19.20:493][311]LogModuleManager: Shutting down and abandoning module AudioCapture (464)
[2017.06.30-05.19.20:493][311]LogModuleManager: Shutting down and abandoning module SequenceRecorder (463)
[2017.06.30-05.19.20:494][311]LogModuleManager: Shutting down and abandoning module SmartSnapping (460)
[2017.06.30-05.19.20:494][311]LogModuleManager: Shutting down and abandoning module SessionServices (458)
[2017.06.30-05.19.20:494][311]LogModuleManager: Shutting down and abandoning module ViewportSnapping (456)
[2017.06.30-05.19.20:494][311]LogModuleManager: Shutting down and abandoning module ViewportInteraction (454)
[2017.06.30-05.19.20:494][311]LogModuleManager: Shutting down and abandoning module ClothPainter (452)
[2017.06.30-05.19.20:494][311]LogModuleManager: Shutting down and abandoning module LogVisualizer (450)
[2017.06.30-05.19.20:494][311]LogModuleManager: Shutting down and abandoning module IntroTutorials (448)
[2017.06.30-05.19.20:494][311]LogModuleManager: Shutting down and abandoning module GameProjectGeneration (447)
[2017.06.30-05.19.20:494][311]LogModuleManager: Shutting down and abandoning module EditorLiveStreaming (444)
[2017.06.30-05.19.20:494][311]LogModuleManager: Shutting down and abandoning module IOSPlatformEditor (442)
[2017.06.30-05.19.20:494][311]LogModuleManager: Shutting down and abandoning module HTML5PlatformEditor (440)
[2017.06.30-05.19.20:494][311]LogModuleManager: Shutting down and abandoning module AndroidPlatformEditor (438)
[2017.06.30-05.19.20:494][311]LogModuleManager: Shutting down and abandoning module AndroidDeviceDetection (437)
[2017.06.30-05.19.21:225][311]LogModuleManager: Shutting down and abandoning module IOSRuntimeSettings (434)
[2017.06.30-05.19.21:225][311]LogModuleManager: Shutting down and abandoning module AndroidRuntimeSettings (432)
[2017.06.30-05.19.21:225][311]LogModuleManager: Shutting down and abandoning module InputBindingEditor (430)
[2017.06.30-05.19.21:225][311]LogModuleManager: Shutting down and abandoning module MergeActors (428)
[2017.06.30-05.19.21:225][311]LogModuleManager: Shutting down and abandoning module SizeMap (426)
[2017.06.30-05.19.21:225][311]LogModuleManager: Shutting down and abandoning module TreeMap (424)
[2017.06.30-05.19.21:225][311]LogModuleManager: Shutting down and abandoning module ReferenceViewer (422)
[2017.06.30-05.19.21:225][311]LogModuleManager: Shutting down and abandoning module LocalizationDashboard (420)
[2017.06.30-05.19.21:225][311]LogModuleManager: Shutting down and abandoning module LocalizationService (419)
[2017.06.30-05.19.21:225][311]LogModuleManager: Shutting down and abandoning module HardwareTargeting (416)
[2017.06.30-05.19.21:225][311]LogModuleManager: Shutting down and abandoning module DeviceProfileEditor (414)
[2017.06.30-05.19.21:225][311]LogModuleManager: Shutting down and abandoning module UndoHistory (412)
[2017.06.30-05.19.21:225][311]LogModuleManager: Shutting down and abandoning module UserFeedback (410)
[2017.06.30-05.19.21:225][311]LogModuleManager: Shutting down and abandoning module XmlParser (408)
[2017.06.30-05.19.21:225][311]LogModuleManager: Shutting down and abandoning module Blutility (406)
[2017.06.30-05.19.21:225][311]LogModuleManager: Shutting down and abandoning module ProjectSettingsViewer (404)
[2017.06.30-05.19.21:226][311]LogModuleManager: Shutting down and abandoning module ProjectTargetPlatformEditor (403)
[2017.06.30-05.19.21:226][311]LogModuleManager: Shutting down and abandoning module EditorSettingsViewer (400)
[2017.06.30-05.19.21:226][311]LogModuleManager: Shutting down and abandoning module SettingsEditor (398)
[2017.06.30-05.19.21:226][311]LogModuleManager: Shutting down and abandoning module ProjectLauncher (396)
[2017.06.30-05.19.21:226][311]LogModuleManager: Shutting down and abandoning module SessionFrontend (394)
[2017.06.30-05.19.21:226][311]LogModuleManager: Shutting down and abandoning module ProfilerClient (392)
[2017.06.30-05.19.21:226][311]LogModuleManager: Shutting down and abandoning module DeviceManager (390)
[2017.06.30-05.19.21:226][311]LogModuleManager: Shutting down and abandoning module TargetDeviceServices (389)
[2017.06.30-05.19.21:292][311]LogModuleManager: Shutting down and abandoning module AutomationController (386)
[2017.06.30-05.19.21:292][311]LogModuleManager: Shutting down and abandoning module AutomationWindow (384)
[2017.06.30-05.19.21:292][311]LogModuleManager: Shutting down and abandoning module Layers (382)
[2017.06.30-05.19.21:292][311]LogModuleManager: Shutting down and abandoning module ComponentVisualizers (380)
[2017.06.30-05.19.21:292][311]LogModuleManager: Shutting down and abandoning module DetailCustomizations (378)
[2017.06.30-05.19.21:292][311]LogModuleManager: Shutting down and abandoning module PackagesDialog (376)
[2017.06.30-05.19.21:292][311]LogModuleManager: Shutting down and abandoning module Persona (374)
[2017.06.30-05.19.21:292][311]LogModuleManager: Shutting down and abandoning module AdvancedPreviewScene (373)
[2017.06.30-05.19.21:292][311]LogModuleManager: Shutting down and abandoning module AnimGraph (371)
[2017.06.30-05.19.21:292][311]LogModuleManager: Shutting down and abandoning module Kismet (368)
[2017.06.30-05.19.21:292][311]LogModuleManager: Shutting down and abandoning module ClassViewer (366)
[2017.06.30-05.19.21:292][311]LogModuleManager: Shutting down and abandoning module Toolbox (364)
[2017.06.30-05.19.21:292][311]LogModuleManager: Shutting down and abandoning module ModuleUI (362)
[2017.06.30-05.19.21:292][311]LogModuleManager: Shutting down and abandoning module MovieSceneTools (360)
[2017.06.30-05.19.21:293][311]LogModuleManager: Shutting down and abandoning module OutputLog (358)
[2017.06.30-05.19.21:293][311]LogModuleManager: Shutting down and abandoning module GammaUI (356)
[2017.06.30-05.19.21:293][311]LogModuleManager: Shutting down and abandoning module Documentation (354)
[2017.06.30-05.19.21:293][311]LogModuleManager: Shutting down and abandoning module MovieSceneTracks (352)
[2017.06.30-05.19.21:293][311]LogModuleManager: Shutting down and abandoning module MovieScene (350)
[2017.06.30-05.19.21:293][311]LogModuleManager: Shutting down and abandoning module Niagara (348)
[2017.06.30-05.19.21:293][311]LogModuleManager: Shutting down and abandoning module NiagaraEditor (347)
[2017.06.30-05.19.21:293][311]LogModuleManager: Shutting down and abandoning module StreamingPauseRendering (344)
[2017.06.30-05.19.21:293][311]LogModuleManager: Shutting down and abandoning module AnalyticsET (342)
[2017.06.30-05.19.21:293][311]LogModuleManager: Shutting down and abandoning module PortalServices (340)
[2017.06.30-05.19.21:293][311]LogModuleManager: Shutting down and abandoning module PortalRpc (338)
[2017.06.30-05.19.21:293][311]LogModuleManager: Shutting down and abandoning module MessagingRpc (336)
[2017.06.30-05.19.21:293][311]LogModuleManager: Shutting down and abandoning module AIModule (334)
[2017.06.30-05.19.21:293][311]LogModuleManager: Shutting down and abandoning module GameplayDebugger (333)
[2017.06.30-05.19.21:293][311]LogModuleManager: Shutting down and abandoning module AITestSuite (331)
[2017.06.30-05.19.21:293][311]LogModuleManager: Shutting down and abandoning module ProfilerService (328)
[2017.06.30-05.19.21:538][311]LogModuleManager: Shutting down and abandoning module TaskGraph (326)
[2017.06.30-05.19.21:539][311]LogModuleManager: Shutting down and abandoning module SteamVRController (324)
[2017.06.30-05.19.21:539][311]LogModuleManager: Shutting down and abandoning module SteamVR (322)
[2017.06.30-05.19.21:539][311]LogModuleManager: Shutting down and abandoning module ProceduralMeshComponentEditor (320)
[2017.06.30-05.19.21:539][311]LogModuleManager: Shutting down and abandoning module ProceduralMeshComponent (318)
[2017.06.30-05.19.21:539][311]LogModuleManager: Shutting down and abandoning module OculusLibrary (316)
[2017.06.30-05.19.21:539][311]LogModuleManager: Shutting down and abandoning module OculusInput (314)
[2017.06.30-05.19.21:539][311]LogModuleManager: Shutting down and abandoning module MobilePatchingUtils (312)
[2017.06.30-05.19.21:539][311]LogModuleManager: Shutting down and abandoning module CustomMeshComponent (310)
[2017.06.30-05.19.21:539][311]LogModuleManager: Shutting down and abandoning module CableComponent (308)
[2017.06.30-05.19.21:539][311]LogModuleManager: Shutting down and abandoning module ArchVisCharacter (306)
[2017.06.30-05.19.21:539][311]LogModuleManager: Shutting down and abandoning module AndroidPermission (304)
[2017.06.30-05.19.21:539][311]LogModuleManager: Shutting down and abandoning module MediaPlayerEditor (300)
[2017.06.30-05.19.21:539][311]LogModuleManager: Shutting down and abandoning module HTML5Networking (298)
[2017.06.30-05.19.21:539][311]LogModuleManager: Shutting down and abandoning module AlembicImporter (296)
[2017.06.30-05.19.21:539][311]LogModuleManager: Shutting down and abandoning module AlembicLibrary (295)
[2017.06.30-05.19.21:539][311]LogModuleManager: Shutting down and abandoning module GeometryCache (294)
[2017.06.30-05.19.21:539][311]LogModuleManager: Shutting down and abandoning module GeometryCacheEd (293)
[2017.06.30-05.19.21:539][311]LogModuleManager: Shutting down and abandoning module SuperSearchEditor (288)
[2017.06.30-05.19.21:539][311]LogModuleManager: Shutting down and abandoning module SuperSearch (287)
[2017.06.30-05.19.21:539][311]LogModuleManager: Shutting down and abandoning module SpeedTreeImporter (284)
[2017.06.30-05.19.21:539][311]LogModuleManager: Shutting down and abandoning module PluginBrowser (282)
[2017.06.30-05.19.21:539][311]LogModuleManager: Shutting down and abandoning module MobileLauncherProfileWizard (280)
[2017.06.30-05.19.21:539][311]LogModuleManager: Shutting down and abandoning module VisualStudioSourceCodeAccess (278)
[2017.06.30-05.19.21:539][311]LogModuleManager: Shutting down and abandoning module DesktopPlatform (277)
[2017.06.30-05.19.21:539][311]LogModuleManager: Shutting down and abandoning module UObjectPlugin (274)
[2017.06.30-05.19.21:539][311]LogModuleManager: Shutting down and abandoning module SubversionSourceControl (272)
[2017.06.30-05.19.21:539][311]LogModuleManager: Shutting down and abandoning module PerforceSourceControl (270)
[2017.06.30-05.19.21:539][311]LogModuleManager: Shutting down and abandoning module GitSourceControl (268)
[2017.06.30-05.19.21:539][311]LogModuleManager: Shutting down and abandoning module SourceControl (267)
[2017.06.30-05.19.21:539][311]LogModuleManager: Shutting down and abandoning module LightPropagationVolumeEditor (264)
[2017.06.30-05.19.21:539][311]LogModuleManager: Shutting down and abandoning module PaperTiledImporter (262)
[2017.06.30-05.19.21:539][311]LogModuleManager: Shutting down and abandoning module PaperSpriteSheetImporter (260)
[2017.06.30-05.19.21:539][311]LogModuleManager: Shutting down and abandoning module Paper2DEditor (258)
[2017.06.30-05.19.21:539][311]LogModuleManager: Shutting down and abandoning module MeshPaint (257)
[2017.06.30-05.19.21:539][311]LogModuleManager: Shutting down and abandoning module LevelEditor (255)
[2017.06.30-05.19.21:540][311]LogModuleManager: Shutting down and abandoning module PixelInspectorModule (254)
[2017.06.30-05.19.21:540][311]LogModuleManager: Shutting down and abandoning module MainFrame (252)
[2017.06.30-05.19.21:540][311]LogModuleManager: Shutting down and abandoning module HotReload (251)
[2017.06.30-05.19.21:540][311]LogModuleManager: Shutting down and abandoning module PhysXVehiclesEditor (246)
[2017.06.30-05.19.21:540][311]LogModuleManager: Shutting down and abandoning module PhysXVehicles (244)
[2017.06.30-05.19.21:540][311]LogModuleManager: Shutting down and abandoning module LocationServicesBPLibrary (242)
[2017.06.30-05.19.21:540][311]LogModuleManager: Shutting down and abandoning module ImmediatePhysicsEditor (240)
[2017.06.30-05.19.21:540][311]LogModuleManager: Shutting down and abandoning module ImmediatePhysics (238)
[2017.06.30-05.19.21:540][311]LogModuleManager: Shutting down and abandoning module UdpMessaging (236)
[2017.06.30-05.19.21:641][311]LogModuleManager: Shutting down and abandoning module TcpMessaging (234)
[2017.06.30-05.19.21:742][311]LogModuleManager: Shutting down and abandoning module GameplayTagsEditor (232)
[2017.06.30-05.19.21:742][311]LogModuleManager: Shutting down and abandoning module FacialAnimationEditor (230)
[2017.06.30-05.19.21:742][311]LogModuleManager: Shutting down and abandoning module FacialAnimation (228)
[2017.06.30-05.19.21:742][311]LogModuleManager: Shutting down and abandoning module AssetManagerEditor (226)
[2017.06.30-05.19.21:742][311]LogModuleManager: Shutting down and abandoning module GraphEditor (225)
[2017.06.30-05.19.21:742][311]LogModuleManager: Shutting down and abandoning module ContentBrowser (223)
[2017.06.30-05.19.21:743][311]LogModuleManager: Shutting down and abandoning module LightPropagationVolumeRuntime (220)
[2017.06.30-05.19.21:743][311]LogModuleManager: Shutting down and abandoning module Paper2D (218)
[2017.06.30-05.19.21:743][311]LogModuleManager: Shutting down and abandoning module WindowsMoviePlayer (216)
[2017.06.30-05.19.21:743][311]LogModuleManager: Shutting down and abandoning module WmfMedia (214)
[2017.06.30-05.19.21:743][311]LogModuleManager: Shutting down and abandoning module ClothingSystemEditor (212)
[2017.06.30-05.19.21:743][311]LogModuleManager: Shutting down and abandoning module ClothingSystemRuntime (210)
[2017.06.30-05.19.21:743][311]LogModuleManager: Shutting down and abandoning module MediaAssets (208)
[2017.06.30-05.19.21:743][311]LogModuleManager: Shutting down and abandoning module GameLiveStreaming (206)
[2017.06.30-05.19.21:743][311]LogModuleManager: Shutting down and abandoning module VREditor (204)
[2017.06.30-05.19.21:743][311]LogModuleManager: Shutting down and abandoning module StringTableEditor (202)
[2017.06.30-05.19.21:743][311]LogModuleManager: Shutting down and abandoning module GameplayTasksEditor (200)
[2017.06.30-05.19.21:743][311]LogModuleManager: Shutting down and abandoning module BehaviorTreeEditor (198)
[2017.06.30-05.19.21:743][311]LogModuleManager: Shutting down and abandoning module FunctionalTesting (196)
[2017.06.30-05.19.21:743][311]LogModuleManager: Shutting down and abandoning module CollisionAnalyzer (194)
[2017.06.30-05.19.21:743][311]LogModuleManager: Shutting down and abandoning module UMG (192)
[2017.06.30-05.19.21:743][311]LogModuleManager: Shutting down and abandoning module UMGEditor (191)
[2017.06.30-05.19.21:743][311]LogModuleManager: Shutting down and abandoning module Sequencer (190)
[2017.06.30-05.19.21:743][311]LogModuleManager: Shutting down and abandoning module AssetTools (188)
[2017.06.30-05.19.21:743][311]LogModuleManager: Shutting down and abandoning module MessageLog (187)
[2017.06.30-05.19.21:743][311]LogModuleManager: Shutting down and abandoning module WorkspaceMenuStructure (186)
[2017.06.30-05.19.21:743][311]LogModuleManager: Shutting down and abandoning module SlateReflector (180)
[2017.06.30-05.19.21:743][311]LogModuleManager: Shutting down and abandoning module Slate (178)
[2017.06.30-05.19.21:743][311]LogModuleManager: Shutting down and abandoning module EditorStyle (176)
[2017.06.30-05.19.21:746][311]LogModuleManager: Shutting down and abandoning module SourceCodeAccess (174)
[2017.06.30-05.19.21:746][311]LogModuleManager: Shutting down and abandoning module HeadMountedDisplay (172)
[2017.06.30-05.19.21:746][311]LogModuleManager: Shutting down and abandoning module XAudio2 (170)
[2017.06.30-05.19.21:746][311]LogModuleManager: Shutting down and abandoning module Networking (168)
[2017.06.30-05.19.21:746][311]LogModuleManager: Shutting down and abandoning module Core (164)
[2017.06.30-05.19.21:746][311]LogModuleManager: Shutting down and abandoning module AssetRegistry (162)
[2017.06.30-05.19.21:863][311]LogDirectoryWatcher: A directory notification for '../../../Engine/Content/' was aborted.
[2017.06.30-05.19.21:863][311]LogDirectoryWatcher: A directory notification for '../../../../../../Users/u0845368/Documents/GitHub/UE4GameJam/UE4SummerGameJam/Content/' was aborted.
[2017.06.30-05.19.21:863][311]LogDirectoryWatcher: A directory notification for '../../../Engine/Plugins/2D/Paper2D/Content/' was aborted.
[2017.06.30-05.19.21:863][311]LogDirectoryWatcher: A directory notification for '../../../Engine/Plugins/Runtime/GearVR/Content/' was aborted.
[2017.06.30-05.19.21:865][311]LogModuleManager: Shutting down and abandoning module DirectoryWatcher (161)
[2017.06.30-05.19.21:866][311]LogModuleManager: Shutting down and abandoning module KismetCompiler (158)
[2017.06.30-05.19.21:866][311]LogModuleManager: Shutting down and abandoning module LevelSequence (156)
[2017.06.30-05.19.21:866][311]LogModuleManager: Shutting down and abandoning module PhysXFormats (154)
[2017.06.30-05.19.21:866][311]LogModuleManager: Shutting down and abandoning module MeshUtilities (152)
[2017.06.30-05.19.21:866][311]LogModuleManager: Shutting down and abandoning module SimplygonSwarm (151)
[2017.06.30-05.19.21:866][311]LogModuleManager: Shutting down and abandoning module SimplygonMeshReduction (149)
[2017.06.30-05.19.21:866][311]LogModuleManager: Shutting down and abandoning module QuadricMeshReduction (147)
[2017.06.30-05.19.21:866][311]LogModuleManager: Shutting down and abandoning module DerivedDataCache (144)
[2017.06.30-05.19.21:880][311]LogDerivedDataCache: Shutdown
[2017.06.30-05.19.21:880][311]LogModuleManager: Shutting down and abandoning module TargetPlatform (142)
[2017.06.30-05.19.21:880][311]LogModuleManager: Shutting down and abandoning module VulkanShaderFormat (141)
[2017.06.30-05.19.21:880][311]LogModuleManager: Shutting down and abandoning module ShaderFormatVectorVM (139)
[2017.06.30-05.19.21:880][311]LogModuleManager: Shutting down and abandoning module ShaderFormatOpenGL (137)
[2017.06.30-05.19.21:880][311]LogModuleManager: Shutting down and abandoning module ShaderFormatD3D (135)
[2017.06.30-05.19.21:880][311]LogModuleManager: Shutting down and abandoning module MetalShaderFormat (133)
[2017.06.30-05.19.21:880][311]LogModuleManager: Shutting down and abandoning module TextureFormatUncompressed (131)
[2017.06.30-05.19.21:880][311]LogModuleManager: Shutting down and abandoning module TextureFormatPVR (129)
[2017.06.30-05.19.21:880][311]LogModuleManager: Shutting down and abandoning module TextureFormatDXT (127)
[2017.06.30-05.19.21:880][311]LogModuleManager: Shutting down and abandoning module TextureFormatIntelISPCTexComp (125)
[2017.06.30-05.19.21:880][311]LogModuleManager: Shutting down and abandoning module TextureFormatASTC (123)
[2017.06.30-05.19.21:880][311]LogModuleManager: Shutting down and abandoning module ImageWrapper (122)
[2017.06.30-05.19.21:880][311]LogModuleManager: Shutting down and abandoning module TextureFormatAndroid (119)
[2017.06.30-05.19.21:880][311]LogModuleManager: Shutting down and abandoning module AudioFormatOpus (117)
[2017.06.30-05.19.21:880][311]LogModuleManager: Shutting down and abandoning module AudioFormatOgg (115)
[2017.06.30-05.19.21:880][311]LogModuleManager: Shutting down and abandoning module AudioFormatADPCM (113)
[2017.06.30-05.19.21:880][311]LogModuleManager: Shutting down and abandoning module LinuxTargetPlatform (111)
[2017.06.30-05.19.21:880][311]LogModuleManager: Shutting down and abandoning module LinuxServerTargetPlatform (109)
[2017.06.30-05.19.21:880][311]LogModuleManager: Shutting down and abandoning module LinuxNoEditorTargetPlatform (107)
[2017.06.30-05.19.21:880][311]LogModuleManager: Shutting down and abandoning module LinuxClientTargetPlatform (105)
[2017.06.30-05.19.21:880][311]LogModuleManager: Shutting down and abandoning module TVOSTargetPlatform (103)
[2017.06.30-05.19.21:880][311]LogModuleManager: Shutting down and abandoning module Messaging (101)
[2017.06.30-05.19.21:880][311]LogModuleManager: Shutting down and abandoning module IOSTargetPlatform (99)
[2017.06.30-05.19.21:880][311]LogModuleManager: Shutting down and abandoning module HTML5TargetPlatform (97)
[2017.06.30-05.19.21:880][311]LogModuleManager: Shutting down and abandoning module Android_PVRTCTargetPlatform (95)
[2017.06.30-05.19.21:880][311]LogModuleManager: Shutting down and abandoning module Android_MultiTargetPlatform (93)
[2017.06.30-05.19.21:880][311]LogModuleManager: Shutting down and abandoning module Android_ETC2TargetPlatform (91)
[2017.06.30-05.19.21:880][311]LogModuleManager: Shutting down and abandoning module Android_ETC1TargetPlatform (89)
[2017.06.30-05.19.21:880][311]LogModuleManager: Shutting down and abandoning module Android_DXTTargetPlatform (87)
[2017.06.30-05.19.21:880][311]LogModuleManager: Shutting down and abandoning module Android_ATCTargetPlatform (85)
[2017.06.30-05.19.21:880][311]LogModuleManager: Shutting down and abandoning module Android_ASTCTargetPlatform (83)
[2017.06.30-05.19.21:880][311]LogModuleManager: Shutting down and abandoning module AndroidTargetPlatform (81)
[2017.06.30-05.19.21:880][311]LogModuleManager: Shutting down and abandoning module WindowsTargetPlatform (79)
[2017.06.30-05.19.21:880][311]LogModuleManager: Shutting down and abandoning module WindowsServerTargetPlatform (77)
[2017.06.30-05.19.21:880][311]LogModuleManager: Shutting down and abandoning module WindowsNoEditorTargetPlatform (75)
[2017.06.30-05.19.21:880][311]LogModuleManager: Shutting down and abandoning module WindowsClientTargetPlatform (73)
[2017.06.30-05.19.21:880][311]LogModuleManager: Shutting down and abandoning module MacTargetPlatform (71)
[2017.06.30-05.19.21:880][311]LogModuleManager: Shutting down and abandoning module MacServerTargetPlatform (69)
[2017.06.30-05.19.21:880][311]LogModuleManager: Shutting down and abandoning module MacNoEditorTargetPlatform (67)
[2017.06.30-05.19.21:880][311]LogModuleManager: Shutting down and abandoning module MacClientTargetPlatform (65)
[2017.06.30-05.19.21:880][311]LogModuleManager: Shutting down and abandoning module AllDesktopTargetPlatform (63)
[2017.06.30-05.19.21:880][311]LogModuleManager: Shutting down and abandoning module InputCore (60)
[2017.06.30-05.19.21:880][311]LogModuleManager: Shutting down and abandoning module Settings (58)
[2017.06.30-05.19.21:880][311]LogModuleManager: Shutting down and abandoning module OculusRift (56)
[2017.06.30-05.19.21:880][311]LogModuleManager: Shutting down and abandoning module GearVRController (54)
[2017.06.30-05.19.21:881][311]LogModuleManager: Shutting down and abandoning module GearVR (52)
[2017.06.30-05.19.21:881][311]LogModuleManager: Shutting down and abandoning module ExampleDeviceProfileSelector (50)
[2017.06.30-05.19.21:881][311]LogModuleManager: Shutting down and abandoning module OnlineBlueprintSupport (48)
[2017.06.30-05.19.21:881][311]LogModuleManager: Shutting down and abandoning module OnlineSubsystem (44)
[2017.06.30-05.19.21:881][311]LogOnline:Display: Unloading online subsystem: NULL
[2017.06.30-05.19.21:881][311]LogModuleManager: Shutting down and abandoning module XMPP (43)
[2017.06.30-05.19.21:881][311]LogModuleManager: Shutting down and abandoning module HTTP (41)
[2017.06.30-05.19.21:881][311]LogHttp:Display: Http module shutting down, but needs to wait on 1 outstanding Http requests:
[2017.06.30-05.19.21:881][311]LogHttp:Display: 	verb=[POST] url=[https://datarouter.ol.epicgames.com/datarouter/api/v1/public/data?SessionID=%7B32AAA1BA-4FA5-C6E4-2710-A8BB0F4C7F3B%7D&AppID=UEEditor.Rocket.Release&AppVersion=4.16.2-3514769%2B%2B%2BUE4%2BRelease-4.16&UserID=6359233b4f23b91ecc86a2a195ce9990%7Cb66698a78f3042e99774157a279a4c1a%7Ccacb3eb9-9498-414b-a7bd-2044d5071582&AppEnvironment=datacollector-binary&UploadType=eteventstream] status=Processing
[2017.06.30-05.19.21:908][311]LogModuleManager: Shutting down and abandoning module SSL (40)
[2017.06.30-05.19.21:909][311]LogModuleManager: Shutting down and abandoning module HTTPChunkInstaller (36)
[2017.06.30-05.19.21:909][311]LogModuleManager: Shutting down and abandoning module AnimationModifiers (34)
[2017.06.30-05.19.21:909][311]LogModuleManager: Shutting down and abandoning module PropertyEditor (33)
[2017.06.30-05.19.21:909][311]LogModuleManager: Shutting down and abandoning module AudioEditor (30)
[2017.06.30-05.19.21:909][311]LogModuleManager: Shutting down and abandoning module TextureCompressor (28)
[2017.06.30-05.19.21:909][311]LogModuleManager: Shutting down and abandoning module ShaderCore (26)
[2017.06.30-05.19.21:909][311]LogModuleManager: Shutting down and abandoning module Landscape (24)
[2017.06.30-05.19.21:909][311]LogModuleManager: Shutting down and abandoning module SlateRHIRenderer (22)
[2017.06.30-05.19.21:910][311]LogModuleManager: Shutting down and abandoning module OpenGLDrv (20)
[2017.06.30-05.19.21:910][311]LogModuleManager: Shutting down and abandoning module D3D11RHI (18)
[2017.06.30-05.19.21:910][311]LogModuleManager: Shutting down and abandoning module AnimGraphRuntime (16)
[2017.06.30-05.19.21:910][311]LogModuleManager: Shutting down and abandoning module Renderer (14)
[2017.06.30-05.19.21:910][311]LogModuleManager: Shutting down and abandoning module Engine (12)
[2017.06.30-05.19.21:910][311]LogModuleManager: Shutting down and abandoning module CoreUObject (10)
[2017.06.30-05.19.21:910][311]LogModuleManager: Shutting down and abandoning module NetworkFile (8)
[2017.06.30-05.19.21:910][311]LogModuleManager: Shutting down and abandoning module StreamingFile (6)
[2017.06.30-05.19.21:910][311]LogModuleManager: Shutting down and abandoning module SandboxFile (4)
[2017.06.30-05.19.21:910][311]LogModuleManager: Shutting down and abandoning module PakFile (2)
[2017.06.30-05.19.21:911][311]LogExit: Exiting.
[2017.06.30-05.19.21:921][311]Log file closed, 06/29/17 23:19:21
