Log file open, 07/03/17 17:24:41
LogInit:Display: Running engine for game: UE4SummerGameJam
LogPlatformFile: Not using cached read wrapper
LogInit:Display: RandInit(-741968241) SRandInit(-741968241).
LogTaskGraph: Started task graph with 5 named threads and 8 total threads with 1 sets of task threads.
LogStats: Stats thread started at 0.075020
LogInit: Using libcurl 7.47.1
LogInit:  - built for x86_64-pc-win32
LogInit:  - supports SSL with OpenSSL/1.0.2g
LogInit:  - supports HTTP deflate (compression) using libz 1.2.8
LogInit:  - other features:
LogInit:      CURL_VERSION_SSL
LogInit:      CURL_VERSION_LIBZ
LogInit:      CURL_VERSION_IPV6
LogInit:      CURL_VERSION_ASYNCHDNS
LogInit:      CURL_VERSION_LARGEFILE
LogInit:      CURL_VERSION_IDN
LogInit:  CurlRequestOptions (configurable via config and command line):
LogInit:  - bVerifyPeer = false  - Libcurl will NOT verify peer certificate
LogInit:  - bUseHttpProxy = false  - Libcurl will NOT use HTTP proxy
LogInit:  - bDontReuseConnections = false  - Libcurl will reuse connections
LogInit:  - CertBundlePath = nullptr  - Libcurl will use whatever was configured at build time.
LogInit: Build: ++UE4+Release-4.16-CL-3514769
LogInit: Engine Version: 4.16.2-3514769+++UE4+Release-4.16
LogInit: Compatible Engine Version: 4.16.0-3452394+++UE4+Release-4.16
LogInit: Net CL: 3452394
LogDevObjectVersion: Number of dev versions registered: 16
LogDevObjectVersion:   Dev-Blueprints (B0D832E4-1F89-4F0D-ACCF-7EB736FD4AA2): 9
LogDevObjectVersion:   Dev-Build (E1C64328-A22C-4D53-A36C-8E866417BD8C): 0
LogDevObjectVersion:   Dev-Core (375EC13C-06E4-48FB-B500-84F0262A717E): 2
LogDevObjectVersion:   Dev-Editor (E4B068ED-F494-42E9-A231-DA0B2E46BB41): 17
LogDevObjectVersion:   Dev-Framework (CFFC743F-43B0-4480-9391-14DF171D2073): 23
LogDevObjectVersion:   Dev-Mobile (B02B49B5-BB20-44E9-A304-32B752E40360): 0
LogDevObjectVersion:   Dev-Networking (A4E4105C-59A1-49B5-A7C5-40C4547EDFEE): 0
LogDevObjectVersion:   Dev-Online (39C831C9-5AE6-47DC-9A44-9C173E1C8E7C): 0
LogDevObjectVersion:   Dev-Physics (78F01B33-EBEA-4F98-B9B4-84EACCB95AA2): 0
LogDevObjectVersion:   Dev-Platform (6631380F-2D4D-43E0-8009-CF276956A95A): 0
LogDevObjectVersion:   Dev-Rendering (12F88B9F-8875-4AFC-A67C-D90C383ABD29): 15
LogDevObjectVersion:   Dev-Sequencer (7B5AE74C-D270-4C10-A958-57980B212A5A): 4
LogDevObjectVersion:   Dev-VR (D7296918-1DD6-4BDD-9DE2-64A83CC13884): 0
LogDevObjectVersion:   Dev-LoadTimes (C2A15278-BFE7-4AFE-6C17-90FF531DF755): 1
LogDevObjectVersion:   Private-Geometry (6EACA3D4-40EC-4CC1-B786-8BED09428FC5): 1
LogDevObjectVersion:   Dev-AnimPhys (29E575DD-E0A3-4627-9D10-D276232CDCEA): 3
LogInit: Compiled (64-bit): Jun 29 2017 02:03:24
LogInit: Compiled with Visual C++: 19.00.24215.01
LogInit: Build Configuration: Development
LogInit: Branch Name: ++UE4+Release-4.16
LogInit: Command line: -EpicPortal 
LogInit: Base directory: T:/unreal/UE_4.16/Engine/Binaries/Win64/
LogInit: Installed Engine Build: 1
LogInit: Presizing for max 8388607 objects, including 0 objects not considered by GC, pre-allocating 0 bytes for permanent pool.
LogInit: Object subsystem initialized
[2017.07.03-23.24.41:744][  0]LogInit: Selected Device Profile: [Windows]
[2017.07.03-23.24.41:744][  0]LogInit: Applying CVar settings loaded from the selected device profile: [Windows]
[2017.07.03-23.24.41:753][  0]LogInit: Computer: REGALIA
[2017.07.03-23.24.41:753][  0]LogInit: User: Thomas
[2017.07.03-23.24.41:753][  0]LogInit: CPU Page size=4096, Cores=4
[2017.07.03-23.24.41:753][  0]LogInit: High frequency timer resolution =3.914062 MHz
[2017.07.03-23.24.41:753][  0]LogMemory: Memory total: Physical=16.0GB (16GB approx)
[2017.07.03-23.24.41:753][  0]LogMemory: Platform Memory Stats for Windows
[2017.07.03-23.24.41:753][  0]LogMemory: Process Physical Memory: 273.41 MB used, 273.41 MB peak
[2017.07.03-23.24.41:753][  0]LogMemory: Process Virtual Memory: 260.84 MB used, 260.84 MB peak
[2017.07.03-23.24.41:753][  0]LogMemory: Physical Memory: 7210.40 MB used,  9133.29 MB free, 16343.70 MB total
[2017.07.03-23.24.41:753][  0]LogMemory: Virtual Memory: 638.48 MB used,  9133.29 MB free, 134217728.00 MB total
[2017.07.03-23.24.41:823][  0]LogInit: Using OS detected language (en-US).
[2017.07.03-23.24.41:823][  0]LogInit: Using OS detected locale (en-US).
[2017.07.03-23.24.41:826][  0]LogTextLocalizationManager: No specific localization for 'en-US' exists, so the 'en' localization will be used.
[2017.07.03-23.24.42:651][  0]LogD3D11RHI: D3D11 adapters:
[2017.07.03-23.24.43:130][  0]LogD3D11RHI:    0. 'NVIDIA GeForce GTX 1060 6GB' (Feature Level 11_0)
[2017.07.03-23.24.43:130][  0]LogD3D11RHI:       6084/0/8171 MB DedicatedVideo/DedicatedSystem/SharedSystem, Outputs:2, VendorId:0x10de
[2017.07.03-23.24.43:131][  0]LogD3D11RHI:    1. 'Microsoft Basic Render Driver' (Feature Level 11_0)
[2017.07.03-23.24.43:131][  0]LogD3D11RHI:       0/0/8171 MB DedicatedVideo/DedicatedSystem/SharedSystem, Outputs:0, VendorId:0x1414
[2017.07.03-23.24.43:131][  0]LogD3D11RHI: Chosen D3D11 Adapter: 0
[2017.07.03-23.24.43:137][  0]LogD3D11RHI: Creating new Direct3DDevice
[2017.07.03-23.24.43:137][  0]LogD3D11RHI:     GPU DeviceId: 0x1c03 (for the marketing name, search the web for "GPU Device Id")
[2017.07.03-23.24.43:137][  0]LogWindows: EnumDisplayDevices:
[2017.07.03-23.24.43:137][  0]LogWindows:    0. 'NVIDIA GeForce GTX 1060 6GB' (P:0 D:1)
[2017.07.03-23.24.43:137][  0]LogWindows:    1. 'NVIDIA GeForce GTX 1060 6GB' (P:1 D:1)
[2017.07.03-23.24.43:137][  0]LogWindows:    2. 'NVIDIA GeForce GTX 1060 6GB' (P:0 D:0)
[2017.07.03-23.24.43:137][  0]LogWindows:    3. 'NVIDIA GeForce GTX 1060 6GB' (P:0 D:0)
[2017.07.03-23.24.43:137][  0]LogWindows: DebugString: FoundDriverCount:4 
[2017.07.03-23.24.43:137][  0]LogD3D11RHI:     Adapter Name: NVIDIA GeForce GTX 1060 6GB
[2017.07.03-23.24.43:137][  0]LogD3D11RHI:   Driver Version: 382.05 (internal:22.21.13.8205, unified:382.05)
[2017.07.03-23.24.43:137][  0]LogD3D11RHI:      Driver Date: 5-1-2017
[2017.07.03-23.24.43:137][  0]LogRHI: Texture pool is 1361 MB (70% of 1945 MB)
[2017.07.03-23.24.43:571][  0]LogD3D11RHI: Async texture creation enabled
[2017.07.03-23.24.43:598][  0]LogD3D11RHI: GPU Timing Frequency: 1000.000000 (Debug: 2 1)
[2017.07.03-23.24.43:644][  0]LogShaderCompilers: Guid format shader working directory is -14 characters bigger than the processId version (C:/Users/Thomas/Documents/GitHub/UE4GameJam/UE4SummerGameJam/Intermediate/Shaders/WorkingDirectory/12252/).
[2017.07.03-23.24.43:644][  0]LogShaderCompilers: Cleaned the shader compiler working directory 'C:/Users/Thomas/AppData/Local/Temp/UnrealShaderWorkingDir/573489454E382CFED76698A693565F0C/'.
[2017.07.03-23.24.43:644][  0]LogShaderCompilers:Display: Using Local Shader Compiler.
[2017.07.03-23.24.44:381][  0]LogTemp:Display: Loaded TP AllDesktopTargetPlatform
[2017.07.03-23.24.44:414][  0]LogTemp:Display: Loaded TP MacClientTargetPlatform
[2017.07.03-23.24.44:450][  0]LogTemp:Display: Loaded TP MacNoEditorTargetPlatform
[2017.07.03-23.24.44:481][  0]LogTemp:Display: Loaded TP MacServerTargetPlatform
[2017.07.03-23.24.44:513][  0]LogTemp:Display: Loaded TP MacTargetPlatform
[2017.07.03-23.24.44:545][  0]LogTemp:Display: Loaded TP WindowsClientTargetPlatform
[2017.07.03-23.24.44:576][  0]LogTemp:Display: Loaded TP WindowsNoEditorTargetPlatform
[2017.07.03-23.24.44:607][  0]LogTemp:Display: Loaded TP WindowsServerTargetPlatform
[2017.07.03-23.24.44:634][  0]LogTemp:Display: Loaded TP WindowsTargetPlatform
[2017.07.03-23.24.44:666][  0]LogTemp:Display: Loaded TP AndroidTargetPlatform
[2017.07.03-23.24.44:697][  0]LogTemp:Display: Loaded TP Android_ASTCTargetPlatform
[2017.07.03-23.24.44:735][  0]LogTemp:Display: Loaded TP Android_ATCTargetPlatform
[2017.07.03-23.24.44:777][  0]LogTemp:Display: Loaded TP Android_DXTTargetPlatform
[2017.07.03-23.24.44:823][  0]LogTemp:Display: Loaded TP Android_ETC1TargetPlatform
[2017.07.03-23.24.44:858][  0]LogTemp:Display: Loaded TP Android_ETC2TargetPlatform
[2017.07.03-23.24.44:921][  0]LogTemp:Display: Loaded TP Android_MultiTargetPlatform
[2017.07.03-23.24.44:921][  0]LogTemp:Display: Loaded TP Android_PVRTCTargetPlatform
[2017.07.03-23.24.44:945][  0]LogTemp:Display: Loaded TP HTML5TargetPlatform
[2017.07.03-23.24.45:008][  0]LogTemp:Display: Loaded TP IOSTargetPlatform
[2017.07.03-23.24.45:026][  0]LogTemp:Display: Loaded TP TVOSTargetPlatform
[2017.07.03-23.24.45:058][  0]LogTemp:Display: Loaded TP LinuxClientTargetPlatform
[2017.07.03-23.24.45:090][  0]LogTemp:Display: Loaded TP LinuxNoEditorTargetPlatform
[2017.07.03-23.24.45:123][  0]LogTemp:Display: Loaded TP LinuxServerTargetPlatform
[2017.07.03-23.24.45:156][  0]LogTemp:Display: Loaded TP LinuxTargetPlatform
[2017.07.03-23.24.45:156][  0]LogTargetPlatformManager:Display: Building Assets For Windows
[2017.07.03-23.24.45:454][  0]LogDerivedDataCache:Display: Max Cache Size: 512 MB
[2017.07.03-23.24.45:531][  0]LogDerivedDataCache: Loaded boot cache 0.08s 90MB C:/Users/Thomas/AppData/Local/UnrealEngine/4.16/DerivedDataCache/Boot.ddc.
[2017.07.03-23.24.45:531][  0]LogDerivedDataCache:Display: Loaded Boot cache: C:/Users/Thomas/AppData/Local/UnrealEngine/4.16/DerivedDataCache/Boot.ddc
[2017.07.03-23.24.45:532][  0]LogDerivedDataCache: FDerivedDataBackendGraph:  Pak pak cache file C:/Users/Thomas/Documents/GitHub/UE4GameJam/UE4SummerGameJam/DerivedDataCache/DDC.ddp not found, will not use a pak cache.
[2017.07.03-23.24.45:532][  0]LogDerivedDataCache: Unable to find inner node Pak for hierarchical cache Hierarchy.
[2017.07.03-23.24.45:532][  0]LogDerivedDataCache: FDerivedDataBackendGraph:  CompressedPak pak cache file C:/Users/Thomas/Documents/GitHub/UE4GameJam/UE4SummerGameJam/DerivedDataCache/Compressed.ddp not found, will not use a pak cache.
[2017.07.03-23.24.45:532][  0]LogDerivedDataCache: Unable to find inner node CompressedPak for hierarchical cache Hierarchy.
[2017.07.03-23.24.45:544][  0]LogDerivedDataCache:Display: Pak cache opened for reading ../../../Engine/DerivedDataCache/Compressed.ddp.
[2017.07.03-23.24.45:556][  0]LogDerivedDataCache: Using Local data cache path C:/Users/Thomas/AppData/Local/UnrealEngine/Common/DerivedDataCache: Writable
[2017.07.03-23.24.45:564][  0]LogMaterial: Verifying Global Shaders for PCD3D_SM5
[2017.07.03-23.24.45:564][  0]LogSlate: Using Freetype 2.6.0
[2017.07.03-23.24.45:565][  0]LogSlate: SlateFontCache - WITH_FREETYPE: 1, WITH_HARFBUZZ: 1
[2017.07.03-23.24.45:565][  0]LogSlate: SlateFontCache - WITH_FREETYPE: 1, WITH_HARFBUZZ: 1
[2017.07.03-23.24.45:820][  0]LogInit: Selected Device Profile: [Windows]
[2017.07.03-23.24.45:893][  0]LogContentStreaming: Texture pool size is 0.00 MB
[2017.07.03-23.24.46:058][  0]LogMeshUtilities: Using QuadricMeshReduction for automatic static mesh reduction
[2017.07.03-23.24.46:098][  0]LogSimplygon: Simplygon DLL not present - disabling.
[2017.07.03-23.24.46:131][  0]LogMeshUtilities: Using SimplygonSwarm for distributed automatic mesh merging
[2017.07.03-23.24.46:131][  0]LogMeshUtilities: No automatic skeletal mesh reduction module available
[2017.07.03-23.24.46:131][  0]LogMeshUtilities: No automatic mesh merging module available
[2017.07.03-23.24.46:530][  0]LogNetVersion: UE4SummerGameJam , NetCL: 3452394, EngineNetVer: 2, GameNetVer: 0 (Checksum: 4194117113)
[2017.07.03-23.24.46:578][  0]LogAssetRegistry: FAssetRegistry took 0.0243 seconds to start up
[2017.07.03-23.24.46:627][  0]LogPackageLocalizationCache: Processed 4 localized package path(s) for 2 prioritized culture(s) in 0.032714 seconds
[2017.07.03-23.24.46:632][  0]LogUObjectArray: 34194 objects as part of root set at end of initial load.
[2017.07.03-23.24.46:632][  0]LogUObjectAllocator: 7260424 out of 0 bytes used by permanent object pool.
[2017.07.03-23.24.46:632][  0]LogUObjectArray: CloseDisregardForGC: 0/0 objects in disregard for GC pool
[2017.07.03-23.24.46:667][  0]LogInit: WinSock: version 1.1 (2.2), MaxSocks=32767, MaxUdp=65467
[2017.07.03-23.24.48:413][  0]LogTcpMessaging: Initializing TcpMessaging bridge
[2017.07.03-23.24.48:444][  0]LogUdpMessaging: Initializing bridge on interface 0.0.0.0:0 to multicast group 230.0.0.1:6666.
[2017.07.03-23.24.48:810][  0]LogMaterial: Uniform references updated for custom material expression Custom.
[2017.07.03-23.24.49:085][  0]SourceControl: Info Source control is disabled
[2017.07.03-23.24.49:131][  0]SourceControl: Info Source control is disabled
[2017.07.03-23.24.49:166][  0]SourceControl: Info Source control is disabled
[2017.07.03-23.24.49:200][  0]SourceControl: Info Source control is disabled
[2017.07.03-23.24.49:642][  0]LogAndroidPermission: UAndroidPermissionCallbackProxy::GetInstance
[2017.07.03-23.24.50:048][  0]LogEngine: Initializing Engine...
[2017.07.03-23.24.50:048][  0]LogHMD: Failed to initialize OpenVR with code 100
[2017.07.03-23.24.50:214][  0]LogStats: UGameplayTagsManager::ConstructGameplayTagTree: Construct from data asset -  0.000 s
[2017.07.03-23.24.50:214][  0]LogStats: UGameplayTagsManager::ConstructGameplayTagTree: GameplayTagTreeChangedEvent.Broadcast -  0.000 s
[2017.07.03-23.24.50:303][  0]LogAIModule: Creating AISystem for world Untitled
[2017.07.03-23.24.50:310][  0]LogInit: XAudio2 using 'Speakers (Realtek High Definition Audio)' : 2 channels at 48 kHz using 32 bits per sample (channel mask 0x3)
[2017.07.03-23.24.50:336][  0]LogInit: FAudioDevice initialized.
[2017.07.03-23.24.50:373][  0]LogDerivedDataCache: Saved boot cache 0.04s 90MB C:/Users/Thomas/AppData/Local/UnrealEngine/4.16/DerivedDataCache/Boot.ddc.
[2017.07.03-23.24.50:383][  0]LogInit: Texture streaming: Enabled
[2017.07.03-23.24.50:436][  0]LogEngineSessionManager: EngineSessionManager initialized
[2017.07.03-23.24.50:577][  0]LogInit: Transaction tracking system initialized
[2017.07.03-23.24.50:763][  0]BlueprintLog: New page: Editor Load
[2017.07.03-23.24.51:326][  0]LocalizationService: Info Localization service is disabled
[2017.07.03-23.24.51:754][  0]LogConsoleResponse:Display: 
[2017.07.03-23.24.51:910][  0]LogCook:Display: Max memory allowance for cook 16384mb min free memory 0mb
[2017.07.03-23.24.51:910][  0]LogCook:Display: Mobile HDR setting 1
[2017.07.03-23.24.52:558][  0]LogFileCache: Scanning file cache for directory 'C:/Users/Thomas/Documents/GitHub/UE4GameJam/UE4SummerGameJam/Content/' took 0.01s
[2017.07.03-23.24.52:558][  0]SourceControl: Info Source control is disabled
[2017.07.03-23.24.52:558][  0]Cmd: MAP LOAD FILE="C:/Users/Thomas/Documents/GitHub/UE4GameJam/UE4SummerGameJam/Content/StarterContent/Maps/Minimal_Default.umap" TEMPLATE=0 SHOWPROGRESS=1 FEATURELEVEL=3
[2017.07.03-23.24.52:558][  0]LightingResults: New page: Lighting Build
[2017.07.03-23.24.52:584][  0]MapCheck: New page: Map Check
[2017.07.03-23.24.52:584][  0]LightingResults: New page: Lighting Build
[2017.07.03-23.24.53:060][  0]LogAIModule: Creating AISystem for world Minimal_Default
[2017.07.03-23.24.53:083][  0]LogEditorServer: Finished looking for orphan Actors (0.000 secs)
[2017.07.03-23.24.53:116][  0]Cmd: MAP CHECKDEP NOCLEARLOG
[2017.07.03-23.24.53:153][  0]MapCheck: Info Map check complete: 0 Error(s), 0 Warning(s), took 37.177ms to complete.
[2017.07.03-23.24.53:154][  0]LogFileHelpers: Loading map 'Minimal_Default' took 0.596
[2017.07.03-23.24.53:230][  0]LogWindowsTextInputMethodSystem:Display: IME system now deactivated.
[2017.07.03-23.24.53:230][  0]LogWindowsTextInputMethodSystem:Display: IME system now deactivated.
[2017.07.03-23.24.54:132][  0]LogCollectionManager: Loaded 0 collections in 0.000593 seconds
[2017.07.03-23.24.54:537][  0]LogFileCache: Scanning file cache for directory 'C:/Users/Thomas/Documents/GitHub/UE4GameJam/UE4SummerGameJam/Saved/Collections/' took 0.01s
[2017.07.03-23.24.54:537][  0]LogFileCache: Scanning file cache for directory 'C:/Users/Thomas/Documents/GitHub/UE4GameJam/UE4SummerGameJam/Content/Developers/Thomas/Collections/' took 0.01s
[2017.07.03-23.24.54:537][  0]LogFileCache: Scanning file cache for directory 'C:/Users/Thomas/Documents/GitHub/UE4GameJam/UE4SummerGameJam/Content/Collections/' took 0.01s
[2017.07.03-23.24.54:537][  0]LogCollectionManager: Rebuilt the GUID cache for 0 collections in 0.000002 seconds
[2017.07.03-23.24.54:546][  0]LogContentBrowser: Native class hierarchy populated in 0.0080 seconds. Added 2329 classes and 491 folders.
[2017.07.03-23.24.54:707][  0]LogContentBrowser: Native class hierarchy updated for 'WidgetCarousel' in 0.0004 seconds. Added 0 classes and 0 folders.
[2017.07.03-23.24.56:800][  0]LogContentBrowser: Native class hierarchy updated for 'AddContentDialog' in 0.0004 seconds. Added 0 classes and 0 folders.
[2017.07.03-23.24.56:986][  0]LogContentBrowser: Native class hierarchy updated for 'SceneOutliner' in 0.0004 seconds. Added 1 classes and 2 folders.
[2017.07.03-23.24.58:069][  0]LogCrashTracker: Crashtracker disabled due to settings.
[2017.07.03-23.24.58:121][  0]LogSlate: Took 0.000165 seconds to synchronously load lazily loaded font '../../../Engine/Content/Slate/Fonts/Roboto-Regular.ttf' (155K)
[2017.07.03-23.24.58:122][  0]LogSlate: Took 0.000218 seconds to synchronously load lazily loaded font '../../../Engine/Content/Slate/Fonts/Roboto-Bold.ttf' (160K)
[2017.07.03-23.24.58:171][  0]LogSlate: Took 0.025673 seconds to synchronously load lazily loaded font '../../../Engine/Content/Editor/Slate/Fonts/FontAwesome.ttf' (139K)
[2017.07.03-23.24.58:525][  0]LogRenderer: Reallocating scene render targets to support 1208x576 NumSamples 1 (Frame:1).
[2017.07.03-23.24.59:517][  0]LogContentBrowser: Native class hierarchy updated for 'HierarchicalLODOutliner' in 0.0004 seconds. Added 1 classes and 2 folders.
[2017.07.03-23.24.59:518][  0]LogLoad: (Engine Initialization) Total time: 19.23 seconds
[2017.07.03-23.24.59:518][  0]LogLoad: (Engine Initialization) Total Blueprint compile time: 0.17 seconds
[2017.07.03-23.24.59:518][  0]LogExternalProfiler: Found external profiler: VSPerf
[2017.07.03-23.24.59:518][  0]LogExternalProfiler: Using external profiler: VSPerf
[2017.07.03-23.24.59:530][  0]LogOcInput: OculusInput pre-init called
[2017.07.03-23.24.59:530][  0]LogHMD: Starting GearVRController plugin
[2017.07.03-23.24.59:657][  0]LogContentStreaming: Texture pool size now 1000 MB
[2017.07.03-23.24.59:759][  0]LogSlate: Took 0.025515 seconds to synchronously load lazily loaded font '../../../Engine/Content/Slate/Fonts/Roboto-Light.ttf' (159K)
[2017.07.03-23.24.59:765][  1]LogFileCache: Retrieving MD5 hashes for directory 'C:/Users/Thomas/Documents/GitHub/UE4GameJam/UE4SummerGameJam/Content/' took 0.22s
[2017.07.03-23.25.00:790][109]LogCollectionManager: Rebuilt the object cache for 0 collections in 0.000001 seconds (found 0 objects)
[2017.07.03-23.25.04:997][611]LogAssetRegistry: Asset discovery search completed in 18.4404 seconds
[2017.07.03-23.25.04:998][611]LogCollectionManager: Fixed up redirectors for 0 collections in 0.000001 seconds (updated 0 objects)
[2017.07.03-23.27.08:143][ 50]LogSlate: Took 0.000150 seconds to synchronously load lazily loaded font '../../../Engine/Content/Slate/Fonts/Roboto-Light.ttf' (159K)
[2017.07.03-23.27.08:167][ 50]LogFactory: FactoryCreateFile: StaticMesh with FbxFactory (0 0 ../../../../../Docs/maya/projects/2017 Unreal Summer Game Jam/scenes/anx.fbx)
[2017.07.03-23.27.08:232][ 50]LogFbx: ItemName: GlobalSettings, ItemCount : 1
[2017.07.03-23.27.08:232][ 50]LogFbx: ItemName: AnimationStack, ItemCount : 1
[2017.07.03-23.27.08:232][ 50]LogFbx: ItemName: AnimationLayer, ItemCount : 1
[2017.07.03-23.27.08:232][ 50]LogFbx: ItemName: NodeAttribute, ItemCount : 4
[2017.07.03-23.27.08:232][ 50]LogFbx: ItemName: Model, ItemCount : 5
[2017.07.03-23.27.08:232][ 50]LogFbx: ItemName: Geometry, ItemCount : 1
[2017.07.03-23.27.08:232][ 50]LogFbx: ItemName: Material, ItemCount : 1
[2017.07.03-23.27.08:238][ 50]LogFbx: Loading FBX Scene from ../../../../../Docs/maya/projects/2017 Unreal Summer Game Jam/scenes/anx.fbx
[2017.07.03-23.27.08:262][ 50]LogFbx: FBX Scene Loaded Succesfully
[2017.07.03-23.27.10:876][ 50]LogFbx: Loading FBX Scene from ../../../../../Docs/maya/projects/2017 Unreal Summer Game Jam/scenes/anx.fbx
[2017.07.03-23.27.10:882][ 50]LogFbx: FBX Scene Loaded Succesfully
[2017.07.03-23.27.10:905][ 50]LogLinker: Can't find file '/Game/Game/Models/unwrapBaseShader'
[2017.07.03-23.27.10:906][ 50]LogLinker: Can't find file '/Game/Game/Models/unwrapBaseShader'
[2017.07.03-23.27.10:927][ 50]LogMaterial: Missing cached shader map for material unwrapBaseShader, compiling. 
[2017.07.03-23.27.10:952][ 50]LogFbx:Warning: Triangulating static mesh pCube3
[2017.07.03-23.27.11:333][ 50]LogStaticMesh: Building static mesh anx...
[2017.07.03-23.27.11:446][ 50]LogStaticMesh: Built static mesh [0.13s] /Game/Game/Models/anx.anx
[2017.07.03-23.27.11:515][ 50]FBXImport:Warning: Warning No smoothing group information was found in this FBX scene.  Please make sure to enable the 'Export Smoothing Groups' option in the FBX Exporter plug-in before exporting the file.  Even for tools that don't support smoothing groups, the FBX Exporter will generate appropriate smoothing data at export-time so that correct vertex normals can be inferred while importing. 
[2017.07.03-23.27.11:633][ 50]LogFactory: FactoryCreateFile: StaticMesh with FbxFactory (0 0 ../../../../../Docs/maya/projects/2017 Unreal Summer Game Jam/scenes/bully.fbx)
[2017.07.03-23.27.11:643][ 50]LogFbx: Loading FBX Scene from ../../../../../Docs/maya/projects/2017 Unreal Summer Game Jam/scenes/bully.fbx
[2017.07.03-23.27.11:649][ 50]LogFbx: FBX Scene Loaded Succesfully
[2017.07.03-23.27.11:651][ 50]LogFbx:Warning: Triangulating static mesh pCube6
[2017.07.03-23.27.11:737][ 50]LogStaticMesh: Building static mesh bully...
[2017.07.03-23.27.11:764][ 50]LogStaticMesh: Built static mesh [0.03s] /Game/Game/Models/bully.bully
[2017.07.03-23.27.11:776][ 50]FBXImport:Warning: Warning No smoothing group information was found in this FBX scene.  Please make sure to enable the 'Export Smoothing Groups' option in the FBX Exporter plug-in before exporting the file.  Even for tools that don't support smoothing groups, the FBX Exporter will generate appropriate smoothing data at export-time so that correct vertex normals can be inferred while importing. 
[2017.07.03-23.27.11:826][ 50]LogFactory: FactoryCreateFile: StaticMesh with FbxFactory (0 0 ../../../../../Docs/maya/projects/2017 Unreal Summer Game Jam/scenes/Peerpres.fbx)
[2017.07.03-23.27.11:837][ 50]LogFbx: Loading FBX Scene from ../../../../../Docs/maya/projects/2017 Unreal Summer Game Jam/scenes/Peerpres.fbx
[2017.07.03-23.27.11:871][ 50]LogFbx: FBX Scene Loaded Succesfully
[2017.07.03-23.27.11:873][ 50]LogFbx:Warning: Triangulating static mesh front1
[2017.07.03-23.27.12:047][ 50]LogStaticMesh: Building static mesh Peerpres...
[2017.07.03-23.27.12:085][ 50]LogStaticMesh: Built static mesh [0.04s] /Game/Game/Models/Peerpres.Peerpres
[2017.07.03-23.27.12:100][ 50]FBXImport:Warning: Warning No smoothing group information was found in this FBX scene.  Please make sure to enable the 'Export Smoothing Groups' option in the FBX Exporter plug-in before exporting the file.  Even for tools that don't support smoothing groups, the FBX Exporter will generate appropriate smoothing data at export-time so that correct vertex normals can be inferred while importing. 
[2017.07.03-23.29.02:444][369]LogFactory: FactoryCreateFile: Texture with ReimportTextureFactory (0 0 ../../../../../Docs/Substance Painter 2/export/Monster_texs/anx_unwrapBaseShader_BaseColor.tga)
[2017.07.03-23.29.02:817][369]LogTexture:Display: Building textures: anx_unwrapBaseShader_BaseColor (AutoDXT, 2048X2048)
[2017.07.03-23.29.03:395][369]LogFactory: FactoryCreateFile: Texture with ReimportTextureFactory (0 0 ../../../../../Docs/Substance Painter 2/export/Monster_texs/bully_unwrapBaseShader_BaseColor.tga)
[2017.07.03-23.29.03:480][369]LogTexture:Display: Building textures: bully_unwrapBaseShader_BaseColor (AutoDXT, 2048X2048)
[2017.07.03-23.29.04:232][369]LogFactory: FactoryCreateFile: Texture with ReimportTextureFactory (0 0 ../../../../../Docs/Substance Painter 2/export/Monster_texs/Peer_unwrapBaseShader_Base_Color.tga)
[2017.07.03-23.29.04:328][369]LogTexture:Display: Building textures: Peer_unwrapBaseShader_Base_Color (AutoDXT, 2048X2048)
[2017.07.03-23.29.20:574][228]LogMaterial: Missing cached shader map for material NewMaterial, compiling. 
[2017.07.03-23.29.20:779][228]LogMaterial: Missing cached shader map for material NewMaterial, compiling. 
[2017.07.03-23.29.20:789][228]LogMaterial: Missing cached shader map for material NewMaterial, compiling. 
[2017.07.03-23.29.20:845][228]LogSlate: Took 0.019152 seconds to synchronously load lazily loaded font '../../../Engine/Content/Editor/Slate/Fonts/Roboto-BoldCondensed.ttf' (158K)
[2017.07.03-23.29.21:734][278]MaterialEditorStats: Info Base pass shader: 78 instructions
[2017.07.03-23.29.21:734][278]MaterialEditorStats: Info Vertex shader: 29 instructions
[2017.07.03-23.29.21:734][278]MaterialEditorStats: Info Texture samplers: 1/16
[2017.07.03-23.29.41:235][530]Cmd: OBJ SAVEPACKAGE PACKAGE="/Game/Game/Models/anxMat" FILE="C:/Users/Thomas/Documents/GitHub/UE4GameJam/UE4SummerGameJam/Content/Game/Models/anxMat.uasset" SILENT=true
[2017.07.03-23.29.41:288][530]LogSavePackage: Save=44.30ms
[2017.07.03-23.29.41:288][530]LogSavePackage: Moving 'C:/Users/Thomas/Documents/GitHub/UE4GameJam/UE4SummerGameJam/Saved/anxMat01F951BB4EA88A6702415299E7D7502D.tmp' to 'C:/Users/Thomas/Documents/GitHub/UE4GameJam/UE4SummerGameJam/Content/Game/Models/anxMat.uasset'
[2017.07.03-23.29.41:289][530]LogSavePackage:Display: Finished SavePackage C:/Users/Thomas/Documents/GitHub/UE4GameJam/UE4SummerGameJam/Content/Game/Models/anxMat.uasset
[2017.07.03-23.30.17:911][875]LogMaterial: Missing cached shader map for material anxMat, compiling. 
[2017.07.03-23.30.17:972][875]LogMaterial: Missing cached shader map for material anxMat, compiling. 
[2017.07.03-23.30.17:982][875]LogMaterial: Missing cached shader map for material anxMat, compiling. 
[2017.07.03-23.30.18:886][940]MaterialEditorStats: Info Base pass shader: 78 instructions
[2017.07.03-23.30.18:886][940]MaterialEditorStats: Info Vertex shader: 29 instructions
[2017.07.03-23.30.18:886][940]MaterialEditorStats: Info Texture samplers: 1/16
[2017.07.03-23.30.23:814][452]LogMaterial: Missing cached shader map for material anxMat, compiling. 
[2017.07.03-23.30.23:824][452]LogMaterial: Missing cached shader map for material FMatExpressionPreview MaterialExpressionTextureSample_0, compiling. 
[2017.07.03-23.30.23:854][452]LogMaterial: Missing cached shader map for material FMatExpressionPreview MaterialExpressionTextureSample_0, compiling. 
[2017.07.03-23.30.24:498][495]MaterialEditorStats: Info Base pass shader: 78 instructions
[2017.07.03-23.30.24:498][495]MaterialEditorStats: Info Vertex shader: 29 instructions
[2017.07.03-23.30.24:498][495]MaterialEditorStats: Info Texture samplers: 1/16
[2017.07.03-23.30.25:802][646]LogMaterial: Missing cached shader map for material anxMat, compiling. 
[2017.07.03-23.30.25:814][646]LogMaterial: Missing cached shader map for material FMatExpressionPreview MaterialExpressionTextureSample_0, compiling. 
[2017.07.03-23.30.26:544][695]MaterialEditorStats: Info Base pass shader: 81 instructions
[2017.07.03-23.30.26:544][695]MaterialEditorStats: Info Vertex shader: 31 instructions
[2017.07.03-23.30.26:544][695]MaterialEditorStats: Info Texture samplers: 2/16
[2017.07.03-23.30.26:544][695]MaterialEditorStats: Info User interpolators: 2/4 Scalars (1/4 Vectors) (TexCoords: 2, Custom: 0)
[2017.07.03-23.30.30:718][150]LogMaterialEditor: Saving and Compiling material anxMat
[2017.07.03-23.30.31:139][150]LogMaterial: Missing cached shader map for material anxMat, compiling. 
[2017.07.03-23.30.31:172][150]LogMaterial: Missing cached shader map for material anxMat, compiling. 
[2017.07.03-23.30.31:192][150]LogMaterial: Missing cached shader map for material anxMat, compiling. 
[2017.07.03-23.30.31:244][150]LogMaterial: Missing cached shader map for material FDebugViewModeMaterialProxy anxMat, compiling. 
[2017.07.03-23.30.31:724][150]TextureStreamingBuild:Display: Compiling optional shaders took 0.508 seconds.
[2017.07.03-23.30.32:792][150]LogSlate: Took 0.000217 seconds to synchronously load lazily loaded font '../../../Engine/Content/Slate/Fonts/Roboto-Regular.ttf' (155K)
[2017.07.03-23.30.32:808][150]Cmd: OBJ SAVEPACKAGE PACKAGE="/Game/Game/Models/anxMat" FILE="C:/Users/Thomas/Documents/GitHub/UE4GameJam/UE4SummerGameJam/Content/Game/Models/anxMat.uasset" SILENT=true
[2017.07.03-23.30.32:824][150]LogSavePackage: Save=11.24ms
[2017.07.03-23.30.32:824][150]LogSavePackage: Moving 'C:/Users/Thomas/Documents/GitHub/UE4GameJam/UE4SummerGameJam/Saved/anxMatD48A221E41CB2AC2D72347995B67F3B5.tmp' to 'C:/Users/Thomas/Documents/GitHub/UE4GameJam/UE4SummerGameJam/Content/Game/Models/anxMat.uasset'
[2017.07.03-23.30.32:826][150]LogSavePackage:Display: Finished SavePackage C:/Users/Thomas/Documents/GitHub/UE4GameJam/UE4SummerGameJam/Content/Game/Models/anxMat.uasset
[2017.07.03-23.30.32:835][150]MaterialEditorStats: Info Base pass shader: 81 instructions
[2017.07.03-23.30.32:835][150]MaterialEditorStats: Info Vertex shader: 31 instructions
[2017.07.03-23.30.32:835][150]MaterialEditorStats: Info Texture samplers: 3/16
[2017.07.03-23.30.32:835][150]MaterialEditorStats: Info User interpolators: 2/4 Scalars (1/4 Vectors) (TexCoords: 2, Custom: 0)
[2017.07.03-23.30.39:145][885]LogMaterialEditor: Saving and Compiling material anxMat
[2017.07.03-23.30.39:159][885]Cmd: OBJ SAVEPACKAGE PACKAGE="/Game/Game/Models/anxMat" FILE="C:/Users/Thomas/Documents/GitHub/UE4GameJam/UE4SummerGameJam/Content/Game/Models/anxMat.uasset" SILENT=true
[2017.07.03-23.30.39:165][885]LogSavePackage: Save=4.09ms
[2017.07.03-23.30.39:165][885]LogSavePackage: Moving 'C:/Users/Thomas/Documents/GitHub/UE4GameJam/UE4SummerGameJam/Saved/anxMat2F9C8A78481CB75C71C37FB2383AAD80.tmp' to 'C:/Users/Thomas/Documents/GitHub/UE4GameJam/UE4SummerGameJam/Content/Game/Models/anxMat.uasset'
[2017.07.03-23.30.39:166][885]LogSavePackage:Display: Finished SavePackage C:/Users/Thomas/Documents/GitHub/UE4GameJam/UE4SummerGameJam/Content/Game/Models/anxMat.uasset
[2017.07.03-23.30.42:438][256]LogMaterial: Missing cached shader map for material BullyMat, compiling. 
[2017.07.03-23.30.42:486][256]LogMaterial: Missing cached shader map for material BullyMat, compiling. 
[2017.07.03-23.30.42:496][256]LogMaterial: Missing cached shader map for material BullyMat, compiling. 
[2017.07.03-23.30.43:722][360]LogMaterial: Missing cached shader map for material BullyMat, compiling. 
[2017.07.03-23.30.43:730][360]LogMaterial: Missing cached shader map for material FMatExpressionPreview MaterialExpressionTextureSample_1, compiling. 
[2017.07.03-23.30.43:763][360]LogMaterial: Missing cached shader map for material FMatExpressionPreview MaterialExpressionTextureSample_1, compiling. 
[2017.07.03-23.30.45:052][477]LogMaterial: Missing cached shader map for material BullyMat, compiling. 
[2017.07.03-23.30.45:065][477]LogMaterial: Missing cached shader map for material FMatExpressionPreview MaterialExpressionTextureSample_1, compiling. 
[2017.07.03-23.30.45:865][530]MaterialEditorStats: Info Base pass shader: 81 instructions
[2017.07.03-23.30.45:865][530]MaterialEditorStats: Info Vertex shader: 31 instructions
[2017.07.03-23.30.45:865][530]MaterialEditorStats: Info Texture samplers: 2/16
[2017.07.03-23.30.45:865][530]MaterialEditorStats: Info User interpolators: 2/4 Scalars (1/4 Vectors) (TexCoords: 2, Custom: 0)
[2017.07.03-23.30.46:380][588]LogMaterialEditor: Saving and Compiling material BullyMat
[2017.07.03-23.30.46:794][588]LogMaterial: Missing cached shader map for material BullyMat, compiling. 
[2017.07.03-23.30.46:829][588]LogMaterial: Missing cached shader map for material BullyMat, compiling. 
[2017.07.03-23.30.46:847][588]LogMaterial: Missing cached shader map for material BullyMat, compiling. 
[2017.07.03-23.30.46:877][588]LogMaterial: Missing cached shader map for material FDebugViewModeMaterialProxy BullyMat, compiling. 
[2017.07.03-23.30.47:396][588]TextureStreamingBuild:Display: Compiling optional shaders took 0.524 seconds.
[2017.07.03-23.30.48:495][588]Cmd: OBJ SAVEPACKAGE PACKAGE="/Game/Game/Models/BullyMat" FILE="C:/Users/Thomas/Documents/GitHub/UE4GameJam/UE4SummerGameJam/Content/Game/Models/BullyMat.uasset" SILENT=true
[2017.07.03-23.30.48:508][588]LogSavePackage: Save=12.03ms
[2017.07.03-23.30.48:508][588]LogSavePackage: Moving 'C:/Users/Thomas/Documents/GitHub/UE4GameJam/UE4SummerGameJam/Saved/BullyMat04E5EDD14C8406357F1C2588C9561D74.tmp' to 'C:/Users/Thomas/Documents/GitHub/UE4GameJam/UE4SummerGameJam/Content/Game/Models/BullyMat.uasset'
[2017.07.03-23.30.48:509][588]LogSavePackage:Display: Finished SavePackage C:/Users/Thomas/Documents/GitHub/UE4GameJam/UE4SummerGameJam/Content/Game/Models/BullyMat.uasset
[2017.07.03-23.30.48:519][588]MaterialEditorStats: Info Base pass shader: 81 instructions
[2017.07.03-23.30.48:519][588]MaterialEditorStats: Info Vertex shader: 31 instructions
[2017.07.03-23.30.48:519][588]MaterialEditorStats: Info Texture samplers: 3/16
[2017.07.03-23.30.48:519][588]MaterialEditorStats: Info User interpolators: 2/4 Scalars (1/4 Vectors) (TexCoords: 2, Custom: 0)
[2017.07.03-23.30.49:214][656]LogMaterial: Missing cached shader map for material PeerMats, compiling. 
[2017.07.03-23.30.49:277][656]LogMaterial: Missing cached shader map for material PeerMats, compiling. 
[2017.07.03-23.30.49:286][656]LogMaterial: Missing cached shader map for material PeerMats, compiling. 
[2017.07.03-23.30.50:506][758]LogMaterial: Missing cached shader map for material PeerMats, compiling. 
[2017.07.03-23.30.50:515][758]LogMaterial: Missing cached shader map for material FMatExpressionPreview MaterialExpressionTextureSample_2, compiling. 
[2017.07.03-23.30.50:542][758]LogMaterial: Missing cached shader map for material FMatExpressionPreview MaterialExpressionTextureSample_2, compiling. 
[2017.07.03-23.30.52:807][982]MaterialEditorStats: Info Base pass shader: 78 instructions
[2017.07.03-23.30.52:807][982]MaterialEditorStats: Info Vertex shader: 29 instructions
[2017.07.03-23.30.52:807][982]MaterialEditorStats: Info Texture samplers: 1/16
[2017.07.03-23.30.54:179][140]LogMaterial: Missing cached shader map for material PeerMats, compiling. 
[2017.07.03-23.30.54:190][140]LogMaterial: Missing cached shader map for material FMatExpressionPreview MaterialExpressionTextureSample_2, compiling. 
[2017.07.03-23.30.54:918][190]MaterialEditorStats: Info Base pass shader: 81 instructions
[2017.07.03-23.30.54:918][190]MaterialEditorStats: Info Vertex shader: 31 instructions
[2017.07.03-23.30.54:918][190]MaterialEditorStats: Info Texture samplers: 2/16
[2017.07.03-23.30.54:918][190]MaterialEditorStats: Info User interpolators: 2/4 Scalars (1/4 Vectors) (TexCoords: 2, Custom: 0)
[2017.07.03-23.30.55:304][234]LogMaterialEditor: Saving and Compiling material PeerMats
[2017.07.03-23.30.55:724][234]LogMaterial: Missing cached shader map for material PeerMats, compiling. 
[2017.07.03-23.30.55:760][234]LogMaterial: Missing cached shader map for material PeerMats, compiling. 
[2017.07.03-23.30.55:779][234]LogMaterial: Missing cached shader map for material PeerMats, compiling. 
[2017.07.03-23.30.55:810][234]LogMaterial: Missing cached shader map for material FDebugViewModeMaterialProxy PeerMats, compiling. 
[2017.07.03-23.30.56:319][234]TextureStreamingBuild:Display: Compiling optional shaders took 0.515 seconds.
[2017.07.03-23.30.57:500][234]Cmd: OBJ SAVEPACKAGE PACKAGE="/Game/Game/Models/PeerMats" FILE="C:/Users/Thomas/Documents/GitHub/UE4GameJam/UE4SummerGameJam/Content/Game/Models/PeerMats.uasset" SILENT=true
[2017.07.03-23.30.57:513][234]LogSavePackage: Save=11.84ms
[2017.07.03-23.30.57:513][234]LogSavePackage: Moving 'C:/Users/Thomas/Documents/GitHub/UE4GameJam/UE4SummerGameJam/Saved/PeerMats72868FC64D48554991EB2BABB59A9E29.tmp' to 'C:/Users/Thomas/Documents/GitHub/UE4GameJam/UE4SummerGameJam/Content/Game/Models/PeerMats.uasset'
[2017.07.03-23.30.57:514][234]LogSavePackage:Display: Finished SavePackage C:/Users/Thomas/Documents/GitHub/UE4GameJam/UE4SummerGameJam/Content/Game/Models/PeerMats.uasset
[2017.07.03-23.30.57:523][234]MaterialEditorStats: Info Base pass shader: 81 instructions
[2017.07.03-23.30.57:523][234]MaterialEditorStats: Info Vertex shader: 31 instructions
[2017.07.03-23.30.57:523][234]MaterialEditorStats: Info Texture samplers: 3/16
[2017.07.03-23.30.57:523][234]MaterialEditorStats: Info User interpolators: 2/4 Scalars (1/4 Vectors) (TexCoords: 2, Custom: 0)
[2017.07.03-23.35.43:374][696]LogSlate: Took 0.000226 seconds to synchronously load lazily loaded font '../../../Engine/Content/Slate/Fonts/Roboto-Light.ttf' (159K)
[2017.07.03-23.35.52:393][723]LogFileHelpers: Editor autosave (incl. sublevels) for '/Game/StarterContent/Maps/Minimal_Default' took 0.008
[2017.07.03-23.35.52:394][723]OBJ SavePackage: Generating thumbnails for [1] asset(s) in package [/Game/Game/Models/anx] ([1] browsable assets)...
[2017.07.03-23.35.52:410][723]OBJ SavePackage:     Rendered thumbnail for [StaticMesh /Game/Game/Models/anx.anx]
[2017.07.03-23.35.52:410][723]OBJ SavePackage: Finished generating thumbnails for package [/Game/Game/Models/anx]
[2017.07.03-23.35.52:410][723]Cmd: OBJ SAVEPACKAGE PACKAGE="/Game/Game/Models/anx" FILE="C:/Users/Thomas/Documents/GitHub/UE4GameJam/UE4SummerGameJam/Saved/Autosaves/Game/Game/Models/anx_Auto1.uasset" SILENT=false AUTOSAVING=true
[2017.07.03-23.35.52:421][723]LogSavePackage: Save=10.27ms
[2017.07.03-23.35.52:421][723]LogSavePackage: Moving 'C:/Users/Thomas/Documents/GitHub/UE4GameJam/UE4SummerGameJam/Saved/anx_Auto1F6953D5C4E692153327A09946DF4F22D.tmp' to 'C:/Users/Thomas/Documents/GitHub/UE4GameJam/UE4SummerGameJam/Saved/Autosaves/Game/Game/Models/anx_Auto1.uasset'
[2017.07.03-23.35.52:422][723]LogSavePackage:Display: Finished SavePackage C:/Users/Thomas/Documents/GitHub/UE4GameJam/UE4SummerGameJam/Saved/Autosaves/Game/Game/Models/anx_Auto1.uasset
[2017.07.03-23.35.52:422][723]OBJ SavePackage: Generating thumbnails for [1] asset(s) in package [/Game/Game/Models/anx_unwrapBaseShader_BaseColor] ([1] browsable assets)...
[2017.07.03-23.35.52:427][723]OBJ SavePackage:     Rendered thumbnail for [Texture2D /Game/Game/Models/anx_unwrapBaseShader_BaseColor.anx_unwrapBaseShader_BaseColor]
[2017.07.03-23.35.52:427][723]OBJ SavePackage: Finished generating thumbnails for package [/Game/Game/Models/anx_unwrapBaseShader_BaseColor]
[2017.07.03-23.35.52:439][723]LogSavePackage: Save=10.38ms
[2017.07.03-23.35.52:439][723]LogSavePackage: Moving 'C:/Users/Thomas/Documents/GitHub/UE4GameJam/UE4SummerGameJam/Saved/anx_unwrapBaseShader_BaseColor_Auto168312C164C2F380F057DF49044E853B0.tmp' to 'C:/Users/Thomas/Documents/GitHub/UE4GameJam/UE4SummerGameJam/Saved/Autosaves/Game/Game/Models/anx_unwrapBaseShader_BaseColor_Auto1.uasset'
[2017.07.03-23.35.52:439][723]LogSavePackage:Display: Finished SavePackage C:/Users/Thomas/Documents/GitHub/UE4GameJam/UE4SummerGameJam/Saved/Autosaves/Game/Game/Models/anx_unwrapBaseShader_BaseColor_Auto1.uasset
[2017.07.03-23.35.52:439][723]OBJ SavePackage: Generating thumbnails for [1] asset(s) in package [/Game/Game/Models/bully] ([1] browsable assets)...
[2017.07.03-23.35.52:456][723]OBJ SavePackage:     Rendered thumbnail for [StaticMesh /Game/Game/Models/bully.bully]
[2017.07.03-23.35.52:456][723]OBJ SavePackage: Finished generating thumbnails for package [/Game/Game/Models/bully]
[2017.07.03-23.35.52:456][723]Cmd: OBJ SAVEPACKAGE PACKAGE="/Game/Game/Models/bully" FILE="C:/Users/Thomas/Documents/GitHub/UE4GameJam/UE4SummerGameJam/Saved/Autosaves/Game/Game/Models/bully_Auto1.uasset" SILENT=false AUTOSAVING=true
[2017.07.03-23.35.52:468][723]LogSavePackage: Save=10.83ms
[2017.07.03-23.35.52:468][723]LogSavePackage: Moving 'C:/Users/Thomas/Documents/GitHub/UE4GameJam/UE4SummerGameJam/Saved/bully_Auto1FB13B35B4920EAC3EDCD9BA056B48ECB.tmp' to 'C:/Users/Thomas/Documents/GitHub/UE4GameJam/UE4SummerGameJam/Saved/Autosaves/Game/Game/Models/bully_Auto1.uasset'
[2017.07.03-23.35.52:468][723]LogSavePackage:Display: Finished SavePackage C:/Users/Thomas/Documents/GitHub/UE4GameJam/UE4SummerGameJam/Saved/Autosaves/Game/Game/Models/bully_Auto1.uasset
[2017.07.03-23.35.52:469][723]OBJ SavePackage: Generating thumbnails for [1] asset(s) in package [/Game/Game/Models/Peerpres] ([1] browsable assets)...
[2017.07.03-23.35.52:484][723]OBJ SavePackage:     Rendered thumbnail for [StaticMesh /Game/Game/Models/Peerpres.Peerpres]
[2017.07.03-23.35.52:484][723]OBJ SavePackage: Finished generating thumbnails for package [/Game/Game/Models/Peerpres]
[2017.07.03-23.35.52:497][723]LogSavePackage: Save=11.20ms
[2017.07.03-23.35.52:497][723]LogSavePackage: Moving 'C:/Users/Thomas/Documents/GitHub/UE4GameJam/UE4SummerGameJam/Saved/Peerpres_Auto1CD49D7AA4CDDDA617B7A348AF4A4A128.tmp' to 'C:/Users/Thomas/Documents/GitHub/UE4GameJam/UE4SummerGameJam/Saved/Autosaves/Game/Game/Models/Peerpres_Auto1.uasset'
[2017.07.03-23.35.52:497][723]LogSavePackage:Display: Finished SavePackage C:/Users/Thomas/Documents/GitHub/UE4GameJam/UE4SummerGameJam/Saved/Autosaves/Game/Game/Models/Peerpres_Auto1.uasset
[2017.07.03-23.35.52:498][723]OBJ SavePackage: Generating thumbnails for [1] asset(s) in package [/Game/Game/Models/bully_unwrapBaseShader_BaseColor] ([1] browsable assets)...
[2017.07.03-23.35.52:504][723]OBJ SavePackage:     Rendered thumbnail for [Texture2D /Game/Game/Models/bully_unwrapBaseShader_BaseColor.bully_unwrapBaseShader_BaseColor]
[2017.07.03-23.35.52:504][723]OBJ SavePackage: Finished generating thumbnails for package [/Game/Game/Models/bully_unwrapBaseShader_BaseColor]
[2017.07.03-23.35.52:515][723]LogSavePackage: Save=10.15ms
[2017.07.03-23.35.52:515][723]LogSavePackage: Moving 'C:/Users/Thomas/Documents/GitHub/UE4GameJam/UE4SummerGameJam/Saved/bully_unwrapBaseShader_BaseColor_Auto18D28EF1E4948974FF05BC5ACCE8F25F7.tmp' to 'C:/Users/Thomas/Documents/GitHub/UE4GameJam/UE4SummerGameJam/Saved/Autosaves/Game/Game/Models/bully_unwrapBaseShader_BaseColor_Auto1.uasset'
[2017.07.03-23.35.52:516][723]LogSavePackage:Display: Finished SavePackage C:/Users/Thomas/Documents/GitHub/UE4GameJam/UE4SummerGameJam/Saved/Autosaves/Game/Game/Models/bully_unwrapBaseShader_BaseColor_Auto1.uasset
[2017.07.03-23.35.52:516][723]OBJ SavePackage: Generating thumbnails for [1] asset(s) in package [/Game/Game/Models/Peer_unwrapBaseShader_Base_Color] ([1] browsable assets)...
[2017.07.03-23.35.52:523][723]OBJ SavePackage:     Rendered thumbnail for [Texture2D /Game/Game/Models/Peer_unwrapBaseShader_Base_Color.Peer_unwrapBaseShader_Base_Color]
[2017.07.03-23.35.52:523][723]OBJ SavePackage: Finished generating thumbnails for package [/Game/Game/Models/Peer_unwrapBaseShader_Base_Color]
[2017.07.03-23.35.52:535][723]LogSavePackage: Save=10.92ms
[2017.07.03-23.35.52:535][723]LogSavePackage: Moving 'C:/Users/Thomas/Documents/GitHub/UE4GameJam/UE4SummerGameJam/Saved/Peer_unwrapBaseShader_Base_Color_Auto188E65CF14218E9DFC00E999103A3D977.tmp' to 'C:/Users/Thomas/Documents/GitHub/UE4GameJam/UE4SummerGameJam/Saved/Autosaves/Game/Game/Models/Peer_unwrapBaseShader_Base_Color_Auto1.uasset'
[2017.07.03-23.35.52:535][723]LogSavePackage:Display: Finished SavePackage C:/Users/Thomas/Documents/GitHub/UE4GameJam/UE4SummerGameJam/Saved/Autosaves/Game/Game/Models/Peer_unwrapBaseShader_Base_Color_Auto1.uasset
[2017.07.03-23.35.52:535][723]LogFileHelpers: Auto-saving content packages took 0.141
[2017.07.03-23.38.43:625][732]Cmd: OBJ SAVEPACKAGE PACKAGE="/Game/Game/Models/Peerpres" FILE="C:/Users/Thomas/Documents/GitHub/UE4GameJam/UE4SummerGameJam/Content/Game/Models/Peerpres.uasset" SILENT=true
[2017.07.03-23.38.43:637][732]LogSavePackage: Save=11.02ms
[2017.07.03-23.38.43:637][732]LogSavePackage: Moving 'C:/Users/Thomas/Documents/GitHub/UE4GameJam/UE4SummerGameJam/Saved/Peerpres9DEA450845E870733245228F789C709C.tmp' to 'C:/Users/Thomas/Documents/GitHub/UE4GameJam/UE4SummerGameJam/Content/Game/Models/Peerpres.uasset'
[2017.07.03-23.38.43:642][732]LogSavePackage:Display: Finished SavePackage C:/Users/Thomas/Documents/GitHub/UE4GameJam/UE4SummerGameJam/Content/Game/Models/Peerpres.uasset
[2017.07.03-23.38.47:296][113]Cmd: OBJ SAVEPACKAGE PACKAGE="/Game/Game/Models/bully" FILE="C:/Users/Thomas/Documents/GitHub/UE4GameJam/UE4SummerGameJam/Content/Game/Models/bully.uasset" SILENT=true
[2017.07.03-23.38.47:308][113]LogSavePackage: Save=10.41ms
[2017.07.03-23.38.47:308][113]LogSavePackage: Moving 'C:/Users/Thomas/Documents/GitHub/UE4GameJam/UE4SummerGameJam/Saved/bullyD10C502B464432B7022D0A962E1552B7.tmp' to 'C:/Users/Thomas/Documents/GitHub/UE4GameJam/UE4SummerGameJam/Content/Game/Models/bully.uasset'
[2017.07.03-23.38.47:313][113]LogSavePackage:Display: Finished SavePackage C:/Users/Thomas/Documents/GitHub/UE4GameJam/UE4SummerGameJam/Content/Game/Models/bully.uasset
[2017.07.03-23.38.49:089][303]Cmd: OBJ SAVEPACKAGE PACKAGE="/Game/Game/Models/anx" FILE="C:/Users/Thomas/Documents/GitHub/UE4GameJam/UE4SummerGameJam/Content/Game/Models/anx.uasset" SILENT=true
[2017.07.03-23.38.49:100][303]LogSavePackage: Save=9.98ms
[2017.07.03-23.38.49:100][303]LogSavePackage: Moving 'C:/Users/Thomas/Documents/GitHub/UE4GameJam/UE4SummerGameJam/Saved/anxF0EFD5E54B35E85CD76CB58574CF6170.tmp' to 'C:/Users/Thomas/Documents/GitHub/UE4GameJam/UE4SummerGameJam/Content/Game/Models/anx.uasset'
[2017.07.03-23.38.49:105][303]LogSavePackage:Display: Finished SavePackage C:/Users/Thomas/Documents/GitHub/UE4GameJam/UE4SummerGameJam/Content/Game/Models/anx.uasset
[2017.07.03-23.39.14:467][255]LogTexture:Display: Building textures: wood (AutoDXT, 2048X2048)
[2017.07.03-23.39.15:230][255]LogMaterial: Missing cached shader map for material lambert2, compiling. 
[2017.07.03-23.39.17:908][571]LogLinker:Warning: Can't find file '/Game/Game/Models/anx_unwrapBaseShader_BaseColor'
[2017.07.03-23.39.17:908][571]LogLinker:Warning: Can't find file for asset '/Game/Game/Models/anx_unwrapBaseShader_BaseColor' while loading C:/Users/Thomas/Documents/GitHub/UE4GameJam/UE4SummerGameJam/Content/Game/Models/anxMat.uasset.
[2017.07.03-23.39.17:908][571]LoadErrors:Error: Error /Game/Game/Models/anxMat : Can't find file for asset. /Game/Game/Models/anx_unwrapBaseShader_BaseColor
[2017.07.03-23.39.17:908][571]LogLinker:Warning: Can't find file '/Game/Game/Models/anx_unwrapBaseShader_BaseColor'
[2017.07.03-23.39.17:909][571]LogLinker:Warning: Can't find file for asset '/Game/Game/Models/anx_unwrapBaseShader_BaseColor' while loading C:/Users/Thomas/Documents/GitHub/UE4GameJam/UE4SummerGameJam/Content/Game/Models/anxMat.uasset.
[2017.07.03-23.39.17:910][571]LogLinker:Warning: Can't find file '/Game/Game/Models/bully_unwrapBaseShader_BaseColor'
[2017.07.03-23.39.17:910][571]LogLinker:Warning: Can't find file for asset '/Game/Game/Models/bully_unwrapBaseShader_BaseColor' while loading C:/Users/Thomas/Documents/GitHub/UE4GameJam/UE4SummerGameJam/Content/Game/Models/BullyMat.uasset.
[2017.07.03-23.39.17:910][571]LoadErrors:Error: Error /Game/Game/Models/BullyMat : Can't find file for asset. /Game/Game/Models/bully_unwrapBaseShader_BaseColor
[2017.07.03-23.39.17:910][571]LogLinker:Warning: Can't find file '/Game/Game/Models/bully_unwrapBaseShader_BaseColor'
[2017.07.03-23.39.17:910][571]LogLinker:Warning: Can't find file for asset '/Game/Game/Models/bully_unwrapBaseShader_BaseColor' while loading C:/Users/Thomas/Documents/GitHub/UE4GameJam/UE4SummerGameJam/Content/Game/Models/BullyMat.uasset.
[2017.07.03-23.39.17:912][571]LogStaticMesh: Building static mesh Table...
[2017.07.03-23.39.17:917][571]LogStaticMesh: Built static mesh [0.00s] /Game/Game/Models/Table.Table
[2017.07.03-23.39.17:919][571]LogLinker:Warning: Can't find file '/Game/Game/Models/Peer_unwrapBaseShader_Base_Color'
[2017.07.03-23.39.17:919][571]LogLinker:Warning: Can't find file for asset '/Game/Game/Models/Peer_unwrapBaseShader_Base_Color' while loading C:/Users/Thomas/Documents/GitHub/UE4GameJam/UE4SummerGameJam/Content/Game/Models/PeerMats.uasset.
[2017.07.03-23.39.17:919][571]LoadErrors:Error: Error /Game/Game/Models/PeerMats : Can't find file for asset. /Game/Game/Models/Peer_unwrapBaseShader_Base_Color
[2017.07.03-23.39.17:919][571]LogLinker:Warning: Can't find file '/Game/Game/Models/Peer_unwrapBaseShader_Base_Color'
[2017.07.03-23.39.17:919][571]LogLinker:Warning: Can't find file for asset '/Game/Game/Models/Peer_unwrapBaseShader_Base_Color' while loading C:/Users/Thomas/Documents/GitHub/UE4GameJam/UE4SummerGameJam/Content/Game/Models/PeerMats.uasset.
[2017.07.03-23.39.18:011][571]Cmd: OBJ SAVEPACKAGE PACKAGE="/Game/Game/Materials/anxMat" FILE="C:/Users/Thomas/Documents/GitHub/UE4GameJam/UE4SummerGameJam/Content/Game/Materials/anxMat.uasset" SILENT=true
[2017.07.03-23.39.18:023][571]LogSavePackage: Save=11.46ms
[2017.07.03-23.39.18:023][571]LogSavePackage: Moving 'C:/Users/Thomas/Documents/GitHub/UE4GameJam/UE4SummerGameJam/Saved/anxMat880D64EA47DE49D66ADF65AD29F5B2C1.tmp' to 'C:/Users/Thomas/Documents/GitHub/UE4GameJam/UE4SummerGameJam/Content/Game/Materials/anxMat.uasset'
[2017.07.03-23.39.18:025][571]LogSavePackage:Display: Finished SavePackage C:/Users/Thomas/Documents/GitHub/UE4GameJam/UE4SummerGameJam/Content/Game/Materials/anxMat.uasset
[2017.07.03-23.39.18:164][571]LogSavePackage: Save=129.60ms
[2017.07.03-23.39.18:164][571]LogSavePackage: Moving 'C:/Users/Thomas/Documents/GitHub/UE4GameJam/UE4SummerGameJam/Saved/anx_unwrapBaseShader_BaseColor9E63A2A6441A1129CF0753B86D1F7D32.tmp' to 'C:/Users/Thomas/Documents/GitHub/UE4GameJam/UE4SummerGameJam/Content/Game/Materials/anx_unwrapBaseShader_BaseColor.uasset'
[2017.07.03-23.39.18:165][571]LogSavePackage:Display: Finished SavePackage C:/Users/Thomas/Documents/GitHub/UE4GameJam/UE4SummerGameJam/Content/Game/Materials/anx_unwrapBaseShader_BaseColor.uasset
[2017.07.03-23.39.18:301][571]LogSavePackage: Save=125.10ms
[2017.07.03-23.39.18:301][571]LogSavePackage: Moving 'C:/Users/Thomas/Documents/GitHub/UE4GameJam/UE4SummerGameJam/Saved/bully_unwrapBaseShader_BaseColorB3CD57984CD1A3FC3856BD8661D0D8E0.tmp' to 'C:/Users/Thomas/Documents/GitHub/UE4GameJam/UE4SummerGameJam/Content/Game/Materials/bully_unwrapBaseShader_BaseColor.uasset'
[2017.07.03-23.39.18:302][571]LogSavePackage:Display: Finished SavePackage C:/Users/Thomas/Documents/GitHub/UE4GameJam/UE4SummerGameJam/Content/Game/Materials/bully_unwrapBaseShader_BaseColor.uasset
[2017.07.03-23.39.18:314][571]Cmd: OBJ SAVEPACKAGE PACKAGE="/Game/Game/Materials/BullyMat" FILE="C:/Users/Thomas/Documents/GitHub/UE4GameJam/UE4SummerGameJam/Content/Game/Materials/BullyMat.uasset" SILENT=true
[2017.07.03-23.39.18:327][571]LogSavePackage: Save=11.51ms
[2017.07.03-23.39.18:327][571]LogSavePackage: Moving 'C:/Users/Thomas/Documents/GitHub/UE4GameJam/UE4SummerGameJam/Saved/BullyMatBFD03EE44BD8AB94A8BF629415666813.tmp' to 'C:/Users/Thomas/Documents/GitHub/UE4GameJam/UE4SummerGameJam/Content/Game/Materials/BullyMat.uasset'
[2017.07.03-23.39.18:328][571]LogSavePackage:Display: Finished SavePackage C:/Users/Thomas/Documents/GitHub/UE4GameJam/UE4SummerGameJam/Content/Game/Materials/BullyMat.uasset
[2017.07.03-23.39.18:340][571]Cmd: OBJ SAVEPACKAGE PACKAGE="/Game/Game/Materials/lambert2" FILE="C:/Users/Thomas/Documents/GitHub/UE4GameJam/UE4SummerGameJam/Content/Game/Materials/lambert2.uasset" SILENT=true
[2017.07.03-23.39.18:353][571]LogSavePackage: Save=11.98ms
[2017.07.03-23.39.18:353][571]LogSavePackage: Moving 'C:/Users/Thomas/Documents/GitHub/UE4GameJam/UE4SummerGameJam/Saved/lambert23AA0B1B8428A90287AD722BE8E15CCD1.tmp' to 'C:/Users/Thomas/Documents/GitHub/UE4GameJam/UE4SummerGameJam/Content/Game/Materials/lambert2.uasset'
[2017.07.03-23.39.18:355][571]LogSavePackage:Display: Finished SavePackage C:/Users/Thomas/Documents/GitHub/UE4GameJam/UE4SummerGameJam/Content/Game/Materials/lambert2.uasset
[2017.07.03-23.39.18:500][571]LogSavePackage: Save=134.93ms
[2017.07.03-23.39.18:500][571]LogSavePackage: Moving 'C:/Users/Thomas/Documents/GitHub/UE4GameJam/UE4SummerGameJam/Saved/Peer_unwrapBaseShader_Base_ColorCC4762B04C20E89C0382138D5ADAF025.tmp' to 'C:/Users/Thomas/Documents/GitHub/UE4GameJam/UE4SummerGameJam/Content/Game/Materials/Peer_unwrapBaseShader_Base_Color.uasset'
[2017.07.03-23.39.18:501][571]LogSavePackage:Display: Finished SavePackage C:/Users/Thomas/Documents/GitHub/UE4GameJam/UE4SummerGameJam/Content/Game/Materials/Peer_unwrapBaseShader_Base_Color.uasset
[2017.07.03-23.39.18:511][571]Cmd: OBJ SAVEPACKAGE PACKAGE="/Game/Game/Materials/PeerMats" FILE="C:/Users/Thomas/Documents/GitHub/UE4GameJam/UE4SummerGameJam/Content/Game/Materials/PeerMats.uasset" SILENT=true
[2017.07.03-23.39.18:524][571]LogSavePackage: Save=11.45ms
[2017.07.03-23.39.18:524][571]LogSavePackage: Moving 'C:/Users/Thomas/Documents/GitHub/UE4GameJam/UE4SummerGameJam/Saved/PeerMats4E72D5A4447FAC5ECC7823896A528AE0.tmp' to 'C:/Users/Thomas/Documents/GitHub/UE4GameJam/UE4SummerGameJam/Content/Game/Materials/PeerMats.uasset'
[2017.07.03-23.39.18:525][571]LogSavePackage:Display: Finished SavePackage C:/Users/Thomas/Documents/GitHub/UE4GameJam/UE4SummerGameJam/Content/Game/Materials/PeerMats.uasset
[2017.07.03-23.39.18:533][571]Cmd: OBJ SAVEPACKAGE PACKAGE="/Game/Game/Materials/wood" FILE="C:/Users/Thomas/Documents/GitHub/UE4GameJam/UE4SummerGameJam/Content/Game/Materials/wood.uasset" SILENT=true
[2017.07.03-23.39.18:587][571]LogSavePackage: Save=53.45ms
[2017.07.03-23.39.18:587][571]LogSavePackage: Moving 'C:/Users/Thomas/Documents/GitHub/UE4GameJam/UE4SummerGameJam/Saved/wood7A1EC6404A99998096BA5484084A0D2F.tmp' to 'C:/Users/Thomas/Documents/GitHub/UE4GameJam/UE4SummerGameJam/Content/Game/Materials/wood.uasset'
[2017.07.03-23.39.18:589][571]LogSavePackage:Display: Finished SavePackage C:/Users/Thomas/Documents/GitHub/UE4GameJam/UE4SummerGameJam/Content/Game/Materials/wood.uasset
[2017.07.03-23.39.18:865][571]Cmd: OBJ SAVEPACKAGE PACKAGE="/Game/Game/Models/anx" FILE="C:/Users/Thomas/Documents/GitHub/UE4GameJam/UE4SummerGameJam/Content/Game/Models/anx.uasset" SILENT=true
[2017.07.03-23.39.18:875][571]LogSavePackage: Save=4.75ms
[2017.07.03-23.39.18:875][571]LogSavePackage: Moving 'C:/Users/Thomas/Documents/GitHub/UE4GameJam/UE4SummerGameJam/Saved/anxA7C561B04D5D2B9E18772DAA8EB8A619.tmp' to 'C:/Users/Thomas/Documents/GitHub/UE4GameJam/UE4SummerGameJam/Content/Game/Models/anx.uasset'
[2017.07.03-23.39.18:877][571]LogSavePackage:Display: Finished SavePackage C:/Users/Thomas/Documents/GitHub/UE4GameJam/UE4SummerGameJam/Content/Game/Models/anx.uasset
[2017.07.03-23.39.18:878][571]Cmd: OBJ SAVEPACKAGE PACKAGE="/Game/Game/Models/bully" FILE="C:/Users/Thomas/Documents/GitHub/UE4GameJam/UE4SummerGameJam/Content/Game/Models/bully.uasset" SILENT=true
[2017.07.03-23.39.18:888][571]LogSavePackage: Save=4.65ms
[2017.07.03-23.39.18:888][571]LogSavePackage: Moving 'C:/Users/Thomas/Documents/GitHub/UE4GameJam/UE4SummerGameJam/Saved/bullyB8545E8E49BD632D62F003B990BD3E48.tmp' to 'C:/Users/Thomas/Documents/GitHub/UE4GameJam/UE4SummerGameJam/Content/Game/Models/bully.uasset'
[2017.07.03-23.39.18:889][571]LogSavePackage:Display: Finished SavePackage C:/Users/Thomas/Documents/GitHub/UE4GameJam/UE4SummerGameJam/Content/Game/Models/bully.uasset
[2017.07.03-23.39.18:902][571]Cmd: OBJ SAVEPACKAGE PACKAGE="/Game/Game/Models/Table" FILE="C:/Users/Thomas/Documents/GitHub/UE4GameJam/UE4SummerGameJam/Content/Game/Models/Table.uasset" SILENT=true
[2017.07.03-23.39.18:918][571]LogSavePackage: Save=10.34ms
[2017.07.03-23.39.18:918][571]LogSavePackage: Moving 'C:/Users/Thomas/Documents/GitHub/UE4GameJam/UE4SummerGameJam/Saved/TableD52538714F3C83420AC07BA53016F8B0.tmp' to 'C:/Users/Thomas/Documents/GitHub/UE4GameJam/UE4SummerGameJam/Content/Game/Models/Table.uasset'
[2017.07.03-23.39.18:919][571]LogSavePackage:Display: Finished SavePackage C:/Users/Thomas/Documents/GitHub/UE4GameJam/UE4SummerGameJam/Content/Game/Models/Table.uasset
[2017.07.03-23.39.18:920][571]Cmd: OBJ SAVEPACKAGE PACKAGE="/Game/Game/Models/Peerpres" FILE="C:/Users/Thomas/Documents/GitHub/UE4GameJam/UE4SummerGameJam/Content/Game/Models/Peerpres.uasset" SILENT=true
[2017.07.03-23.39.18:930][571]LogSavePackage: Save=4.56ms
[2017.07.03-23.39.18:930][571]LogSavePackage: Moving 'C:/Users/Thomas/Documents/GitHub/UE4GameJam/UE4SummerGameJam/Saved/Peerpres6965F60B4C9F833A15CE8C82A5C14399.tmp' to 'C:/Users/Thomas/Documents/GitHub/UE4GameJam/UE4SummerGameJam/Content/Game/Models/Peerpres.uasset'
[2017.07.03-23.39.18:931][571]LogSavePackage:Display: Finished SavePackage C:/Users/Thomas/Documents/GitHub/UE4GameJam/UE4SummerGameJam/Content/Game/Models/Peerpres.uasset
[2017.07.03-23.39.26:948][522]Cmd: TRANSACTION UNDO
[2017.07.03-23.39.26:948][522]LogEditorTransaction: Undo Create Pin Link
[2017.07.03-23.39.26:950][522]LogMaterial: Missing cached shader map for material PeerMats, compiling. 
[2017.07.03-23.39.28:139][647]Cmd: TRANSACTION UNDO
[2017.07.03-23.39.28:139][647]LogEditorTransaction: Undo Material Editor: New Expression
[2017.07.03-23.39.28:141][647]LogMaterial: Missing cached shader map for material PeerMats, compiling. 
[2017.07.03-23.39.28:465][683]Cmd: TRANSACTION UNDO
[2017.07.03-23.39.28:465][683]LogEditorTransaction: Undo Create Pin Link
[2017.07.03-23.39.28:467][683]LogMaterial: Missing cached shader map for material BullyMat, compiling. 
[2017.07.03-23.39.31:727][ 67]Cmd: TRANSACTION REDO
[2017.07.03-23.39.31:727][ 67]LogEditorTransaction: Redo Create Pin Link
[2017.07.03-23.39.31:729][ 67]LogMaterial: Missing cached shader map for material BullyMat, compiling. 
[2017.07.03-23.39.31:947][ 87]Cmd: TRANSACTION REDO
[2017.07.03-23.39.31:947][ 87]LogEditorTransaction: Redo Material Editor: New Expression
[2017.07.03-23.39.31:950][ 87]LogMaterial: Missing cached shader map for material PeerMats, compiling. 
[2017.07.03-23.39.32:112][ 99]Cmd: TRANSACTION REDO
[2017.07.03-23.39.32:112][ 99]LogEditorTransaction: Redo Create Pin Link
[2017.07.03-23.39.32:114][ 99]LogMaterial: Missing cached shader map for material PeerMats, compiling. 
[2017.07.03-23.39.56:765][873]Cmd: OBJ SAVEPACKAGE PACKAGE="/Game/Game/Materials/Textures/wood" FILE="C:/Users/Thomas/Documents/GitHub/UE4GameJam/UE4SummerGameJam/Content/Game/Materials/Textures/wood.uasset" SILENT=true
[2017.07.03-23.39.56:815][873]LogSavePackage: Save=49.43ms
[2017.07.03-23.39.56:815][873]LogSavePackage: Moving 'C:/Users/Thomas/Documents/GitHub/UE4GameJam/UE4SummerGameJam/Saved/wood4A9EB20E4AD3CBD2898C41B5DE22C8DE.tmp' to 'C:/Users/Thomas/Documents/GitHub/UE4GameJam/UE4SummerGameJam/Content/Game/Materials/Textures/wood.uasset'
[2017.07.03-23.39.56:817][873]LogSavePackage:Display: Finished SavePackage C:/Users/Thomas/Documents/GitHub/UE4GameJam/UE4SummerGameJam/Content/Game/Materials/Textures/wood.uasset
[2017.07.03-23.39.56:839][873]LogSavePackage: Save=12.17ms
[2017.07.03-23.39.56:839][873]LogSavePackage: Moving 'C:/Users/Thomas/Documents/GitHub/UE4GameJam/UE4SummerGameJam/Saved/Peer_unwrapBaseShader_Base_ColorBF6D99664B2AF226031795825A6D110D.tmp' to 'C:/Users/Thomas/Documents/GitHub/UE4GameJam/UE4SummerGameJam/Content/Game/Materials/Textures/Peer_unwrapBaseShader_Base_Color.uasset'
[2017.07.03-23.39.56:840][873]LogSavePackage:Display: Finished SavePackage C:/Users/Thomas/Documents/GitHub/UE4GameJam/UE4SummerGameJam/Content/Game/Materials/Textures/Peer_unwrapBaseShader_Base_Color.uasset
[2017.07.03-23.39.56:859][873]LogSavePackage: Save=9.73ms
[2017.07.03-23.39.56:859][873]LogSavePackage: Moving 'C:/Users/Thomas/Documents/GitHub/UE4GameJam/UE4SummerGameJam/Saved/bully_unwrapBaseShader_BaseColor4807BA5E4FB5F54BC82630BE78DD05CA.tmp' to 'C:/Users/Thomas/Documents/GitHub/UE4GameJam/UE4SummerGameJam/Content/Game/Materials/Textures/bully_unwrapBaseShader_BaseColor.uasset'
[2017.07.03-23.39.56:860][873]LogSavePackage:Display: Finished SavePackage C:/Users/Thomas/Documents/GitHub/UE4GameJam/UE4SummerGameJam/Content/Game/Materials/Textures/bully_unwrapBaseShader_BaseColor.uasset
[2017.07.03-23.39.56:878][873]LogSavePackage: Save=10.45ms
[2017.07.03-23.39.56:878][873]LogSavePackage: Moving 'C:/Users/Thomas/Documents/GitHub/UE4GameJam/UE4SummerGameJam/Saved/anx_unwrapBaseShader_BaseColor1D3DF8844B9A8B81D40A9DA1DCFCD976.tmp' to 'C:/Users/Thomas/Documents/GitHub/UE4GameJam/UE4SummerGameJam/Content/Game/Materials/Textures/anx_unwrapBaseShader_BaseColor.uasset'
[2017.07.03-23.39.56:879][873]LogSavePackage:Display: Finished SavePackage C:/Users/Thomas/Documents/GitHub/UE4GameJam/UE4SummerGameJam/Content/Game/Materials/Textures/anx_unwrapBaseShader_BaseColor.uasset
[2017.07.03-23.39.57:041][873]Cmd: OBJ SAVEPACKAGE PACKAGE="/Game/Game/Materials/lambert2" FILE="C:/Users/Thomas/Documents/GitHub/UE4GameJam/UE4SummerGameJam/Content/Game/Materials/lambert2.uasset" SILENT=true
[2017.07.03-23.39.57:051][873]LogSavePackage: Save=4.68ms
[2017.07.03-23.39.57:051][873]LogSavePackage: Moving 'C:/Users/Thomas/Documents/GitHub/UE4GameJam/UE4SummerGameJam/Saved/lambert26B8B2796460CECA4313B9C994F8200F2.tmp' to 'C:/Users/Thomas/Documents/GitHub/UE4GameJam/UE4SummerGameJam/Content/Game/Materials/lambert2.uasset'
[2017.07.03-23.39.57:052][873]LogSavePackage:Display: Finished SavePackage C:/Users/Thomas/Documents/GitHub/UE4GameJam/UE4SummerGameJam/Content/Game/Materials/lambert2.uasset
[2017.07.03-23.39.57:054][873]Cmd: OBJ SAVEPACKAGE PACKAGE="/Game/Game/Materials/PeerMats" FILE="C:/Users/Thomas/Documents/GitHub/UE4GameJam/UE4SummerGameJam/Content/Game/Materials/PeerMats.uasset" SILENT=true
[2017.07.03-23.39.57:063][873]LogSavePackage: Save=4.39ms
[2017.07.03-23.39.57:063][873]LogSavePackage: Moving 'C:/Users/Thomas/Documents/GitHub/UE4GameJam/UE4SummerGameJam/Saved/PeerMats1BA1690149DD99A2E5E9FF84916EC01F.tmp' to 'C:/Users/Thomas/Documents/GitHub/UE4GameJam/UE4SummerGameJam/Content/Game/Materials/PeerMats.uasset'
[2017.07.03-23.39.57:064][873]LogSavePackage:Display: Finished SavePackage C:/Users/Thomas/Documents/GitHub/UE4GameJam/UE4SummerGameJam/Content/Game/Materials/PeerMats.uasset
[2017.07.03-23.39.57:066][873]Cmd: OBJ SAVEPACKAGE PACKAGE="/Game/Game/Materials/BullyMat" FILE="C:/Users/Thomas/Documents/GitHub/UE4GameJam/UE4SummerGameJam/Content/Game/Materials/BullyMat.uasset" SILENT=true
[2017.07.03-23.39.57:076][873]LogSavePackage: Save=4.43ms
[2017.07.03-23.39.57:076][873]LogSavePackage: Moving 'C:/Users/Thomas/Documents/GitHub/UE4GameJam/UE4SummerGameJam/Saved/BullyMat2B287571492351803C77DE8E68BE0EB6.tmp' to 'C:/Users/Thomas/Documents/GitHub/UE4GameJam/UE4SummerGameJam/Content/Game/Materials/BullyMat.uasset'
[2017.07.03-23.39.57:077][873]LogSavePackage:Display: Finished SavePackage C:/Users/Thomas/Documents/GitHub/UE4GameJam/UE4SummerGameJam/Content/Game/Materials/BullyMat.uasset
[2017.07.03-23.39.57:079][873]Cmd: OBJ SAVEPACKAGE PACKAGE="/Game/Game/Materials/anxMat" FILE="C:/Users/Thomas/Documents/GitHub/UE4GameJam/UE4SummerGameJam/Content/Game/Materials/anxMat.uasset" SILENT=true
[2017.07.03-23.39.57:089][873]LogSavePackage: Save=4.51ms
[2017.07.03-23.39.57:089][873]LogSavePackage: Moving 'C:/Users/Thomas/Documents/GitHub/UE4GameJam/UE4SummerGameJam/Saved/anxMatA0C3F47648F5A6BA7940C3809DAC5D30.tmp' to 'C:/Users/Thomas/Documents/GitHub/UE4GameJam/UE4SummerGameJam/Content/Game/Materials/anxMat.uasset'
[2017.07.03-23.39.57:090][873]LogSavePackage:Display: Finished SavePackage C:/Users/Thomas/Documents/GitHub/UE4GameJam/UE4SummerGameJam/Content/Game/Materials/anxMat.uasset
[2017.07.03-23.40.18:115][368]LogWindowsTextInputMethodSystem:Display: IME system now deactivated.
[2017.07.03-23.40.18:116][368]LogWindowsTextInputMethodSystem:Display: IME system now deactivated.
[2017.07.03-23.40.18:268][369]Cmd: QUIT_EDITOR
[2017.07.03-23.40.18:309][369]LogExit: Preparing to exit.
[2017.07.03-23.40.18:843][369]LogExit: Editor shut down
[2017.07.03-23.40.18:846][369]LogExit: Transaction tracking system shut down
[2017.07.03-23.40.18:906][369]LogObj: Freed 0b from 0 cluster array pools.
[2017.07.03-23.40.18:906][369]LogExit: Object subsystem successfully closed.
[2017.07.03-23.40.18:925][369]LogD3D11RHI: Shutdown
[2017.07.03-23.40.18:925][369]LogD3D11RHI: CleanupD3DDevice
[2017.07.03-23.40.18:976][369]LogD3D11RHI: ~FD3D11DynamicRHI
[2017.07.03-23.40.18:986][369]LogModuleManager: Shutting down and abandoning module StaticMeshEditor (528)
[2017.07.03-23.40.18:986][369]LogModuleManager: Shutting down and abandoning module MaterialEditor (526)
[2017.07.03-23.40.18:986][369]LogModuleManager: Shutting down and abandoning module HierarchicalLODOutliner (524)
[2017.07.03-23.40.18:986][369]LogModuleManager: Shutting down and abandoning module CrashTracker (522)
[2017.07.03-23.40.18:986][369]LogModuleManager: Shutting down and abandoning module SceneOutliner (520)
[2017.07.03-23.40.18:986][369]LogModuleManager: Shutting down and abandoning module AddContentDialog (518)
[2017.07.03-23.40.19:001][369]LogDirectoryWatcher: A directory notification for 'T:/unreal/UE_4.16/FeaturePacks/' was aborted.
[2017.07.03-23.40.19:001][369]LogModuleManager: Shutting down and abandoning module WidgetCarousel (517)
[2017.07.03-23.40.19:001][369]LogModuleManager: Shutting down and abandoning module EditorWidgets (514)
[2017.07.03-23.40.19:001][369]LogModuleManager: Shutting down and abandoning module CollectionManager (512)
[2017.07.03-23.40.19:001][369]LogDirectoryWatcher: A directory notification for 'C:/Users/Thomas/Documents/GitHub/UE4GameJam/UE4SummerGameJam/Content/Collections/' was aborted.
[2017.07.03-23.40.19:001][369]LogDirectoryWatcher: A directory notification for 'C:/Users/Thomas/Documents/GitHub/UE4GameJam/UE4SummerGameJam/Content/Developers/Thomas/Collections/' was aborted.
[2017.07.03-23.40.19:001][369]LogDirectoryWatcher: A directory notification for 'C:/Users/Thomas/Documents/GitHub/UE4GameJam/UE4SummerGameJam/Saved/Collections/' was aborted.
[2017.07.03-23.40.19:001][369]LogModuleManager: Shutting down and abandoning module StatsViewer (510)
[2017.07.03-23.40.19:001][369]LogModuleManager: Shutting down and abandoning module FoliageEdit (508)
[2017.07.03-23.40.19:001][369]LogModuleManager: Shutting down and abandoning module LandscapeEditor (506)
[2017.07.03-23.40.19:001][369]LogModuleManager: Shutting down and abandoning module MeshPaintMode (504)
[2017.07.03-23.40.19:001][369]LogModuleManager: Shutting down and abandoning module SceneDepthPickerMode (502)
[2017.07.03-23.40.19:001][369]LogModuleManager: Shutting down and abandoning module ActorPickerMode (500)
[2017.07.03-23.40.19:001][369]LogModuleManager: Shutting down and abandoning module GeometryMode (498)
[2017.07.03-23.40.19:001][369]LogModuleManager: Shutting down and abandoning module TextureAlignMode (496)
[2017.07.03-23.40.19:001][369]LogModuleManager: Shutting down and abandoning module BspMode (494)
[2017.07.03-23.40.19:001][369]LogModuleManager: Shutting down and abandoning module HardwareSurvey (492)
[2017.07.03-23.40.19:001][369]LogModuleManager: Shutting down and abandoning module SequenceRecorderSections (490)
[2017.07.03-23.40.19:001][369]LogModuleManager: Shutting down and abandoning module AutomationWorker (488)
[2017.07.03-23.40.19:001][369]LogModuleManager: Shutting down and abandoning module MatineeToLevelSequence (486)
[2017.07.03-23.40.19:001][369]LogModuleManager: Shutting down and abandoning module LevelSequenceEditor (484)
[2017.07.03-23.40.19:001][369]LogModuleManager: Shutting down and abandoning module PlacementMode (483)
[2017.07.03-23.40.19:001][369]LogModuleManager: Shutting down and abandoning module WmfMediaFactory (480)
[2017.07.03-23.40.19:002][369]LogModuleManager: Shutting down and abandoning module WmfMediaEditor (478)
[2017.07.03-23.40.19:002][369]LogModuleManager: Shutting down and abandoning module AvfMediaFactory (476)
[2017.07.03-23.40.19:002][369]LogModuleManager: Shutting down and abandoning module AvfMediaEditor (474)
[2017.07.03-23.40.19:002][369]LogModuleManager: Shutting down and abandoning module AndroidMediaFactory (472)
[2017.07.03-23.40.19:002][369]LogModuleManager: Shutting down and abandoning module Media (471)
[2017.07.03-23.40.19:002][369]LogModuleManager: Shutting down and abandoning module AndroidMediaEditor (468)
[2017.07.03-23.40.19:002][369]LogModuleManager: Shutting down and abandoning module CharacterAI (466)
[2017.07.03-23.40.19:002][369]LogModuleManager: Shutting down and abandoning module AudioCapture (464)
[2017.07.03-23.40.19:002][369]LogModuleManager: Shutting down and abandoning module SequenceRecorder (463)
[2017.07.03-23.40.19:002][369]LogModuleManager: Shutting down and abandoning module SmartSnapping (460)
[2017.07.03-23.40.19:002][369]LogModuleManager: Shutting down and abandoning module SessionServices (458)
[2017.07.03-23.40.19:002][369]LogModuleManager: Shutting down and abandoning module ViewportSnapping (456)
[2017.07.03-23.40.19:002][369]LogModuleManager: Shutting down and abandoning module ViewportInteraction (454)
[2017.07.03-23.40.19:002][369]LogModuleManager: Shutting down and abandoning module ClothPainter (452)
[2017.07.03-23.40.19:002][369]LogModuleManager: Shutting down and abandoning module LogVisualizer (450)
[2017.07.03-23.40.19:002][369]LogModuleManager: Shutting down and abandoning module IntroTutorials (448)
[2017.07.03-23.40.19:002][369]LogModuleManager: Shutting down and abandoning module GameProjectGeneration (447)
[2017.07.03-23.40.19:002][369]LogModuleManager: Shutting down and abandoning module EditorLiveStreaming (444)
[2017.07.03-23.40.19:002][369]LogModuleManager: Shutting down and abandoning module IOSPlatformEditor (442)
[2017.07.03-23.40.19:002][369]LogModuleManager: Shutting down and abandoning module HTML5PlatformEditor (440)
[2017.07.03-23.40.19:002][369]LogModuleManager: Shutting down and abandoning module AndroidPlatformEditor (438)
[2017.07.03-23.40.19:002][369]LogModuleManager: Shutting down and abandoning module AndroidDeviceDetection (437)
[2017.07.03-23.40.19:857][369]LogModuleManager: Shutting down and abandoning module IOSRuntimeSettings (434)
[2017.07.03-23.40.19:857][369]LogModuleManager: Shutting down and abandoning module AndroidRuntimeSettings (432)
[2017.07.03-23.40.19:857][369]LogModuleManager: Shutting down and abandoning module InputBindingEditor (430)
[2017.07.03-23.40.19:857][369]LogModuleManager: Shutting down and abandoning module MergeActors (428)
[2017.07.03-23.40.19:857][369]LogModuleManager: Shutting down and abandoning module SizeMap (426)
[2017.07.03-23.40.19:857][369]LogModuleManager: Shutting down and abandoning module TreeMap (424)
[2017.07.03-23.40.19:857][369]LogModuleManager: Shutting down and abandoning module ReferenceViewer (422)
[2017.07.03-23.40.19:857][369]LogModuleManager: Shutting down and abandoning module LocalizationDashboard (420)
[2017.07.03-23.40.19:857][369]LogModuleManager: Shutting down and abandoning module LocalizationService (419)
[2017.07.03-23.40.19:857][369]LogModuleManager: Shutting down and abandoning module HardwareTargeting (416)
[2017.07.03-23.40.19:857][369]LogModuleManager: Shutting down and abandoning module DeviceProfileEditor (414)
[2017.07.03-23.40.19:857][369]LogModuleManager: Shutting down and abandoning module UndoHistory (412)
[2017.07.03-23.40.19:857][369]LogModuleManager: Shutting down and abandoning module UserFeedback (410)
[2017.07.03-23.40.19:857][369]LogModuleManager: Shutting down and abandoning module XmlParser (408)
[2017.07.03-23.40.19:857][369]LogModuleManager: Shutting down and abandoning module Blutility (406)
[2017.07.03-23.40.19:857][369]LogModuleManager: Shutting down and abandoning module ProjectSettingsViewer (404)
[2017.07.03-23.40.19:857][369]LogModuleManager: Shutting down and abandoning module ProjectTargetPlatformEditor (403)
[2017.07.03-23.40.19:857][369]LogModuleManager: Shutting down and abandoning module EditorSettingsViewer (400)
[2017.07.03-23.40.19:857][369]LogModuleManager: Shutting down and abandoning module SettingsEditor (398)
[2017.07.03-23.40.19:857][369]LogModuleManager: Shutting down and abandoning module ProjectLauncher (396)
[2017.07.03-23.40.19:857][369]LogModuleManager: Shutting down and abandoning module SessionFrontend (394)
[2017.07.03-23.40.19:857][369]LogModuleManager: Shutting down and abandoning module ProfilerClient (392)
[2017.07.03-23.40.19:857][369]LogModuleManager: Shutting down and abandoning module DeviceManager (390)
[2017.07.03-23.40.19:857][369]LogModuleManager: Shutting down and abandoning module TargetDeviceServices (389)
[2017.07.03-23.40.19:909][369]LogModuleManager: Shutting down and abandoning module AutomationController (386)
[2017.07.03-23.40.19:909][369]LogModuleManager: Shutting down and abandoning module AutomationWindow (384)
[2017.07.03-23.40.19:909][369]LogModuleManager: Shutting down and abandoning module Layers (382)
[2017.07.03-23.40.19:909][369]LogModuleManager: Shutting down and abandoning module ComponentVisualizers (380)
[2017.07.03-23.40.19:909][369]LogModuleManager: Shutting down and abandoning module DetailCustomizations (378)
[2017.07.03-23.40.19:909][369]LogModuleManager: Shutting down and abandoning module PackagesDialog (376)
[2017.07.03-23.40.19:909][369]LogModuleManager: Shutting down and abandoning module Persona (374)
[2017.07.03-23.40.19:909][369]LogModuleManager: Shutting down and abandoning module AdvancedPreviewScene (373)
[2017.07.03-23.40.19:909][369]LogModuleManager: Shutting down and abandoning module AnimGraph (371)
[2017.07.03-23.40.19:909][369]LogModuleManager: Shutting down and abandoning module Kismet (368)
[2017.07.03-23.40.19:910][369]LogModuleManager: Shutting down and abandoning module ClassViewer (366)
[2017.07.03-23.40.19:910][369]LogModuleManager: Shutting down and abandoning module Toolbox (364)
[2017.07.03-23.40.19:910][369]LogModuleManager: Shutting down and abandoning module ModuleUI (362)
[2017.07.03-23.40.19:910][369]LogModuleManager: Shutting down and abandoning module MovieSceneTools (360)
[2017.07.03-23.40.19:910][369]LogModuleManager: Shutting down and abandoning module OutputLog (358)
[2017.07.03-23.40.19:910][369]LogModuleManager: Shutting down and abandoning module GammaUI (356)
[2017.07.03-23.40.19:910][369]LogModuleManager: Shutting down and abandoning module Documentation (354)
[2017.07.03-23.40.19:910][369]LogModuleManager: Shutting down and abandoning module MovieSceneTracks (352)
[2017.07.03-23.40.19:910][369]LogModuleManager: Shutting down and abandoning module MovieScene (350)
[2017.07.03-23.40.19:910][369]LogModuleManager: Shutting down and abandoning module Niagara (348)
[2017.07.03-23.40.19:910][369]LogModuleManager: Shutting down and abandoning module NiagaraEditor (347)
[2017.07.03-23.40.19:910][369]LogModuleManager: Shutting down and abandoning module StreamingPauseRendering (344)
[2017.07.03-23.40.19:910][369]LogModuleManager: Shutting down and abandoning module AnalyticsET (342)
[2017.07.03-23.40.19:910][369]LogModuleManager: Shutting down and abandoning module PortalServices (340)
[2017.07.03-23.40.19:910][369]LogModuleManager: Shutting down and abandoning module PortalRpc (338)
[2017.07.03-23.40.19:910][369]LogModuleManager: Shutting down and abandoning module MessagingRpc (336)
[2017.07.03-23.40.19:910][369]LogModuleManager: Shutting down and abandoning module AIModule (334)
[2017.07.03-23.40.19:910][369]LogModuleManager: Shutting down and abandoning module GameplayDebugger (333)
[2017.07.03-23.40.19:910][369]LogModuleManager: Shutting down and abandoning module AITestSuite (331)
[2017.07.03-23.40.19:910][369]LogModuleManager: Shutting down and abandoning module ProfilerService (328)
[2017.07.03-23.40.20:152][369]LogModuleManager: Shutting down and abandoning module TaskGraph (326)
[2017.07.03-23.40.20:152][369]LogModuleManager: Shutting down and abandoning module SteamVRController (324)
[2017.07.03-23.40.20:152][369]LogModuleManager: Shutting down and abandoning module SteamVR (322)
[2017.07.03-23.40.20:152][369]LogModuleManager: Shutting down and abandoning module ProceduralMeshComponentEditor (320)
[2017.07.03-23.40.20:152][369]LogModuleManager: Shutting down and abandoning module ProceduralMeshComponent (318)
[2017.07.03-23.40.20:152][369]LogModuleManager: Shutting down and abandoning module OculusLibrary (316)
[2017.07.03-23.40.20:152][369]LogModuleManager: Shutting down and abandoning module OculusInput (314)
[2017.07.03-23.40.20:152][369]LogModuleManager: Shutting down and abandoning module MobilePatchingUtils (312)
[2017.07.03-23.40.20:152][369]LogModuleManager: Shutting down and abandoning module CustomMeshComponent (310)
[2017.07.03-23.40.20:152][369]LogModuleManager: Shutting down and abandoning module CableComponent (308)
[2017.07.03-23.40.20:152][369]LogModuleManager: Shutting down and abandoning module ArchVisCharacter (306)
[2017.07.03-23.40.20:152][369]LogModuleManager: Shutting down and abandoning module AndroidPermission (304)
[2017.07.03-23.40.20:152][369]LogModuleManager: Shutting down and abandoning module MediaPlayerEditor (300)
[2017.07.03-23.40.20:152][369]LogModuleManager: Shutting down and abandoning module HTML5Networking (298)
[2017.07.03-23.40.20:152][369]LogModuleManager: Shutting down and abandoning module AlembicImporter (296)
[2017.07.03-23.40.20:152][369]LogModuleManager: Shutting down and abandoning module AlembicLibrary (295)
[2017.07.03-23.40.20:152][369]LogModuleManager: Shutting down and abandoning module GeometryCache (294)
[2017.07.03-23.40.20:152][369]LogModuleManager: Shutting down and abandoning module GeometryCacheEd (293)
[2017.07.03-23.40.20:152][369]LogModuleManager: Shutting down and abandoning module SuperSearchEditor (288)
[2017.07.03-23.40.20:152][369]LogModuleManager: Shutting down and abandoning module SuperSearch (287)
[2017.07.03-23.40.20:152][369]LogModuleManager: Shutting down and abandoning module SpeedTreeImporter (284)
[2017.07.03-23.40.20:152][369]LogModuleManager: Shutting down and abandoning module PluginBrowser (282)
[2017.07.03-23.40.20:152][369]LogModuleManager: Shutting down and abandoning module MobileLauncherProfileWizard (280)
[2017.07.03-23.40.20:152][369]LogModuleManager: Shutting down and abandoning module VisualStudioSourceCodeAccess (278)
[2017.07.03-23.40.20:152][369]LogModuleManager: Shutting down and abandoning module DesktopPlatform (277)
[2017.07.03-23.40.20:152][369]LogModuleManager: Shutting down and abandoning module UObjectPlugin (274)
[2017.07.03-23.40.20:152][369]LogModuleManager: Shutting down and abandoning module SubversionSourceControl (272)
[2017.07.03-23.40.20:152][369]LogModuleManager: Shutting down and abandoning module PerforceSourceControl (270)
[2017.07.03-23.40.20:152][369]LogModuleManager: Shutting down and abandoning module GitSourceControl (268)
[2017.07.03-23.40.20:152][369]LogModuleManager: Shutting down and abandoning module SourceControl (267)
[2017.07.03-23.40.20:152][369]LogModuleManager: Shutting down and abandoning module LightPropagationVolumeEditor (264)
[2017.07.03-23.40.20:152][369]LogModuleManager: Shutting down and abandoning module PaperTiledImporter (262)
[2017.07.03-23.40.20:152][369]LogModuleManager: Shutting down and abandoning module PaperSpriteSheetImporter (260)
[2017.07.03-23.40.20:152][369]LogModuleManager: Shutting down and abandoning module Paper2DEditor (258)
[2017.07.03-23.40.20:152][369]LogModuleManager: Shutting down and abandoning module MeshPaint (257)
[2017.07.03-23.40.20:152][369]LogModuleManager: Shutting down and abandoning module LevelEditor (255)
[2017.07.03-23.40.20:153][369]LogModuleManager: Shutting down and abandoning module PixelInspectorModule (254)
[2017.07.03-23.40.20:153][369]LogModuleManager: Shutting down and abandoning module MainFrame (252)
[2017.07.03-23.40.20:153][369]LogModuleManager: Shutting down and abandoning module HotReload (251)
[2017.07.03-23.40.20:153][369]LogModuleManager: Shutting down and abandoning module PhysXVehiclesEditor (246)
[2017.07.03-23.40.20:153][369]LogModuleManager: Shutting down and abandoning module PhysXVehicles (244)
[2017.07.03-23.40.20:153][369]LogModuleManager: Shutting down and abandoning module LocationServicesBPLibrary (242)
[2017.07.03-23.40.20:153][369]LogModuleManager: Shutting down and abandoning module ImmediatePhysicsEditor (240)
[2017.07.03-23.40.20:153][369]LogModuleManager: Shutting down and abandoning module ImmediatePhysics (238)
[2017.07.03-23.40.20:153][369]LogModuleManager: Shutting down and abandoning module UdpMessaging (236)
[2017.07.03-23.40.20:254][369]LogModuleManager: Shutting down and abandoning module TcpMessaging (234)
[2017.07.03-23.40.20:355][369]LogModuleManager: Shutting down and abandoning module GameplayTagsEditor (232)
[2017.07.03-23.40.20:355][369]LogModuleManager: Shutting down and abandoning module FacialAnimationEditor (230)
[2017.07.03-23.40.20:355][369]LogModuleManager: Shutting down and abandoning module FacialAnimation (228)
[2017.07.03-23.40.20:355][369]LogModuleManager: Shutting down and abandoning module AssetManagerEditor (226)
[2017.07.03-23.40.20:355][369]LogModuleManager: Shutting down and abandoning module GraphEditor (225)
[2017.07.03-23.40.20:355][369]LogModuleManager: Shutting down and abandoning module ContentBrowser (223)
[2017.07.03-23.40.20:355][369]LogModuleManager: Shutting down and abandoning module LightPropagationVolumeRuntime (220)
[2017.07.03-23.40.20:355][369]LogModuleManager: Shutting down and abandoning module Paper2D (218)
[2017.07.03-23.40.20:355][369]LogModuleManager: Shutting down and abandoning module WindowsMoviePlayer (216)
[2017.07.03-23.40.20:355][369]LogModuleManager: Shutting down and abandoning module WmfMedia (214)
[2017.07.03-23.40.20:355][369]LogModuleManager: Shutting down and abandoning module ClothingSystemEditor (212)
[2017.07.03-23.40.20:355][369]LogModuleManager: Shutting down and abandoning module ClothingSystemRuntime (210)
[2017.07.03-23.40.20:356][369]LogModuleManager: Shutting down and abandoning module MediaAssets (208)
[2017.07.03-23.40.20:356][369]LogModuleManager: Shutting down and abandoning module GameLiveStreaming (206)
[2017.07.03-23.40.20:356][369]LogModuleManager: Shutting down and abandoning module VREditor (204)
[2017.07.03-23.40.20:356][369]LogModuleManager: Shutting down and abandoning module StringTableEditor (202)
[2017.07.03-23.40.20:356][369]LogModuleManager: Shutting down and abandoning module GameplayTasksEditor (200)
[2017.07.03-23.40.20:356][369]LogModuleManager: Shutting down and abandoning module BehaviorTreeEditor (198)
[2017.07.03-23.40.20:356][369]LogModuleManager: Shutting down and abandoning module FunctionalTesting (196)
[2017.07.03-23.40.20:356][369]LogModuleManager: Shutting down and abandoning module CollisionAnalyzer (194)
[2017.07.03-23.40.20:356][369]LogModuleManager: Shutting down and abandoning module UMG (192)
[2017.07.03-23.40.20:356][369]LogModuleManager: Shutting down and abandoning module UMGEditor (191)
[2017.07.03-23.40.20:356][369]LogModuleManager: Shutting down and abandoning module Sequencer (190)
[2017.07.03-23.40.20:356][369]LogModuleManager: Shutting down and abandoning module AssetTools (188)
[2017.07.03-23.40.20:356][369]LogModuleManager: Shutting down and abandoning module MessageLog (187)
[2017.07.03-23.40.20:356][369]LogModuleManager: Shutting down and abandoning module WorkspaceMenuStructure (186)
[2017.07.03-23.40.20:356][369]LogModuleManager: Shutting down and abandoning module SlateReflector (180)
[2017.07.03-23.40.20:356][369]LogModuleManager: Shutting down and abandoning module Slate (178)
[2017.07.03-23.40.20:356][369]LogModuleManager: Shutting down and abandoning module EditorStyle (176)
[2017.07.03-23.40.20:357][369]LogModuleManager: Shutting down and abandoning module SourceCodeAccess (174)
[2017.07.03-23.40.20:357][369]LogModuleManager: Shutting down and abandoning module HeadMountedDisplay (172)
[2017.07.03-23.40.20:357][369]LogModuleManager: Shutting down and abandoning module XAudio2 (170)
[2017.07.03-23.40.20:357][369]LogModuleManager: Shutting down and abandoning module Networking (168)
[2017.07.03-23.40.20:357][369]LogModuleManager: Shutting down and abandoning module Core (164)
[2017.07.03-23.40.20:357][369]LogModuleManager: Shutting down and abandoning module AssetRegistry (162)
[2017.07.03-23.40.20:435][369]LogDirectoryWatcher: A directory notification for '../../../Engine/Content/' was aborted.
[2017.07.03-23.40.20:435][369]LogDirectoryWatcher: A directory notification for 'C:/Users/Thomas/Documents/GitHub/UE4GameJam/UE4SummerGameJam/Content/' was aborted.
[2017.07.03-23.40.20:435][369]LogDirectoryWatcher: A directory notification for '../../../Engine/Plugins/2D/Paper2D/Content/' was aborted.
[2017.07.03-23.40.20:435][369]LogDirectoryWatcher: A directory notification for '../../../Engine/Plugins/Runtime/GearVR/Content/' was aborted.
[2017.07.03-23.40.20:437][369]LogModuleManager: Shutting down and abandoning module DirectoryWatcher (161)
[2017.07.03-23.40.20:437][369]LogModuleManager: Shutting down and abandoning module KismetCompiler (158)
[2017.07.03-23.40.20:437][369]LogModuleManager: Shutting down and abandoning module LevelSequence (156)
[2017.07.03-23.40.20:437][369]LogModuleManager: Shutting down and abandoning module PhysXFormats (154)
[2017.07.03-23.40.20:437][369]LogModuleManager: Shutting down and abandoning module MeshUtilities (152)
[2017.07.03-23.40.20:437][369]LogModuleManager: Shutting down and abandoning module SimplygonSwarm (151)
[2017.07.03-23.40.20:437][369]LogModuleManager: Shutting down and abandoning module SimplygonMeshReduction (149)
[2017.07.03-23.40.20:437][369]LogModuleManager: Shutting down and abandoning module QuadricMeshReduction (147)
[2017.07.03-23.40.20:437][369]LogModuleManager: Shutting down and abandoning module DerivedDataCache (144)
[2017.07.03-23.40.20:457][369]LogDerivedDataCache: Shutdown
[2017.07.03-23.40.20:457][369]LogModuleManager: Shutting down and abandoning module TargetPlatform (142)
[2017.07.03-23.40.20:457][369]LogModuleManager: Shutting down and abandoning module VulkanShaderFormat (141)
[2017.07.03-23.40.20:457][369]LogModuleManager: Shutting down and abandoning module ShaderFormatVectorVM (139)
[2017.07.03-23.40.20:457][369]LogModuleManager: Shutting down and abandoning module ShaderFormatOpenGL (137)
[2017.07.03-23.40.20:457][369]LogModuleManager: Shutting down and abandoning module ShaderFormatD3D (135)
[2017.07.03-23.40.20:457][369]LogModuleManager: Shutting down and abandoning module MetalShaderFormat (133)
[2017.07.03-23.40.20:457][369]LogModuleManager: Shutting down and abandoning module TextureFormatUncompressed (131)
[2017.07.03-23.40.20:457][369]LogModuleManager: Shutting down and abandoning module TextureFormatPVR (129)
[2017.07.03-23.40.20:457][369]LogModuleManager: Shutting down and abandoning module TextureFormatDXT (127)
[2017.07.03-23.40.20:457][369]LogModuleManager: Shutting down and abandoning module TextureFormatIntelISPCTexComp (125)
[2017.07.03-23.40.20:457][369]LogModuleManager: Shutting down and abandoning module TextureFormatASTC (123)
[2017.07.03-23.40.20:457][369]LogModuleManager: Shutting down and abandoning module ImageWrapper (122)
[2017.07.03-23.40.20:457][369]LogModuleManager: Shutting down and abandoning module TextureFormatAndroid (119)
[2017.07.03-23.40.20:457][369]LogModuleManager: Shutting down and abandoning module AudioFormatOpus (117)
[2017.07.03-23.40.20:457][369]LogModuleManager: Shutting down and abandoning module AudioFormatOgg (115)
[2017.07.03-23.40.20:457][369]LogModuleManager: Shutting down and abandoning module AudioFormatADPCM (113)
[2017.07.03-23.40.20:457][369]LogModuleManager: Shutting down and abandoning module LinuxTargetPlatform (111)
[2017.07.03-23.40.20:457][369]LogModuleManager: Shutting down and abandoning module LinuxServerTargetPlatform (109)
[2017.07.03-23.40.20:457][369]LogModuleManager: Shutting down and abandoning module LinuxNoEditorTargetPlatform (107)
[2017.07.03-23.40.20:457][369]LogModuleManager: Shutting down and abandoning module LinuxClientTargetPlatform (105)
[2017.07.03-23.40.20:457][369]LogModuleManager: Shutting down and abandoning module TVOSTargetPlatform (103)
[2017.07.03-23.40.20:457][369]LogModuleManager: Shutting down and abandoning module Messaging (101)
[2017.07.03-23.40.20:457][369]LogModuleManager: Shutting down and abandoning module IOSTargetPlatform (99)
[2017.07.03-23.40.20:457][369]LogModuleManager: Shutting down and abandoning module HTML5TargetPlatform (97)
[2017.07.03-23.40.20:457][369]LogModuleManager: Shutting down and abandoning module Android_PVRTCTargetPlatform (95)
[2017.07.03-23.40.20:457][369]LogModuleManager: Shutting down and abandoning module Android_MultiTargetPlatform (93)
[2017.07.03-23.40.20:457][369]LogModuleManager: Shutting down and abandoning module Android_ETC2TargetPlatform (91)
[2017.07.03-23.40.20:457][369]LogModuleManager: Shutting down and abandoning module Android_ETC1TargetPlatform (89)
[2017.07.03-23.40.20:457][369]LogModuleManager: Shutting down and abandoning module Android_DXTTargetPlatform (87)
[2017.07.03-23.40.20:457][369]LogModuleManager: Shutting down and abandoning module Android_ATCTargetPlatform (85)
[2017.07.03-23.40.20:457][369]LogModuleManager: Shutting down and abandoning module Android_ASTCTargetPlatform (83)
[2017.07.03-23.40.20:457][369]LogModuleManager: Shutting down and abandoning module AndroidTargetPlatform (81)
[2017.07.03-23.40.20:457][369]LogModuleManager: Shutting down and abandoning module WindowsTargetPlatform (79)
[2017.07.03-23.40.20:457][369]LogModuleManager: Shutting down and abandoning module WindowsServerTargetPlatform (77)
[2017.07.03-23.40.20:457][369]LogModuleManager: Shutting down and abandoning module WindowsNoEditorTargetPlatform (75)
[2017.07.03-23.40.20:457][369]LogModuleManager: Shutting down and abandoning module WindowsClientTargetPlatform (73)
[2017.07.03-23.40.20:457][369]LogModuleManager: Shutting down and abandoning module MacTargetPlatform (71)
[2017.07.03-23.40.20:457][369]LogModuleManager: Shutting down and abandoning module MacServerTargetPlatform (69)
[2017.07.03-23.40.20:457][369]LogModuleManager: Shutting down and abandoning module MacNoEditorTargetPlatform (67)
[2017.07.03-23.40.20:458][369]LogModuleManager: Shutting down and abandoning module MacClientTargetPlatform (65)
[2017.07.03-23.40.20:458][369]LogModuleManager: Shutting down and abandoning module AllDesktopTargetPlatform (63)
[2017.07.03-23.40.20:458][369]LogModuleManager: Shutting down and abandoning module InputCore (60)
[2017.07.03-23.40.20:458][369]LogModuleManager: Shutting down and abandoning module Settings (58)
[2017.07.03-23.40.20:458][369]LogModuleManager: Shutting down and abandoning module OculusRift (56)
[2017.07.03-23.40.20:458][369]LogModuleManager: Shutting down and abandoning module GearVRController (54)
[2017.07.03-23.40.20:458][369]LogModuleManager: Shutting down and abandoning module GearVR (52)
[2017.07.03-23.40.20:458][369]LogModuleManager: Shutting down and abandoning module ExampleDeviceProfileSelector (50)
[2017.07.03-23.40.20:458][369]LogModuleManager: Shutting down and abandoning module OnlineBlueprintSupport (48)
[2017.07.03-23.40.20:458][369]LogModuleManager: Shutting down and abandoning module OnlineSubsystem (44)
[2017.07.03-23.40.20:458][369]LogOnline:Display: Unloading online subsystem: NULL
[2017.07.03-23.40.20:458][369]LogModuleManager: Shutting down and abandoning module XMPP (43)
[2017.07.03-23.40.20:458][369]LogModuleManager: Shutting down and abandoning module HTTP (41)
[2017.07.03-23.40.20:458][369]LogHttp:Display: Http module shutting down, but needs to wait on 1 outstanding Http requests:
[2017.07.03-23.40.20:458][369]LogHttp:Display: 	verb=[POST] url=[https://datarouter.ol.epicgames.com/datarouter/api/v1/public/data?SessionID=%7B3FAC44AE-4803-455A-0531-8E923F315B02%7D&AppID=UEEditor.Rocket.Release&AppVersion=4.16.2-3514769%2B%2B%2BUE4%2BRelease-4.16&UserID=6e5f6360408cc2a1bfc735a42245f457%7Cb66698a78f3042e99774157a279a4c1a%7C542282de-36a8-4d60-b5f9-dfe325545b3f&AppEnvironment=datacollector-binary&UploadType=eteventstream] status=Processing
[2017.07.03-23.40.20:492][369]LogModuleManager: Shutting down and abandoning module SSL (40)
[2017.07.03-23.40.20:494][369]LogModuleManager: Shutting down and abandoning module HTTPChunkInstaller (36)
[2017.07.03-23.40.20:494][369]LogModuleManager: Shutting down and abandoning module AnimationModifiers (34)
[2017.07.03-23.40.20:494][369]LogModuleManager: Shutting down and abandoning module PropertyEditor (33)
[2017.07.03-23.40.20:494][369]LogModuleManager: Shutting down and abandoning module AudioEditor (30)
[2017.07.03-23.40.20:494][369]LogModuleManager: Shutting down and abandoning module TextureCompressor (28)
[2017.07.03-23.40.20:494][369]LogModuleManager: Shutting down and abandoning module ShaderCore (26)
[2017.07.03-23.40.20:494][369]LogModuleManager: Shutting down and abandoning module Landscape (24)
[2017.07.03-23.40.20:494][369]LogModuleManager: Shutting down and abandoning module SlateRHIRenderer (22)
[2017.07.03-23.40.20:495][369]LogModuleManager: Shutting down and abandoning module OpenGLDrv (20)
[2017.07.03-23.40.20:495][369]LogModuleManager: Shutting down and abandoning module D3D11RHI (18)
[2017.07.03-23.40.20:495][369]LogModuleManager: Shutting down and abandoning module AnimGraphRuntime (16)
[2017.07.03-23.40.20:495][369]LogModuleManager: Shutting down and abandoning module Renderer (14)
[2017.07.03-23.40.20:495][369]LogModuleManager: Shutting down and abandoning module Engine (12)
[2017.07.03-23.40.20:495][369]LogModuleManager: Shutting down and abandoning module CoreUObject (10)
[2017.07.03-23.40.20:495][369]LogModuleManager: Shutting down and abandoning module NetworkFile (8)
[2017.07.03-23.40.20:495][369]LogModuleManager: Shutting down and abandoning module StreamingFile (6)
[2017.07.03-23.40.20:495][369]LogModuleManager: Shutting down and abandoning module SandboxFile (4)
[2017.07.03-23.40.20:495][369]LogModuleManager: Shutting down and abandoning module PakFile (2)
[2017.07.03-23.40.20:497][369]LogExit: Exiting.
[2017.07.03-23.40.20:508][369]Log file closed, 07/03/17 17:40:20
